<?xml version="1.0"?>
<testsuites>
  <testsuite name="PhantomJS 1.9.8 (Windows 7)" package="" timestamp="2015-03-19T20:34:42" id="0" hostname="AFEQUIERE00477" tests="224" errors="0" failures="0" time="5.758">
    <properties>
      <property name="browser.fullName" value="Mozilla/5.0 (Windows NT 6.1; WOW64) AppleWebKit/534.34 (KHTML, like Gecko) PhantomJS/1.9.8 Safari/534.34"/>
    </properties>
    <testcase name="should provide an empty implementation of storage if it is not provided" time="0.015" classname="PhantomJS 1.9.8 (Windows 7).Factory: LayoutStorage the constructor"/>
    <testcase name="should set a subset of the options directly on the LayoutStorage instance itself" time="0.005" classname="PhantomJS 1.9.8 (Windows 7).Factory: LayoutStorage the constructor"/>
    <testcase name="should set stringify as true by default" time="0.003" classname="PhantomJS 1.9.8 (Windows 7).Factory: LayoutStorage the constructor"/>
    <testcase name="should allow stringify to be overridden by option" time="0.003" classname="PhantomJS 1.9.8 (Windows 7).Factory: LayoutStorage the constructor"/>
    <testcase name="should create a layouts array and states object" time="0.003" classname="PhantomJS 1.9.8 (Windows 7).Factory: LayoutStorage the constructor"/>
    <testcase name="should call load" time="0.003" classname="PhantomJS 1.9.8 (Windows 7).Factory: LayoutStorage the constructor"/>
    <testcase name="should use the default layouts if no stored info was found" time="0.002" classname="PhantomJS 1.9.8 (Windows 7).Factory: LayoutStorage the load method"/>
    <testcase name="should clone default layouts rather than use them directly" time="0.003" classname="PhantomJS 1.9.8 (Windows 7).Factory: LayoutStorage the load method"/>
    <testcase name="should use the result from getItem for layouts." time="0.013" classname="PhantomJS 1.9.8 (Windows 7).Factory: LayoutStorage the load method"/>
    <testcase name="should NOT use result from getItem for layouts if the storageHash doesnt match" time="0.004" classname="PhantomJS 1.9.8 (Windows 7).Factory: LayoutStorage the load method"/>
    <testcase name="should be able to handle async loading via promise" time="0.007" classname="PhantomJS 1.9.8 (Windows 7).Factory: LayoutStorage the load method"/>
    <testcase name="should load defaults if the deferred is rejected" time="0.005" classname="PhantomJS 1.9.8 (Windows 7).Factory: LayoutStorage the load method"/>
    <testcase name="should load defaults if the json is malformed" time="0.004" classname="PhantomJS 1.9.8 (Windows 7).Factory: LayoutStorage the load method"/>
    <testcase name="should not try to JSON.parse the result if stringifyStorage is false." time="0.005" classname="PhantomJS 1.9.8 (Windows 7).Factory: LayoutStorage the load method"/>
    <testcase name="should add to storage.layouts" time="0.004" classname="PhantomJS 1.9.8 (Windows 7).Factory: LayoutStorage the add method"/>
    <testcase name="should be able to take an array of new layouts" time="0.003" classname="PhantomJS 1.9.8 (Windows 7).Factory: LayoutStorage the add method"/>
    <testcase name="should look for defaultWidgets on storage options if not supplied on layout definition" time="0.003" classname="PhantomJS 1.9.8 (Windows 7).Factory: LayoutStorage the add method"/>
    <testcase name="should use defaultWidgets if supplied in the layout definition" time="0.011" classname="PhantomJS 1.9.8 (Windows 7).Factory: LayoutStorage the add method"/>
    <testcase name="should remove the supplied layout" time="0.006" classname="PhantomJS 1.9.8 (Windows 7).Factory: LayoutStorage the remove method"/>
    <testcase name="should delete the state" time="0.004" classname="PhantomJS 1.9.8 (Windows 7).Factory: LayoutStorage the remove method"/>
    <testcase name="should do nothing if layout is not in layouts" time="0.012" classname="PhantomJS 1.9.8 (Windows 7).Factory: LayoutStorage the remove method"/>
    <testcase name="should set another dashboard to active if the layout removed was active" time="0.004" classname="PhantomJS 1.9.8 (Windows 7).Factory: LayoutStorage the remove method"/>
    <testcase name="should set the layout at index 0 to active if the removed layout was 0" time="0.004" classname="PhantomJS 1.9.8 (Windows 7).Factory: LayoutStorage the remove method"/>
    <testcase name="should not change the active layout if it was not the one that got removed" time="0.003" classname="PhantomJS 1.9.8 (Windows 7).Factory: LayoutStorage the remove method"/>
    <testcase name="should call options.storage.setItem with a stringified object" time="0.003" classname="PhantomJS 1.9.8 (Windows 7).Factory: LayoutStorage the save method"/>
    <testcase name="should save an object that has layouts, states, and storageHash" time="0.004" classname="PhantomJS 1.9.8 (Windows 7).Factory: LayoutStorage the save method"/>
    <testcase name="should call options.storage.setItem with an object when stringifyStorage is false" time="0.004" classname="PhantomJS 1.9.8 (Windows 7).Factory: LayoutStorage the save method"/>
    <testcase name="should set storage.states[id] to the second argument" time="0.004" classname="PhantomJS 1.9.8 (Windows 7).Factory: LayoutStorage the setItem method"/>
    <testcase name="should call save" time="0.004" classname="PhantomJS 1.9.8 (Windows 7).Factory: LayoutStorage the setItem method"/>
    <testcase name="should return states[id]" time="0.007" classname="PhantomJS 1.9.8 (Windows 7).Factory: LayoutStorage the getItem method"/>
    <testcase name="should return the layout with active:true" time="0.005" classname="PhantomJS 1.9.8 (Windows 7).Factory: LayoutStorage the getActiveLayout method"/>
    <testcase name="should return false if no layout is active" time="0.003" classname="PhantomJS 1.9.8 (Windows 7).Factory: LayoutStorage the getActiveLayout method"/>
    <testcase name="should remove states[id]" time="0.005" classname="PhantomJS 1.9.8 (Windows 7).Factory: LayoutStorage the removeItem"/>
    <testcase name="should call save" time="0.012" classname="PhantomJS 1.9.8 (Windows 7).Factory: LayoutStorage the removeItem"/>
    <testcase name="should set the injected layout to scope.layout" time="0.005" classname="PhantomJS 1.9.8 (Windows 7).Controller: SaveChangesModalCtrl"/>
    <testcase name="should be a function" time="0.004" classname="PhantomJS 1.9.8 (Windows 7).Controller: SaveChangesModalCtrl the ok method"/>
    <testcase name="should call close" time="0.004" classname="PhantomJS 1.9.8 (Windows 7).Controller: SaveChangesModalCtrl the ok method"/>
    <testcase name="should be a function" time="0.004" classname="PhantomJS 1.9.8 (Windows 7).Controller: SaveChangesModalCtrl the cancel function"/>
    <testcase name="should call dismiss" time="0.004" classname="PhantomJS 1.9.8 (Windows 7).Controller: SaveChangesModalCtrl the cancel function"/>
    <testcase name="should not require storage" time="0.109" classname="PhantomJS 1.9.8 (Windows 7).Directive: dashboard-layouts"/>
    <testcase name="should be able to use a different dashboard-layouts template" time="0.053" classname="PhantomJS 1.9.8 (Windows 7).Directive: dashboard-layouts"/>
    <testcase name="should set the first dashboard to active if there is not one already active" time="0.073" classname="PhantomJS 1.9.8 (Windows 7).Directive: dashboard-layouts"/>
    <testcase name="should call the add and save methods of LayoutStorage" time="0.039" classname="PhantomJS 1.9.8 (Windows 7).Directive: dashboard-layouts the createNewLayout method"/>
    <testcase name="should return the newly created layout object" time="0.034" classname="PhantomJS 1.9.8 (Windows 7).Directive: dashboard-layouts the createNewLayout method"/>
    <testcase name="should set active=true on the newly created layout" time="0.031" classname="PhantomJS 1.9.8 (Windows 7).Directive: dashboard-layouts the createNewLayout method"/>
    <testcase name="should set defaultWidgets to dashboardOptions.defaultWidgets if it is present" time="0.056" classname="PhantomJS 1.9.8 (Windows 7).Directive: dashboard-layouts the createNewLayout method"/>
    <testcase name="should set defaultWidgets to an empty array if dashboardOptions.defaultWidgets is not present" time="0.093" classname="PhantomJS 1.9.8 (Windows 7).Directive: dashboard-layouts the createNewLayout method"/>
    <testcase name="should call the remove and save methods of LayoutStorage" time="0.036" classname="PhantomJS 1.9.8 (Windows 7).Directive: dashboard-layouts the removeLayout method"/>
    <testcase name="should call remove with the layout it was passed" time="0.027" classname="PhantomJS 1.9.8 (Windows 7).Directive: dashboard-layouts the removeLayout method"/>
    <testcase name="should call _makeLayoutActive if there is not a currently active dashboard with unsaved changes" time="0.025" classname="PhantomJS 1.9.8 (Windows 7).Directive: dashboard-layouts the makeLayoutActive method"/>
    <testcase name="should create a modal" time="0.065" classname="PhantomJS 1.9.8 (Windows 7).Directive: dashboard-layouts the makeLayoutActive method when there are unsaved changes on the current dashboard"/>
    <testcase name="should resolve layout to the layout to be made active" time="0.032" classname="PhantomJS 1.9.8 (Windows 7).Directive: dashboard-layouts the makeLayoutActive method when there are unsaved changes on the current dashboard"/>
    <testcase name="should provide a success callback that saves the current dashboard and then calls _makeLayoutActive" time="0.035" classname="PhantomJS 1.9.8 (Windows 7).Directive: dashboard-layouts the makeLayoutActive method when there are unsaved changes on the current dashboard"/>
    <testcase name="should provide an error callback that only calls _makeLayoutActive" time="0.032" classname="PhantomJS 1.9.8 (Windows 7).Directive: dashboard-layouts the makeLayoutActive method when there are unsaved changes on the current dashboard"/>
    <testcase name="should set the editingTitle attribute to true on the layout it is passed" time="0.027" classname="PhantomJS 1.9.8 (Windows 7).Directive: dashboard-layouts the editTitle method"/>
    <testcase name="should set editingTitle to false" time="0.028" classname="PhantomJS 1.9.8 (Windows 7).Directive: dashboard-layouts the saveTitleEdit method"/>
    <testcase name="should call layoutStorage.save" time="0.065" classname="PhantomJS 1.9.8 (Windows 7).Directive: dashboard-layouts the saveTitleEdit method"/>
    <testcase name="should call LayoutStorage.save" time="0.034" classname="PhantomJS 1.9.8 (Windows 7).Directive: dashboard-layouts the saveLayouts method"/>
    <testcase name="should call LayoutStorage.save with true as the first arg" time="0.028" classname="PhantomJS 1.9.8 (Windows 7).Directive: dashboard-layouts the saveLayouts method"/>
    <testcase name="should call dashboard.addWidget method of the active layout" time="0.036" classname="PhantomJS 1.9.8 (Windows 7).Directive: dashboard-layouts the proxy methods to active layout the addWidget method"/>
    <testcase name="should do nothing if there is no active layout" time="0.036" classname="PhantomJS 1.9.8 (Windows 7).Directive: dashboard-layouts the proxy methods to active layout the addWidget method"/>
    <testcase name="should call dashboard.loadWidgets of the current layout" time="0.034" classname="PhantomJS 1.9.8 (Windows 7).Directive: dashboard-layouts the proxy methods to active layout the loadWidgets method"/>
    <testcase name="should do nothing if there is no active layout" time="0.032" classname="PhantomJS 1.9.8 (Windows 7).Directive: dashboard-layouts the proxy methods to active layout the loadWidgets method"/>
    <testcase name="should call dashboard.saveDashboard of the current layout" time="0.029" classname="PhantomJS 1.9.8 (Windows 7).Directive: dashboard-layouts the proxy methods to active layout the saveDashboard method"/>
    <testcase name="should do nothing if there is no active layout" time="0.028" classname="PhantomJS 1.9.8 (Windows 7).Directive: dashboard-layouts the proxy methods to active layout the saveDashboard method"/>
    <testcase name="should have toolbar" time="0.073" classname="PhantomJS 1.9.8 (Windows 7).Directive: dashboard"/>
    <testcase name="should have UI.Sortable directive" time="0.026" classname="PhantomJS 1.9.8 (Windows 7).Directive: dashboard"/>
    <testcase name="should render widgets" time="0.023" classname="PhantomJS 1.9.8 (Windows 7).Directive: dashboard"/>
    <testcase name="should evaluate widget expressions" time="0.027" classname="PhantomJS 1.9.8 (Windows 7).Directive: dashboard"/>
    <testcase name="should evaluate scope expressions" time="0.094" classname="PhantomJS 1.9.8 (Windows 7).Directive: dashboard"/>
    <testcase name="should fill options with defaults" time="0.079" classname="PhantomJS 1.9.8 (Windows 7).Directive: dashboard"/>
    <testcase name="should not overwrite specified options with defaults" time="0.065" classname="PhantomJS 1.9.8 (Windows 7).Directive: dashboard"/>
    <testcase name="should be able to use a different dashboard template" time="0.035" classname="PhantomJS 1.9.8 (Windows 7).Directive: dashboard"/>
    <testcase name="should set scope.widgets to an empty array if no defaultWidgets are specified" time="0.033" classname="PhantomJS 1.9.8 (Windows 7).Directive: dashboard"/>
    <testcase name="should set options.unsavedChangeCount to 0 upon load" time="0.033" classname="PhantomJS 1.9.8 (Windows 7).Directive: dashboard"/>
    <testcase name="should not call saveDashboard on load" time="0.039" classname="PhantomJS 1.9.8 (Windows 7).Directive: dashboard"/>
    <testcase name="should exist" time="0.017" classname="PhantomJS 1.9.8 (Windows 7).Directive: dashboard the sortableOptions"/>
    <testcase name="should be possible to be extendable from the dashboardOptions" time="0.093" classname="PhantomJS 1.9.8 (Windows 7).Directive: dashboard the sortableOptions"/>
    <testcase name="should have a stop function that calls $scope.saveDashboard" time="0.025" classname="PhantomJS 1.9.8 (Windows 7).Directive: dashboard the sortableOptions"/>
    <testcase name="should be a function" time="0.025" classname="PhantomJS 1.9.8 (Windows 7).Directive: dashboard the addWidget function"/>
    <testcase name="should throw if no default widgetDefinition was found" time="0.026" classname="PhantomJS 1.9.8 (Windows 7).Directive: dashboard the addWidget function"/>
    <testcase name="should look to the passed widgetToInstantiate object for the title before anything else" time="0.025" classname="PhantomJS 1.9.8 (Windows 7).Directive: dashboard the addWidget function"/>
    <testcase name="should use the defaultWidget&apos;s title second" time="0.022" classname="PhantomJS 1.9.8 (Windows 7).Directive: dashboard the addWidget function"/>
    <testcase name="should call the saveDashboard method (internal)" time="0.026" classname="PhantomJS 1.9.8 (Windows 7).Directive: dashboard the addWidget function"/>
    <testcase name="should keep overrides from widgetPassed" time="0.027" classname="PhantomJS 1.9.8 (Windows 7).Directive: dashboard the addWidget function @awashbrook Test Case"/>
    <testcase name="should fill in default attrs" time="0.025" classname="PhantomJS 1.9.8 (Windows 7).Directive: dashboard the addWidget function @awashbrook Test Case"/>
    <testcase name="should override deep options in dataModelOptions" time="0.023" classname="PhantomJS 1.9.8 (Windows 7).Directive: dashboard the addWidget function @awashbrook Test Case"/>
    <testcase name="should fill in deep default attrs" time="0.025" classname="PhantomJS 1.9.8 (Windows 7).Directive: dashboard the addWidget function @awashbrook Test Case"/>
    <testcase name="should prevent save from being called if set to true" time="0.026" classname="PhantomJS 1.9.8 (Windows 7).Directive: dashboard the addWidget function the doNotSave parameter"/>
    <testcase name="should be a function" time="0.022" classname="PhantomJS 1.9.8 (Windows 7).Directive: dashboard the removeWidget function"/>
    <testcase name="should remove the provided widget from childScope.widgets array" time="0.032" classname="PhantomJS 1.9.8 (Windows 7).Directive: dashboard the removeWidget function"/>
    <testcase name="should call saveDashboard" time="0.022" classname="PhantomJS 1.9.8 (Windows 7).Directive: dashboard the removeWidget function"/>
    <testcase name="should be attached to the options object after initialization" time="0.019" classname="PhantomJS 1.9.8 (Windows 7).Directive: dashboard the saveDashboard function"/>
    <testcase name="should call scope.dashboardState.save when called internally if explicitSave is falsey" time="0.018" classname="PhantomJS 1.9.8 (Windows 7).Directive: dashboard the saveDashboard function"/>
    <testcase name="should not call scope.dashboardState.save when called internally if explicitSave is truthy" time="0.022" classname="PhantomJS 1.9.8 (Windows 7).Directive: dashboard the saveDashboard function"/>
    <testcase name="should call scope.dashboardState.save when called externally, no matter what explicitSave value is" time="0.025" classname="PhantomJS 1.9.8 (Windows 7).Directive: dashboard the saveDashboard function"/>
    <testcase name="should keep a count of unsaved changes as unsavedChangeCount" time="0.122" classname="PhantomJS 1.9.8 (Windows 7).Directive: dashboard the saveDashboard function"/>
    <testcase name="should reset the cound of unsaved changes if a successful force save occurs" time="0.027" classname="PhantomJS 1.9.8 (Windows 7).Directive: dashboard the saveDashboard function"/>
    <testcase name="should be a function" time="0.028" classname="PhantomJS 1.9.8 (Windows 7).Directive: dashboard the loadWidgets function"/>
    <testcase name="should set savedWidgetDefs on scope as passed array" time="0.025" classname="PhantomJS 1.9.8 (Windows 7).Directive: dashboard the loadWidgets function"/>
    <testcase name="should call clear on the scope with true as the only argument" time="0.104" classname="PhantomJS 1.9.8 (Windows 7).Directive: dashboard the loadWidgets function"/>
    <testcase name="should call addWidget for each widget in the array" time="0.027" classname="PhantomJS 1.9.8 (Windows 7).Directive: dashboard the loadWidgets function"/>
    <testcase name="should call addWidget for each widget with true as the second parameter (doNotSave)" time="0.036" classname="PhantomJS 1.9.8 (Windows 7).Directive: dashboard the loadWidgets function"/>
    <testcase name="should set the scope to an empty array" time="0.024" classname="PhantomJS 1.9.8 (Windows 7).Directive: dashboard the clear function"/>
    <testcase name="should not call saveDashboard if first arg is true" time="0.026" classname="PhantomJS 1.9.8 (Windows 7).Directive: dashboard the clear function"/>
    <testcase name="should call saveDashboard if first arg is not true" time="0.026" classname="PhantomJS 1.9.8 (Windows 7).Directive: dashboard the clear function"/>
    <testcase name="should be a function" time="0.035" classname="PhantomJS 1.9.8 (Windows 7).Directive: dashboard the openWidgetSettings function"/>
    <testcase name="should call $modal.open with default options" time="0.025" classname="PhantomJS 1.9.8 (Windows 7).Directive: dashboard the openWidgetSettings function"/>
    <testcase name="should have widget in the resolve object" time="0.024" classname="PhantomJS 1.9.8 (Windows 7).Directive: dashboard the openWidgetSettings function"/>
    <testcase name="should set the templateUrl in modal options to the default (&quot;client/components/adf/template/widget-settings-template.html&quot;)" time="0.022" classname="PhantomJS 1.9.8 (Windows 7).Directive: dashboard the openWidgetSettings function"/>
    <testcase name="should set the templateUrl in modal options to scope.options.settingsModalOptions.templateUrl" time="0.023" classname="PhantomJS 1.9.8 (Windows 7).Directive: dashboard the openWidgetSettings function"/>
    <testcase name="should set the templateUrl in modal options to widget.settingsModalOptions.templateUrl, if present" time="0.023" classname="PhantomJS 1.9.8 (Windows 7).Directive: dashboard the openWidgetSettings function"/>
    <testcase name="should set the controller in modal options to the default (&quot;WidgetSettingsCtrl&quot;)" time="0.023" classname="PhantomJS 1.9.8 (Windows 7).Directive: dashboard the openWidgetSettings function"/>
    <testcase name="should set the controller in modal options to the default (&quot;WidgetSettingsCtrl&quot;), even when settingsModalOptions is supplied in options" time="0.037" classname="PhantomJS 1.9.8 (Windows 7).Directive: dashboard the openWidgetSettings function"/>
    <testcase name="should set the controller in modal options to the default (&quot;WidgetSettingsCtrl&quot;), even when settingsModalOptions is supplied in widget" time="0.04" classname="PhantomJS 1.9.8 (Windows 7).Directive: dashboard the openWidgetSettings function"/>
    <testcase name="should set the controller to scope.options.settingsModalOptions.controller if provided" time="0.023" classname="PhantomJS 1.9.8 (Windows 7).Directive: dashboard the openWidgetSettings function"/>
    <testcase name="should set the controller to widget.settingsModalOptions.controller if provided" time="0.026" classname="PhantomJS 1.9.8 (Windows 7).Directive: dashboard the openWidgetSettings function"/>
    <testcase name="should pass in other modal options set in scope.options.settingsModalOptions" time="0.021" classname="PhantomJS 1.9.8 (Windows 7).Directive: dashboard the openWidgetSettings function"/>
    <testcase name="should pass in other modal options set in widget.settingsModalOptions" time="0.029" classname="PhantomJS 1.9.8 (Windows 7).Directive: dashboard the openWidgetSettings function"/>
    <testcase name="should emit a &quot;widgetChanged&quot; event on the childScope when the modal promise is called" time="0.135" classname="PhantomJS 1.9.8 (Windows 7).Directive: dashboard the openWidgetSettings function"/>
    <testcase name="should call scope.options.onSettingsClose when the modal promise is resolved by default" time="0.028" classname="PhantomJS 1.9.8 (Windows 7).Directive: dashboard the openWidgetSettings function"/>
    <testcase name="should call scope.options.onSettingsDismiss when the modal promise is rejected by default" time="0.026" classname="PhantomJS 1.9.8 (Windows 7).Directive: dashboard the openWidgetSettings function"/>
    <testcase name="should call widget.onSettingsClose if provided when the modal promise is resolved" time="0.026" classname="PhantomJS 1.9.8 (Windows 7).Directive: dashboard the openWidgetSettings function"/>
    <testcase name="should call widget.onSettingsDismiss if provided when the modal promise is rejected" time="0.028" classname="PhantomJS 1.9.8 (Windows 7).Directive: dashboard the openWidgetSettings function"/>
    <testcase name="should exist" time="0.088" classname="PhantomJS 1.9.8 (Windows 7).Directive: dashboard the default onSettingsClose callback"/>
    <testcase name="should deep extend widget with result" time="0.037" classname="PhantomJS 1.9.8 (Windows 7).Directive: dashboard the default onSettingsClose callback"/>
    <testcase name="should exist" time="0.027" classname="PhantomJS 1.9.8 (Windows 7).Directive: dashboard the default onSettingsDismiss callback"/>
    <testcase name="should call $log.info with the reason" time="0.025" classname="PhantomJS 1.9.8 (Windows 7).Directive: dashboard the default onSettingsDismiss callback"/>
    <testcase name="should have save and load methods" time="0.004" classname="PhantomJS 1.9.8 (Windows 7).Factory: DashboardState"/>
    <testcase name="should set the arguments passed to it in the constructor on the state instance" time="0.004" classname="PhantomJS 1.9.8 (Windows 7).Factory: DashboardState"/>
    <testcase name="should return true if storage is not defined" time="0.005" classname="PhantomJS 1.9.8 (Windows 7).Factory: DashboardState the save function"/>
    <testcase name="should serialize and store widgets passed to it" time="0.005" classname="PhantomJS 1.9.8 (Windows 7).Factory: DashboardState the save function"/>
    <testcase name="should not use JSON.stringify if options.stringifyStorage is false" time="0.005" classname="PhantomJS 1.9.8 (Windows 7).Factory: DashboardState the save function"/>
    <testcase name="should return null if storage is disabled" time="0.004" classname="PhantomJS 1.9.8 (Windows 7).Factory: DashboardState the load function"/>
    <testcase name="should return null if storage is enabled but no value was found" time="0.004" classname="PhantomJS 1.9.8 (Windows 7).Factory: DashboardState the load function"/>
    <testcase name="should return null and log a warning if the stored string is invalid JSON" time="0.005" classname="PhantomJS 1.9.8 (Windows 7).Factory: DashboardState the load function"/>
    <testcase name="should return an array of widgets if getItem returns valid serialized dashboard state" time="0.005" classname="PhantomJS 1.9.8 (Windows 7).Factory: DashboardState the load function"/>
    <testcase name="should return null if getItem returned a falsey value" time="0.004" classname="PhantomJS 1.9.8 (Windows 7).Factory: DashboardState the load function"/>
    <testcase name="should return a promise if getItem returns a promise" time="0.004" classname="PhantomJS 1.9.8 (Windows 7).Factory: DashboardState the load function"/>
    <testcase name="should return null if the stored hash is different from current hash" time="0.005" classname="PhantomJS 1.9.8 (Windows 7).Factory: DashboardState the load function"/>
    <testcase name="should not include widgets that have no corresponding WDO" time="0.005" classname="PhantomJS 1.9.8 (Windows 7).Factory: DashboardState the load function"/>
    <testcase name="should not include widgets who have a stale hash" time="0.015" classname="PhantomJS 1.9.8 (Windows 7).Factory: DashboardState the load function"/>
    <testcase name="should resolve when the getItem promise resolves with a value" time="0.004" classname="PhantomJS 1.9.8 (Windows 7).Factory: DashboardState the load function the loadPromise (returned from load method)"/>
    <testcase name="should reject when the getItemPromise rejects" time="0.004" classname="PhantomJS 1.9.8 (Windows 7).Factory: DashboardState the load function the loadPromise (returned from load method)"/>
    <testcase name="should reject when the getItem promise resolves with a falsey (or no) value" time="0.004" classname="PhantomJS 1.9.8 (Windows 7).Factory: DashboardState the load function the loadPromise (returned from load method)"/>
    <testcase name="should use JSON.parse if options.stringifyStorage is true" time="0.005" classname="PhantomJS 1.9.8 (Windows 7).Factory: DashboardState the load function"/>
    <testcase name="should not use JSON.parse if options.stringifyStorage is false" time="0.004" classname="PhantomJS 1.9.8 (Windows 7).Factory: DashboardState the load function"/>
    <testcase name="should return a string" time="0.004" classname="PhantomJS 1.9.8 (Windows 7).Controller: DashboardWidgetCtrl the makeTemplateString method"/>
    <testcase name="should use ng-include if templateUrl is specified on widget, despite any other options" time="0.008" classname="PhantomJS 1.9.8 (Windows 7).Controller: DashboardWidgetCtrl the makeTemplateString method"/>
    <testcase name="should return widget.template if specified, regardless of presence of directive or attrs" time="0.005" classname="PhantomJS 1.9.8 (Windows 7).Controller: DashboardWidgetCtrl the makeTemplateString method"/>
    <testcase name="should use widget.directive as attribute directive" time="0.005" classname="PhantomJS 1.9.8 (Windows 7).Controller: DashboardWidgetCtrl the makeTemplateString method"/>
    <testcase name="should attach attributes if provided" time="0.006" classname="PhantomJS 1.9.8 (Windows 7).Controller: DashboardWidgetCtrl the makeTemplateString method"/>
    <testcase name="should place widgetData into dataAttrName attribute if specified" time="0.005" classname="PhantomJS 1.9.8 (Windows 7).Controller: DashboardWidgetCtrl the makeTemplateString method"/>
    <testcase name="should add attrs to the widget object if it does not exist and dataAttrName is specified" time="0.006" classname="PhantomJS 1.9.8 (Windows 7).Controller: DashboardWidgetCtrl the makeTemplateString method"/>
    <testcase name="should do nothing if event.which is not 1 (left click)" time="0.005" classname="PhantomJS 1.9.8 (Windows 7).Controller: DashboardWidgetCtrl the grabResizer method"/>
    <testcase name="should call stopPropagation and preventDefault" time="0.006" classname="PhantomJS 1.9.8 (Windows 7).Controller: DashboardWidgetCtrl the grabResizer method"/>
    <testcase name="should add a .widget-resizer-marquee element to the .widget element" time="0.006" classname="PhantomJS 1.9.8 (Windows 7).Controller: DashboardWidgetCtrl the grabResizer method"/>
    <testcase name="should set editingTitle=true on the widget object" time="0.004" classname="PhantomJS 1.9.8 (Windows 7).Controller: DashboardWidgetCtrl the editTitle method"/>
    <testcase name="should call $timeout" time="0.002" classname="PhantomJS 1.9.8 (Windows 7).Controller: DashboardWidgetCtrl the editTitle method"/>
    <testcase name="should set editingTitle=false" time="0.004" classname="PhantomJS 1.9.8 (Windows 7).Controller: DashboardWidgetCtrl the saveTitleEdit method"/>
    <testcase name="should set dataModelOptions and widgetScope from args" time="0.003" classname="PhantomJS 1.9.8 (Windows 7).PerceptiveReach DataModels PerceptiveReach MedicationDataModel setup method"/>
    <testcase name="check the existence of getData method" time="0.003" classname="PhantomJS 1.9.8 (Windows 7).PerceptiveReach DataModels PerceptiveReach MedicationDataModel getData method"/>
    <testcase name="check the existence of init method" time="0.002" classname="PhantomJS 1.9.8 (Windows 7).PerceptiveReach DataModels PerceptiveReach MedicationDataModel init method"/>
    <testcase name="check the existence of init method" time="0.004" classname="PhantomJS 1.9.8 (Windows 7).PerceptiveReach DataModels PerceptiveReach MedicationDataModel destroy method"/>
    <testcase name="should set dataModelOptions and widgetScope from args" time="0.003" classname="PhantomJS 1.9.8 (Windows 7).PerceptiveReach DataModels PerceptiveReach PatientFlagDataModel setup method"/>
    <testcase name="check the existence of getData method" time="0.002" classname="PhantomJS 1.9.8 (Windows 7).PerceptiveReach DataModels PerceptiveReach PatientFlagDataModel getData method"/>
    <testcase name="check the existence of init method" time="0.013" classname="PhantomJS 1.9.8 (Windows 7).PerceptiveReach DataModels PerceptiveReach PatientFlagDataModel init method"/>
    <testcase name="check the existence of init method" time="0.004" classname="PhantomJS 1.9.8 (Windows 7).PerceptiveReach DataModels PerceptiveReach PatientFlagDataModel destroy method"/>
    <testcase name="should instantiate a WebSocket immediately with the url set with provider.setWebSocketURL" time="0.001" classname="PhantomJS 1.9.8 (Windows 7).Service: webSocket when explicitConnection is disabled when url is provided by calling provider_setWebSocketURL"/>
    <testcase name="should throw if a URL was not set with provider.setWebSocketURL" time="0.004" classname="PhantomJS 1.9.8 (Windows 7).Service: webSocket when explicitConnection is disabled when the url is not provided by calling provider_setWebSocketURL"/>
    <testcase name="should not call WebSocket immediately" time="0.002" classname="PhantomJS 1.9.8 (Windows 7).Service: webSocket when explicitConnection is enabled when url is provided by calling provider_setWebSocketURL"/>
    <testcase name="should instantiate a WebSocket with the url set with provider.setWebSocketURL if no url arg is passed to it" time="0.001" classname="PhantomJS 1.9.8 (Windows 7).Service: webSocket when explicitConnection is enabled when url is provided by calling provider_setWebSocketURL"/>
    <testcase name="should not call WebSocket immediately" time="0.002" classname="PhantomJS 1.9.8 (Windows 7).Service: webSocket when explicitConnection is enabled when the url is not provided by calling provider_setWebSocketURL"/>
    <testcase name="should instantiate a WebSocket with the provided url" time="0.002" classname="PhantomJS 1.9.8 (Windows 7).Service: webSocket when explicitConnection is enabled when the url is not provided by calling provider_setWebSocketURL"/>
    <testcase name="should throw if no url is passed and no url was set with provider.setWebSocketURL" time="0.002" classname="PhantomJS 1.9.8 (Windows 7).Service: webSocket when explicitConnection is enabled when the url is not provided by calling provider_setWebSocketURL"/>
    <testcase name="should send message when WebSocket connection is opened" time="0.003" classname="PhantomJS 1.9.8 (Windows 7).Service: webSocket the send method"/>
    <testcase name="should notify subscribers" time="0.012" classname="PhantomJS 1.9.8 (Windows 7).Service: webSocket the send method"/>
    <testcase name="should send a subscribe message" time="0.002" classname="PhantomJS 1.9.8 (Windows 7).Service: webSocket the send method"/>
    <testcase name="should unsubscribe" time="0.002" classname="PhantomJS 1.9.8 (Windows 7).Service: webSocket the send method"/>
    <testcase name="should call unsubscribe on scope destroy" time="0.002" classname="PhantomJS 1.9.8 (Windows 7).Service: webSocket the send method"/>
    <testcase name="should send an unsubscribe message when there are no more listeners for a given topic" time="0.002" classname="PhantomJS 1.9.8 (Windows 7).Service: webSocket the send method"/>
    <testcase name="should send a subscribe message again if a topic has previously been unsubscribed to" time="0.001" classname="PhantomJS 1.9.8 (Windows 7).Service: webSocket the send method"/>
    <testcase name="should not throw" time="0.002" classname="PhantomJS 1.9.8 (Windows 7).Service: webSocket the connect method"/>
    <testcase name="should do nothing if an open WebSocket instance is already there" time="0.002" classname="PhantomJS 1.9.8 (Windows 7).Service: webSocket the connect method"/>
    <testcase name="should call the close method of the WebSocket" time="0.002" classname="PhantomJS 1.9.8 (Windows 7).Service: webSocket the disconnect method when the webSocket has been connected"/>
    <testcase name="should not try to re-establish connection after connectionAttemptInterval" time="0.003" classname="PhantomJS 1.9.8 (Windows 7).Service: webSocket the disconnect method when the webSocket has been connected"/>
    <testcase name="should not throw" time="0.002" classname="PhantomJS 1.9.8 (Windows 7).Service: webSocket the disconnect method when the webSocket has not connected"/>
    <testcase name="should try to re-establish connection" time="0.002" classname="PhantomJS 1.9.8 (Windows 7).Service: webSocket when the connection gets unexpectedly closed"/>
    <testcase name="should try maxConnectionAttempts times" time="0.012" classname="PhantomJS 1.9.8 (Windows 7).Service: webSocket when the connection gets unexpectedly closed"/>
    <testcase name="should start queuing up send messages again, then send those messages once connection has been re-established" time="0.002" classname="PhantomJS 1.9.8 (Windows 7).Service: webSocket when the connection gets unexpectedly closed"/>
    <testcase name="should create a new instance of dataModelType if provided in scope.widget" time="0.006" classname="PhantomJS 1.9.8 (Windows 7).Directive: widget"/>
    <testcase name="should call setup and init on the new dataModel" time="0.003" classname="PhantomJS 1.9.8 (Windows 7).Directive: widget"/>
    <testcase name="should call compile template" time="0.004" classname="PhantomJS 1.9.8 (Windows 7).Directive: widget"/>
    <testcase name="should create a new instance of dataModelType from string name" time="0.003" classname="PhantomJS 1.9.8 (Windows 7).Directive: widget"/>
    <testcase name="should validate data model type" time="0.004" classname="PhantomJS 1.9.8 (Windows 7).Directive: widget"/>
    <testcase name="should be a function" time="0.001" classname="PhantomJS 1.9.8 (Windows 7).Factory: WidgetDataModel"/>
    <testcase name="should set dataAttrName, dataModelOptions, and widgetScope from args" time="0.002" classname="PhantomJS 1.9.8 (Windows 7).Factory: WidgetDataModel setup method"/>
    <testcase name="should set scope.widgetData to passed data" time="0.002" classname="PhantomJS 1.9.8 (Windows 7).Factory: WidgetDataModel updateScope method"/>
    <testcase name="should be an empty (noop) implementation" time="0.002" classname="PhantomJS 1.9.8 (Windows 7).Factory: WidgetDataModel init method"/>
    <testcase name="should be an empty (noop) implementation" time="0.002" classname="PhantomJS 1.9.8 (Windows 7).Factory: WidgetDataModel destroy method"/>
    <testcase name="should be a function" time="0.002" classname="PhantomJS 1.9.8 (Windows 7).Factory: WidgetModel"/>
    <testcase name="should copy class defaults, so that changes on an instance do not change the Class" time="0.001" classname="PhantomJS 1.9.8 (Windows 7).Factory: WidgetModel the constructor"/>
    <testcase name="should call setWidth" time="0.002" classname="PhantomJS 1.9.8 (Windows 7).Factory: WidgetModel the constructor"/>
    <testcase name="should take overrides as precedent over Class defaults" time="0.012" classname="PhantomJS 1.9.8 (Windows 7).Factory: WidgetModel the constructor"/>
    <testcase name="should set templateUrl if and only if it is present on Class" time="0.002" classname="PhantomJS 1.9.8 (Windows 7).Factory: WidgetModel the constructor"/>
    <testcase name="should NOT set template if templateUrl was specified" time="0.002" classname="PhantomJS 1.9.8 (Windows 7).Factory: WidgetModel the constructor"/>
    <testcase name="should set template if and only if it is present on Class" time="0.002" classname="PhantomJS 1.9.8 (Windows 7).Factory: WidgetModel the constructor"/>
    <testcase name="should look for directive if neither templateUrl nor template is found on Class" time="0.003" classname="PhantomJS 1.9.8 (Windows 7).Factory: WidgetModel the constructor"/>
    <testcase name="should set the name as directive if templateUrl, template, and directive are not defined" time="0.003" classname="PhantomJS 1.9.8 (Windows 7).Factory: WidgetModel the constructor"/>
    <testcase name="should not require overrides" time="0.002" classname="PhantomJS 1.9.8 (Windows 7).Factory: WidgetModel the constructor"/>
    <testcase name="should copy references to settingsModalOptions, onSettingsClose, onSettingsDismiss" time="0.002" classname="PhantomJS 1.9.8 (Windows 7).Factory: WidgetModel the constructor"/>
    <testcase name="should take one argument as a string with units" time="0.003" classname="PhantomJS 1.9.8 (Windows 7).Factory: WidgetModel setWidth method"/>
    <testcase name="should take two args as a number and string as units" time="0.003" classname="PhantomJS 1.9.8 (Windows 7).Factory: WidgetModel setWidth method"/>
    <testcase name="should return false and not set anything if width is less than 0" time="0.002" classname="PhantomJS 1.9.8 (Windows 7).Factory: WidgetModel setWidth method"/>
    <testcase name="should assume % if no unit is given" time="0.002" classname="PhantomJS 1.9.8 (Windows 7).Factory: WidgetModel setWidth method"/>
    <testcase name="should force greater than 0% and less than or equal 100%" time="0.002" classname="PhantomJS 1.9.8 (Windows 7).Factory: WidgetModel setWidth method"/>
    <testcase name="should add widget to the dialog scope" time="0.002" classname="PhantomJS 1.9.8 (Windows 7).Controller: WidgetSettingsCtrl"/>
    <testcase name="should call close with $scope.result and $scope.widget" time="0.003" classname="PhantomJS 1.9.8 (Windows 7).Controller: WidgetSettingsCtrl the ok method"/>
    <testcase name="should call dismiss" time="0.003" classname="PhantomJS 1.9.8 (Windows 7).Controller: WidgetSettingsCtrl the cancel method"/>
    <testcase name="should have topN directive" time="0.039" classname="PhantomJS 1.9.8 (Windows 7).main test"/>
    <testcase name="should have veteran roster table directive" time="1.315" classname="PhantomJS 1.9.8 (Windows 7).main test"/>
    <testcase name="should have clinical decision support directive" time="0.006" classname="PhantomJS 1.9.8 (Windows 7).main test"/>
    <testcase name="should have medication directive" time="0.047" classname="PhantomJS 1.9.8 (Windows 7).main test"/>
    <testcase name="should have patient flag directive" time="0.403" classname="PhantomJS 1.9.8 (Windows 7).main test"/>
    <system-out><![CDATA[PhantomJS 1.9.8 (Windows 7) LOG: 'inside veteran roster controller'
,PhantomJS 1.9.8 (Windows 7) LOG: [1, [Object{ReachID: ..., FirstName: ..., MiddleName: ..., LastName: ..., SSN: ..., Phone: ..., DateIdentifiedRisk: ..., RiskLevel: ..., OutreachStatus: ..., VAMC: ...}, Object{ReachID: ..., FirstName: ..., MiddleName: ..., LastName: ..., SSN: ..., Phone: ..., DateIdentifiedRisk: ..., RiskLevel: ..., OutreachStatus: ..., VAMC: ...}, Object{ReachID: ..., FirstName: ..., MiddleName: ..., LastName: ..., SSN: ..., Phone: ..., DateIdentifiedRisk: ..., RiskLevel: ..., OutreachStatus: ..., VAMC: ...}, Object{ReachID: ..., FirstName: ..., MiddleName: ..., LastName: ..., SSN: ..., Phone: ..., DateIdentifiedRisk: ..., RiskLevel: ..., OutreachStatus: ..., VAMC: ...}, Object{ReachID: ..., FirstName: ..., MiddleName: ..., LastName: ..., SSN: ..., Phone: ..., DateIdentifiedRisk: ..., RiskLevel: ..., OutreachStatus: ..., VAMC: ...}, Object{ReachID: ..., FirstName: ..., MiddleName: ..., LastName: ..., SSN: ..., Phone: ..., DateIdentifiedRisk: ..., RiskLevel: ..., OutreachStatus: ..., VAMC: ...}, Object{ReachID: ..., FirstName: ..., MiddleName: ..., LastName: ..., SSN: ..., Phone: ..., DateIdentifiedRisk: ..., RiskLevel: ..., OutreachStatus: ..., VAMC: ...}, Object{ReachID: ..., FirstName: ..., MiddleName: ..., LastName: ..., SSN: ..., Phone: ..., DateIdentifiedRisk: ..., RiskLevel: ..., OutreachStatus: ..., VAMC: ...}, Object{ReachID: ..., FirstName: ..., MiddleName: ..., LastName: ..., SSN: ..., Phone: ..., DateIdentifiedRisk: ..., RiskLevel: ..., OutreachStatus: ..., VAMC: ...}, Object{ReachID: ..., FirstName: ..., MiddleName: ..., LastName: ..., SSN: ..., Phone: ..., DateIdentifiedRisk: ..., RiskLevel: ..., OutreachStatus: ..., VAMC: ...}, Object{ReachID: ..., FirstName: ..., MiddleName: ..., LastName: ..., SSN: ..., Phone: ..., DateIdentifiedRisk: ..., RiskLevel: ..., OutreachStatus: ..., VAMC: ...}, Object{ReachID: ..., FirstName: ..., MiddleName: ..., LastName: ..., SSN: ..., Phone: ..., DateIdentifiedRisk: ..., RiskLevel: ..., OutreachStatus: ..., VAMC: ...}, Object{ReachID: ..., FirstName: ..., MiddleName: ..., LastName: ..., SSN: ..., Phone: ..., DateIdentifiedRisk: ..., RiskLevel: ..., OutreachStatus: ..., VAMC: ...}, Object{ReachID: ..., FirstName: ..., MiddleName: ..., LastName: ..., SSN: ..., Phone: ..., DateIdentifiedRisk: ..., RiskLevel: ..., OutreachStatus: ..., VAMC: ...}, Object{ReachID: ..., FirstName: ..., MiddleName: ..., LastName: ..., SSN: ..., Phone: ..., DateIdentifiedRisk: ..., RiskLevel: ..., OutreachStatus: ..., VAMC: ...}, Object{ReachID: ..., FirstName: ..., MiddleName: ..., LastName: ..., SSN: ..., Phone: ..., DateIdentifiedRisk: ..., RiskLevel: ..., OutreachStatus: ..., VAMC: ...}, Object{ReachID: ..., FirstName: ..., MiddleName: ..., LastName: ..., SSN: ..., Phone: ..., DateIdentifiedRisk: ..., RiskLevel: ..., OutreachStatus: ..., VAMC: ...}, Object{ReachID: ..., FirstName: ..., MiddleName: ..., LastName: ..., SSN: ..., Phone: ..., DateIdentifiedRisk: ..., RiskLevel: ..., OutreachStatus: ..., VAMC: ...}, Object{ReachID: ..., FirstName: ..., MiddleName: ..., LastName: ..., SSN: ..., Phone: ..., DateIdentifiedRisk: ..., RiskLevel: ..., OutreachStatus: ..., VAMC: ...}, Object{ReachID: ..., FirstName: ..., MiddleName: ..., LastName: ..., SSN: ..., Phone: ..., DateIdentifiedRisk: ..., RiskLevel: ..., OutreachStatus: ..., VAMC: ...}, Object{ReachID: ..., FirstName: ..., MiddleName: ..., LastName: ..., SSN: ..., Phone: ..., DateIdentifiedRisk: ..., RiskLevel: ..., OutreachStatus: ..., VAMC: ...}, Object{ReachID: ..., FirstName: ..., MiddleName: ..., LastName: ..., SSN: ..., Phone: ..., DateIdentifiedRisk: ..., RiskLevel: ..., OutreachStatus: ..., VAMC: ...}, Object{ReachID: ..., FirstName: ..., MiddleName: ..., LastName: ..., SSN: ..., Phone: ..., DateIdentifiedRisk: ..., RiskLevel: ..., OutreachStatus: ..., VAMC: ...}, Object{ReachID: ..., FirstName: ..., MiddleName: ..., LastName: ..., SSN: ..., Phone: ..., DateIdentifiedRisk: ..., RiskLevel: ..., OutreachStatus: ..., VAMC: ...}, Object{ReachID: ..., FirstName: ..., MiddleName: ..., LastName: ..., SSN: ..., Phone: ..., DateIdentifiedRisk: ..., RiskLevel: ..., OutreachStatus: ..., VAMC: ...}, Object{ReachID: ..., FirstName: ..., MiddleName: ..., LastName: ..., SSN: ..., Phone: ..., DateIdentifiedRisk: ..., RiskLevel: ..., OutreachStatus: ..., VAMC: ...}, Object{ReachID: ..., FirstName: ..., MiddleName: ..., LastName: ..., SSN: ..., Phone: ..., DateIdentifiedRisk: ..., RiskLevel: ..., OutreachStatus: ..., VAMC: ...}, Object{ReachID: ..., FirstName: ..., MiddleName: ..., LastName: ..., SSN: ..., Phone: ..., DateIdentifiedRisk: ..., RiskLevel: ..., OutreachStatus: ..., VAMC: ...}, Object{ReachID: ..., FirstName: ..., MiddleName: ..., LastName: ..., SSN: ..., Phone: ..., DateIdentifiedRisk: ..., RiskLevel: ..., OutreachStatus: ..., VAMC: ...}, Object{ReachID: ..., FirstName: ..., MiddleName: ..., LastName: ..., SSN: ..., Phone: ..., DateIdentifiedRisk: ..., RiskLevel: ..., OutreachStatus: ..., VAMC: ...}, Object{ReachID: ..., FirstName: ..., MiddleName: ..., LastName: ..., SSN: ..., Phone: ..., DateIdentifiedRisk: ..., RiskLevel: ..., OutreachStatus: ..., VAMC: ...}, Object{ReachID: ..., FirstName: ..., MiddleName: ..., LastName: ..., SSN: ..., Phone: ..., DateIdentifiedRisk: ..., RiskLevel: ..., OutreachStatus: ..., VAMC: ...}, Object{ReachID: ..., FirstName: ..., MiddleName: ..., LastName: ..., SSN: ..., Phone: ..., DateIdentifiedRisk: ..., RiskLevel: ..., OutreachStatus: ..., VAMC: ...}, Object{ReachID: ..., FirstName: ..., MiddleName: ..., LastName: ..., SSN: ..., Phone: ..., DateIdentifiedRisk: ..., RiskLevel: ..., OutreachStatus: ..., VAMC: ...}, Object{ReachID: ..., FirstName: ..., MiddleName: ..., LastName: ..., SSN: ..., Phone: ..., DateIdentifiedRisk: ..., RiskLevel: ..., OutreachStatus: ..., VAMC: ...}, Object{ReachID: ..., FirstName: ..., MiddleName: ..., LastName: ..., SSN: ..., Phone: ..., DateIdentifiedRisk: ..., RiskLevel: ..., OutreachStatus: ..., VAMC: ...}, Object{ReachID: ..., FirstName: ..., MiddleName: ..., LastName: ..., SSN: ..., Phone: ..., DateIdentifiedRisk: ..., RiskLevel: ..., OutreachStatus: ..., VAMC: ...}, Object{ReachID: ..., FirstName: ..., MiddleName: ..., LastName: ..., SSN: ..., Phone: ..., DateIdentifiedRisk: ..., RiskLevel: ..., OutreachStatus: ..., VAMC: ...}, Object{ReachID: ..., FirstName: ..., MiddleName: ..., LastName: ..., SSN: ..., Phone: ..., DateIdentifiedRisk: ..., RiskLevel: ..., OutreachStatus: ..., VAMC: ...}, Object{ReachID: ..., FirstName: ..., MiddleName: ..., LastName: ..., SSN: ..., Phone: ..., DateIdentifiedRisk: ..., RiskLevel: ..., OutreachStatus: ..., VAMC: ...}, Object{ReachID: ..., FirstName: ..., MiddleName: ..., LastName: ..., SSN: ..., Phone: ..., DateIdentifiedRisk: ..., RiskLevel: ..., OutreachStatus: ..., VAMC: ...}, Object{ReachID: ..., FirstName: ..., MiddleName: ..., LastName: ..., SSN: ..., Phone: ..., DateIdentifiedRisk: ..., RiskLevel: ..., OutreachStatus: ..., VAMC: ...}, Object{ReachID: ..., FirstName: ..., MiddleName: ..., LastName: ..., SSN: ..., Phone: ..., DateIdentifiedRisk: ..., RiskLevel: ..., OutreachStatus: ..., VAMC: ...}, Object{ReachID: ..., FirstName: ..., MiddleName: ..., LastName: ..., SSN: ..., Phone: ..., DateIdentifiedRisk: ..., RiskLevel: ..., OutreachStatus: ..., VAMC: ...}, Object{ReachID: ..., FirstName: ..., MiddleName: ..., LastName: ..., SSN: ..., Phone: ..., DateIdentifiedRisk: ..., RiskLevel: ..., OutreachStatus: ..., VAMC: ...}, Object{ReachID: ..., FirstName: ..., MiddleName: ..., LastName: ..., SSN: ..., Phone: ..., DateIdentifiedRisk: ..., RiskLevel: ..., OutreachStatus: ..., VAMC: ...}, Object{ReachID: ..., FirstName: ..., MiddleName: ..., LastName: ..., SSN: ..., Phone: ..., DateIdentifiedRisk: ..., RiskLevel: ..., OutreachStatus: ..., VAMC: ...}, Object{ReachID: ..., FirstName: ..., MiddleName: ..., LastName: ..., SSN: ..., Phone: ..., DateIdentifiedRisk: ..., RiskLevel: ..., OutreachStatus: ..., VAMC: ...}, Object{ReachID: ..., FirstName: ..., MiddleName: ..., LastName: ..., SSN: ..., Phone: ..., DateIdentifiedRisk: ..., RiskLevel: ..., OutreachStatus: ..., VAMC: ...}, Object{ReachID: ..., FirstName: ..., MiddleName: ..., LastName: ..., SSN: ..., Phone: ..., DateIdentifiedRisk: ..., RiskLevel: ..., OutreachStatus: ..., VAMC: ...}, Object{ReachID: ..., FirstName: ..., MiddleName: ..., LastName: ..., SSN: ..., Phone: ..., DateIdentifiedRisk: ..., RiskLevel: ..., OutreachStatus: ..., VAMC: ...}, Object{ReachID: ..., FirstName: ..., MiddleName: ..., LastName: ..., SSN: ..., Phone: ..., DateIdentifiedRisk: ..., RiskLevel: ..., OutreachStatus: ..., VAMC: ...}, Object{ReachID: ..., FirstName: ..., MiddleName: ..., LastName: ..., SSN: ..., Phone: ..., DateIdentifiedRisk: ..., RiskLevel: ..., OutreachStatus: ..., VAMC: ...}, Object{ReachID: ..., FirstName: ..., MiddleName: ..., LastName: ..., SSN: ..., Phone: ..., DateIdentifiedRisk: ..., RiskLevel: ..., OutreachStatus: ..., VAMC: ...}, Object{ReachID: ..., FirstName: ..., MiddleName: ..., LastName: ..., SSN: ..., Phone: ..., DateIdentifiedRisk: ..., RiskLevel: ..., OutreachStatus: ..., VAMC: ...}, Object{ReachID: ..., FirstName: ..., MiddleName: ..., LastName: ..., SSN: ..., Phone: ..., DateIdentifiedRisk: ..., RiskLevel: ..., OutreachStatus: ..., VAMC: ...}, Object{ReachID: ..., FirstName: ..., MiddleName: ..., LastName: ..., SSN: ..., Phone: ..., DateIdentifiedRisk: ..., RiskLevel: ..., OutreachStatus: ..., VAMC: ...}, Object{ReachID: ..., FirstName: ..., MiddleName: ..., LastName: ..., SSN: ..., Phone: ..., DateIdentifiedRisk: ..., RiskLevel: ..., OutreachStatus: ..., VAMC: ...}, Object{ReachID: ..., FirstName: ..., MiddleName: ..., LastName: ..., SSN: ..., Phone: ..., DateIdentifiedRisk: ..., RiskLevel: ..., OutreachStatus: ..., VAMC: ...}, Object{ReachID: ..., FirstName: ..., MiddleName: ..., LastName: ..., SSN: ..., Phone: ..., DateIdentifiedRisk: ..., RiskLevel: ..., OutreachStatus: ..., VAMC: ...}, Object{ReachID: ..., FirstName: ..., MiddleName: ..., LastName: ..., SSN: ..., Phone: ..., DateIdentifiedRisk: ..., RiskLevel: ..., OutreachStatus: ..., VAMC: ...}, Object{ReachID: ..., FirstName: ..., MiddleName: ..., LastName: ..., SSN: ..., Phone: ..., DateIdentifiedRisk: ..., RiskLevel: ..., OutreachStatus: ..., VAMC: ...}, Object{ReachID: ..., FirstName: ..., MiddleName: ..., LastName: ..., SSN: ..., Phone: ..., DateIdentifiedRisk: ..., RiskLevel: ..., OutreachStatus: ..., VAMC: ...}, Object{ReachID: ..., FirstName: ..., MiddleName: ..., LastName: ..., SSN: ..., Phone: ..., DateIdentifiedRisk: ..., RiskLevel: ..., OutreachStatus: ..., VAMC: ...}, Object{ReachID: ..., FirstName: ..., MiddleName: ..., LastName: ..., SSN: ..., Phone: ..., DateIdentifiedRisk: ..., RiskLevel: ..., OutreachStatus: ..., VAMC: ...}, Object{ReachID: ..., FirstName: ..., MiddleName: ..., LastName: ..., SSN: ..., Phone: ..., DateIdentifiedRisk: ..., RiskLevel: ..., OutreachStatus: ..., VAMC: ...}, Object{ReachID: ..., FirstName: ..., MiddleName: ..., LastName: ..., SSN: ..., Phone: ..., DateIdentifiedRisk: ..., RiskLevel: ..., OutreachStatus: ..., VAMC: ...}, Object{ReachID: ..., FirstName: ..., MiddleName: ..., LastName: ..., SSN: ..., Phone: ..., DateIdentifiedRisk: ..., RiskLevel: ..., OutreachStatus: ..., VAMC: ...}, Object{ReachID: ..., FirstName: ..., MiddleName: ..., LastName: ..., SSN: ..., Phone: ..., DateIdentifiedRisk: ..., RiskLevel: ..., OutreachStatus: ..., VAMC: ...}, Object{ReachID: ..., FirstName: ..., MiddleName: ..., LastName: ..., SSN: ..., Phone: ..., DateIdentifiedRisk: ..., RiskLevel: ..., OutreachStatus: ..., VAMC: ...}, Object{ReachID: ..., FirstName: ..., MiddleName: ..., LastName: ..., SSN: ..., Phone: ..., DateIdentifiedRisk: ..., RiskLevel: ..., OutreachStatus: ..., VAMC: ...}, Object{ReachID: ..., FirstName: ..., MiddleName: ..., LastName: ..., SSN: ..., Phone: ..., DateIdentifiedRisk: ..., RiskLevel: ..., OutreachStatus: ..., VAMC: ...}, Object{ReachID: ..., FirstName: ..., MiddleName: ..., LastName: ..., SSN: ..., Phone: ..., DateIdentifiedRisk: ..., RiskLevel: ..., OutreachStatus: ..., VAMC: ...}, Object{ReachID: ..., FirstName: ..., MiddleName: ..., LastName: ..., SSN: ..., Phone: ..., DateIdentifiedRisk: ..., RiskLevel: ..., OutreachStatus: ..., VAMC: ...}, Object{ReachID: ..., FirstName: ..., MiddleName: ..., LastName: ..., SSN: ..., Phone: ..., DateIdentifiedRisk: ..., RiskLevel: ..., OutreachStatus: ..., VAMC: ...}, Object{ReachID: ..., FirstName: ..., MiddleName: ..., LastName: ..., SSN: ..., Phone: ..., DateIdentifiedRisk: ..., RiskLevel: ..., OutreachStatus: ..., VAMC: ...}, Object{ReachID: ..., FirstName: ..., MiddleName: ..., LastName: ..., SSN: ..., Phone: ..., DateIdentifiedRisk: ..., RiskLevel: ..., OutreachStatus: ..., VAMC: ...}, Object{ReachID: ..., FirstName: ..., MiddleName: ..., LastName: ..., SSN: ..., Phone: ..., DateIdentifiedRisk: ..., RiskLevel: ..., OutreachStatus: ..., VAMC: ...}, Object{ReachID: ..., FirstName: ..., MiddleName: ..., LastName: ..., SSN: ..., Phone: ..., DateIdentifiedRisk: ..., RiskLevel: ..., OutreachStatus: ..., VAMC: ...}, Object{ReachID: ..., FirstName: ..., MiddleName: ..., LastName: ..., SSN: ..., Phone: ..., DateIdentifiedRisk: ..., RiskLevel: ..., OutreachStatus: ..., VAMC: ...}, Object{ReachID: ..., FirstName: ..., MiddleName: ..., LastName: ..., SSN: ..., Phone: ..., DateIdentifiedRisk: ..., RiskLevel: ..., OutreachStatus: ..., VAMC: ...}, Object{ReachID: ..., FirstName: ..., MiddleName: ..., LastName: ..., SSN: ..., Phone: ..., DateIdentifiedRisk: ..., RiskLevel: ..., OutreachStatus: ..., VAMC: ...}, Object{ReachID: ..., FirstName: ..., MiddleName: ..., LastName: ..., SSN: ..., Phone: ..., DateIdentifiedRisk: ..., RiskLevel: ..., OutreachStatus: ..., VAMC: ...}, Object{ReachID: ..., FirstName: ..., MiddleName: ..., LastName: ..., SSN: ..., Phone: ..., DateIdentifiedRisk: ..., RiskLevel: ..., OutreachStatus: ..., VAMC: ...}, Object{ReachID: ..., FirstName: ..., MiddleName: ..., LastName: ..., SSN: ..., Phone: ..., DateIdentifiedRisk: ..., RiskLevel: ..., OutreachStatus: ..., VAMC: ...}, Object{ReachID: ..., FirstName: ..., MiddleName: ..., LastName: ..., SSN: ..., Phone: ..., DateIdentifiedRisk: ..., RiskLevel: ..., OutreachStatus: ..., VAMC: ...}, Object{ReachID: ..., FirstName: ..., MiddleName: ..., LastName: ..., SSN: ..., Phone: ..., DateIdentifiedRisk: ..., RiskLevel: ..., OutreachStatus: ..., VAMC: ...}, Object{ReachID: ..., FirstName: ..., MiddleName: ..., LastName: ..., SSN: ..., Phone: ..., DateIdentifiedRisk: ..., RiskLevel: ..., OutreachStatus: ..., VAMC: ...}, Object{ReachID: ..., FirstName: ..., MiddleName: ..., LastName: ..., SSN: ..., Phone: ..., DateIdentifiedRisk: ..., RiskLevel: ..., OutreachStatus: ..., VAMC: ...}, Object{ReachID: ..., FirstName: ..., MiddleName: ..., LastName: ..., SSN: ..., Phone: ..., DateIdentifiedRisk: ..., RiskLevel: ..., OutreachStatus: ..., VAMC: ...}, Object{ReachID: ..., FirstName: ..., MiddleName: ..., LastName: ..., SSN: ..., Phone: ..., DateIdentifiedRisk: ..., RiskLevel: ..., OutreachStatus: ..., VAMC: ...}, Object{ReachID: ..., FirstName: ..., MiddleName: ..., LastName: ..., SSN: ..., Phone: ..., DateIdentifiedRisk: ..., RiskLevel: ..., OutreachStatus: ..., VAMC: ...}, Object{ReachID: ..., FirstName: ..., MiddleName: ..., LastName: ..., SSN: ..., Phone: ..., DateIdentifiedRisk: ..., RiskLevel: ..., OutreachStatus: ..., VAMC: ...}, Object{ReachID: ..., FirstName: ..., MiddleName: ..., LastName: ..., SSN: ..., Phone: ..., DateIdentifiedRisk: ..., RiskLevel: ..., OutreachStatus: ..., VAMC: ...}, Object{ReachID: ..., FirstName: ..., MiddleName: ..., LastName: ..., SSN: ..., Phone: ..., DateIdentifiedRisk: ..., RiskLevel: ..., OutreachStatus: ..., VAMC: ...}, Object{ReachID: ..., FirstName: ..., MiddleName: ..., LastName: ..., SSN: ..., Phone: ..., DateIdentifiedRisk: ..., RiskLevel: ..., OutreachStatus: ..., VAMC: ...}, Object{ReachID: ..., FirstName: ..., MiddleName: ..., LastName: ..., SSN: ..., Phone: ..., DateIdentifiedRisk: ..., RiskLevel: ..., OutreachStatus: ..., VAMC: ...}, Object{ReachID: ..., FirstName: ..., MiddleName: ..., LastName: ..., SSN: ..., Phone: ..., DateIdentifiedRisk: ..., RiskLevel: ..., OutreachStatus: ..., VAMC: ...}, Object{ReachID: ..., FirstName: ..., MiddleName: ..., LastName: ..., SSN: ..., Phone: ..., DateIdentifiedRisk: ..., RiskLevel: ..., OutreachStatus: ..., VAMC: ...}, Object{ReachID: ..., FirstName: ..., MiddleName: ..., LastName: ..., SSN: ..., Phone: ..., DateIdentifiedRisk: ..., RiskLevel: ..., OutreachStatus: ..., VAMC: ...}, Object{ReachID: ..., FirstName: ..., MiddleName: ..., LastName: ..., SSN: ..., Phone: ..., DateIdentifiedRisk: ..., RiskLevel: ..., OutreachStatus: ..., VAMC: ...}, Object{ReachID: ..., FirstName: ..., MiddleName: ..., LastName: ..., SSN: ..., Phone: ..., DateIdentifiedRisk: ..., RiskLevel: ..., OutreachStatus: ..., VAMC: ...}, Object{ReachID: ..., FirstName: ..., MiddleName: ..., LastName: ..., SSN: ..., Phone: ..., DateIdentifiedRisk: ..., RiskLevel: ..., OutreachStatus: ..., VAMC: ...}, Object{ReachID: ..., FirstName: ..., MiddleName: ..., LastName: ..., SSN: ..., Phone: ..., DateIdentifiedRisk: ..., RiskLevel: ..., OutreachStatus: ..., VAMC: ...}, Object{ReachID: ..., FirstName: ..., MiddleName: ..., LastName: ..., SSN: ..., Phone: ..., DateIdentifiedRisk: ..., RiskLevel: ..., OutreachStatus: ..., VAMC: ...}, Object{ReachID: ..., FirstName: ..., MiddleName: ..., LastName: ..., SSN: ..., Phone: ..., DateIdentifiedRisk: ..., RiskLevel: ..., OutreachStatus: ..., VAMC: ...}, Object{ReachID: ..., FirstName: ..., MiddleName: ..., LastName: ..., SSN: ..., Phone: ..., DateIdentifiedRisk: ..., RiskLevel: ..., OutreachStatus: ..., VAMC: ...}, Object{ReachID: ..., FirstName: ..., MiddleName: ..., LastName: ..., SSN: ..., Phone: ..., DateIdentifiedRisk: ..., RiskLevel: ..., OutreachStatus: ..., VAMC: ...}, Object{ReachID: ..., FirstName: ..., MiddleName: ..., LastName: ..., SSN: ..., Phone: ..., DateIdentifiedRisk: ..., RiskLevel: ..., OutreachStatus: ..., VAMC: ...}, Object{ReachID: ..., FirstName: ..., MiddleName: ..., LastName: ..., SSN: ..., Phone: ..., DateIdentifiedRisk: ..., RiskLevel: ..., OutreachStatus: ..., VAMC: ...}, Object{ReachID: ..., FirstName: ..., MiddleName: ..., LastName: ..., SSN: ..., Phone: ..., DateIdentifiedRisk: ..., RiskLevel: ..., OutreachStatus: ..., VAMC: ...}, Object{ReachID: ..., FirstName: ..., MiddleName: ..., LastName: ..., SSN: ..., Phone: ..., DateIdentifiedRisk: ..., RiskLevel: ..., OutreachStatus: ..., VAMC: ...}, Object{ReachID: ..., FirstName: ..., MiddleName: ..., LastName: ..., SSN: ..., Phone: ..., DateIdentifiedRisk: ..., RiskLevel: ..., OutreachStatus: ..., VAMC: ...}, Object{ReachID: ..., FirstName: ..., MiddleName: ..., LastName: ..., SSN: ..., Phone: ..., DateIdentifiedRisk: ..., RiskLevel: ..., OutreachStatus: ..., VAMC: ...}, Object{ReachID: ..., FirstName: ..., MiddleName: ..., LastName: ..., SSN: ..., Phone: ..., DateIdentifiedRisk: ..., RiskLevel: ..., OutreachStatus: ..., VAMC: ...}, Object{ReachID: ..., FirstName: ..., MiddleName: ..., LastName: ..., SSN: ..., Phone: ..., DateIdentifiedRisk: ..., RiskLevel: ..., OutreachStatus: ..., VAMC: ...}, Object{ReachID: ..., FirstName: ..., MiddleName: ..., LastName: ..., SSN: ..., Phone: ..., DateIdentifiedRisk: ..., RiskLevel: ..., OutreachStatus: ..., VAMC: ...}, Object{ReachID: ..., FirstName: ..., MiddleName: ..., LastName: ..., SSN: ..., Phone: ..., DateIdentifiedRisk: ..., RiskLevel: ..., OutreachStatus: ..., VAMC: ...}, Object{ReachID: ..., FirstName: ..., MiddleName: ..., LastName: ..., SSN: ..., Phone: ..., DateIdentifiedRisk: ..., RiskLevel: ..., OutreachStatus: ..., VAMC: ...}, Object{ReachID: ..., FirstName: ..., MiddleName: ..., LastName: ..., SSN: ..., Phone: ..., DateIdentifiedRisk: ..., RiskLevel: ..., OutreachStatus: ..., VAMC: ...}, Object{ReachID: ..., FirstName: ..., MiddleName: ..., LastName: ..., SSN: ..., Phone: ..., DateIdentifiedRisk: ..., RiskLevel: ..., OutreachStatus: ..., VAMC: ...}, Object{ReachID: ..., FirstName: ..., MiddleName: ..., LastName: ..., SSN: ..., Phone: ..., DateIdentifiedRisk: ..., RiskLevel: ..., OutreachStatus: ..., VAMC: ...}, Object{ReachID: ..., FirstName: ..., MiddleName: ..., LastName: ..., SSN: ..., Phone: ..., DateIdentifiedRisk: ..., RiskLevel: ..., OutreachStatus: ..., VAMC: ...}, Object{ReachID: ..., FirstName: ..., MiddleName: ..., LastName: ..., SSN: ..., Phone: ..., DateIdentifiedRisk: ..., RiskLevel: ..., OutreachStatus: ..., VAMC: ...}, Object{ReachID: ..., FirstName: ..., MiddleName: ..., LastName: ..., SSN: ..., Phone: ..., DateIdentifiedRisk: ..., RiskLevel: ..., OutreachStatus: ..., VAMC: ...}, Object{ReachID: ..., FirstName: ..., MiddleName: ..., LastName: ..., SSN: ..., Phone: ..., DateIdentifiedRisk: ..., RiskLevel: ..., OutreachStatus: ..., VAMC: ...}, Object{ReachID: ..., FirstName: ..., MiddleName: ..., LastName: ..., SSN: ..., Phone: ..., DateIdentifiedRisk: ..., RiskLevel: ..., OutreachStatus: ..., VAMC: ...}, Object{ReachID: ..., FirstName: ..., MiddleName: ..., LastName: ..., SSN: ..., Phone: ..., DateIdentifiedRisk: ..., RiskLevel: ..., OutreachStatus: ..., VAMC: ...}, Object{ReachID: ..., FirstName: ..., MiddleName: ..., LastName: ..., SSN: ..., Phone: ..., DateIdentifiedRisk: ..., RiskLevel: ..., OutreachStatus: ..., VAMC: ...}, Object{ReachID: ..., FirstName: ..., MiddleName: ..., LastName: ..., SSN: ..., Phone: ..., DateIdentifiedRisk: ..., RiskLevel: ..., OutreachStatus: ..., VAMC: ...}, Object{ReachID: ..., FirstName: ..., MiddleName: ..., LastName: ..., SSN: ..., Phone: ..., DateIdentifiedRisk: ..., RiskLevel: ..., OutreachStatus: ..., VAMC: ...}, Object{ReachID: ..., FirstName: ..., MiddleName: ..., LastName: ..., SSN: ..., Phone: ..., DateIdentifiedRisk: ..., RiskLevel: ..., OutreachStatus: ..., VAMC: ...}, Object{ReachID: ..., FirstName: ..., MiddleName: ..., LastName: ..., SSN: ..., Phone: ..., DateIdentifiedRisk: ..., RiskLevel: ..., OutreachStatus: ..., VAMC: ...}, Object{ReachID: ..., FirstName: ..., MiddleName: ..., LastName: ..., SSN: ..., Phone: ..., DateIdentifiedRisk: ..., RiskLevel: ..., OutreachStatus: ..., VAMC: ...}, Object{ReachID: ..., FirstName: ..., MiddleName: ..., LastName: ..., SSN: ..., Phone: ..., DateIdentifiedRisk: ..., RiskLevel: ..., OutreachStatus: ..., VAMC: ...}, Object{ReachID: ..., FirstName: ..., MiddleName: ..., LastName: ..., SSN: ..., Phone: ..., DateIdentifiedRisk: ..., RiskLevel: ..., OutreachStatus: ..., VAMC: ...}, Object{ReachID: ..., FirstName: ..., MiddleName: ..., LastName: ..., SSN: ..., Phone: ..., DateIdentifiedRisk: ..., RiskLevel: ..., OutreachStatus: ..., VAMC: ...}, Object{ReachID: ..., FirstName: ..., MiddleName: ..., LastName: ..., SSN: ..., Phone: ..., DateIdentifiedRisk: ..., RiskLevel: ..., OutreachStatus: ..., VAMC: ...}, Object{ReachID: ..., FirstName: ..., MiddleName: ..., LastName: ..., SSN: ..., Phone: ..., DateIdentifiedRisk: ..., RiskLevel: ..., OutreachStatus: ..., VAMC: ...}, Object{ReachID: ..., FirstName: ..., MiddleName: ..., LastName: ..., SSN: ..., Phone: ..., DateIdentifiedRisk: ..., RiskLevel: ..., OutreachStatus: ..., VAMC: ...}, Object{ReachID: ..., FirstName: ..., MiddleName: ..., LastName: ..., SSN: ..., Phone: ..., DateIdentifiedRisk: ..., RiskLevel: ..., OutreachStatus: ..., VAMC: ...}, Object{ReachID: ..., FirstName: ..., MiddleName: ..., LastName: ..., SSN: ..., Phone: ..., DateIdentifiedRisk: ..., RiskLevel: ..., OutreachStatus: ..., VAMC: ...}, Object{ReachID: ..., FirstName: ..., MiddleName: ..., LastName: ..., SSN: ..., Phone: ..., DateIdentifiedRisk: ..., RiskLevel: ..., OutreachStatus: ..., VAMC: ...}, Object{ReachID: ..., FirstName: ..., MiddleName: ..., LastName: ..., SSN: ..., Phone: ..., DateIdentifiedRisk: ..., RiskLevel: ..., OutreachStatus: ..., VAMC: ...}, Object{ReachID: ..., FirstName: ..., MiddleName: ..., LastName: ..., SSN: ..., Phone: ..., DateIdentifiedRisk: ..., RiskLevel: ..., OutreachStatus: ..., VAMC: ...}, Object{ReachID: ..., FirstName: ..., MiddleName: ..., LastName: ..., SSN: ..., Phone: ..., DateIdentifiedRisk: ..., RiskLevel: ..., OutreachStatus: ..., VAMC: ...}, Object{ReachID: ..., FirstName: ..., MiddleName: ..., LastName: ..., SSN: ..., Phone: ..., DateIdentifiedRisk: ..., RiskLevel: ..., OutreachStatus: ..., VAMC: ...}, Object{ReachID: ..., FirstName: ..., MiddleName: ..., LastName: ..., SSN: ..., Phone: ..., DateIdentifiedRisk: ..., RiskLevel: ..., OutreachStatus: ..., VAMC: ...}, Object{ReachID: ..., FirstName: ..., MiddleName: ..., LastName: ..., SSN: ..., Phone: ..., DateIdentifiedRisk: ..., RiskLevel: ..., OutreachStatus: ..., VAMC: ...}, Object{ReachID: ..., FirstName: ..., MiddleName: ..., LastName: ..., SSN: ..., Phone: ..., DateIdentifiedRisk: ..., RiskLevel: ..., OutreachStatus: ..., VAMC: ...}, Object{ReachID: ..., FirstName: ..., MiddleName: ..., LastName: ..., SSN: ..., Phone: ..., DateIdentifiedRisk: ..., RiskLevel: ..., OutreachStatus: ..., VAMC: ...}, Object{ReachID: ..., FirstName: ..., MiddleName: ..., LastName: ..., SSN: ..., Phone: ..., DateIdentifiedRisk: ..., RiskLevel: ..., OutreachStatus: ..., VAMC: ...}, Object{ReachID: ..., FirstName: ..., MiddleName: ..., LastName: ..., SSN: ..., Phone: ..., DateIdentifiedRisk: ..., RiskLevel: ..., OutreachStatus: ..., VAMC: ...}, Object{ReachID: ..., FirstName: ..., MiddleName: ..., LastName: ..., SSN: ..., Phone: ..., DateIdentifiedRisk: ..., RiskLevel: ..., OutreachStatus: ..., VAMC: ...}, Object{ReachID: ..., FirstName: ..., MiddleName: ..., LastName: ..., SSN: ..., Phone: ..., DateIdentifiedRisk: ..., RiskLevel: ..., OutreachStatus: ..., VAMC: ...}, Object{ReachID: ..., FirstName: ..., MiddleName: ..., LastName: ..., SSN: ..., Phone: ..., DateIdentifiedRisk: ..., RiskLevel: ..., OutreachStatus: ..., VAMC: ...}, Object{ReachID: ..., FirstName: ..., MiddleName: ..., LastName: ..., SSN: ..., Phone: ..., DateIdentifiedRisk: ..., RiskLevel: ..., OutreachStatus: ..., VAMC: ...}, Object{ReachID: ..., FirstName: ..., MiddleName: ..., LastName: ..., SSN: ..., Phone: ..., DateIdentifiedRisk: ..., RiskLevel: ..., OutreachStatus: ..., VAMC: ...}, Object{ReachID: ..., FirstName: ..., MiddleName: ..., LastName: ..., SSN: ..., Phone: ..., DateIdentifiedRisk: ..., RiskLevel: ..., OutreachStatus: ..., VAMC: ...}, Object{ReachID: ..., FirstName: ..., MiddleName: ..., LastName: ..., SSN: ..., Phone: ..., DateIdentifiedRisk: ..., RiskLevel: ..., OutreachStatus: ..., VAMC: ...}, Object{ReachID: ..., FirstName: ..., MiddleName: ..., LastName: ..., SSN: ..., Phone: ..., DateIdentifiedRisk: ..., RiskLevel: ..., OutreachStatus: ..., VAMC: ...}, Object{ReachID: ..., FirstName: ..., MiddleName: ..., LastName: ..., SSN: ..., Phone: ..., DateIdentifiedRisk: ..., RiskLevel: ..., OutreachStatus: ..., VAMC: ...}, Object{ReachID: ..., FirstName: ..., MiddleName: ..., LastName: ..., SSN: ..., Phone: ..., DateIdentifiedRisk: ..., RiskLevel: ..., OutreachStatus: ..., VAMC: ...}, Object{ReachID: ..., FirstName: ..., MiddleName: ..., LastName: ..., SSN: ..., Phone: ..., DateIdentifiedRisk: ..., RiskLevel: ..., OutreachStatus: ..., VAMC: ...}, Object{ReachID: ..., FirstName: ..., MiddleName: ..., LastName: ..., SSN: ..., Phone: ..., DateIdentifiedRisk: ..., RiskLevel: ..., OutreachStatus: ..., VAMC: ...}, Object{ReachID: ..., FirstName: ..., MiddleName: ..., LastName: ..., SSN: ..., Phone: ..., DateIdentifiedRisk: ..., RiskLevel: ..., OutreachStatus: ..., VAMC: ...}, Object{ReachID: ..., FirstName: ..., MiddleName: ..., LastName: ..., SSN: ..., Phone: ..., DateIdentifiedRisk: ..., RiskLevel: ..., OutreachStatus: ..., VAMC: ...}, Object{ReachID: ..., FirstName: ..., MiddleName: ..., LastName: ..., SSN: ..., Phone: ..., DateIdentifiedRisk: ..., RiskLevel: ..., OutreachStatus: ..., VAMC: ...}, Object{ReachID: ..., FirstName: ..., MiddleName: ..., LastName: ..., SSN: ..., Phone: ..., DateIdentifiedRisk: ..., RiskLevel: ..., OutreachStatus: ..., VAMC: ...}, Object{ReachID: ..., FirstName: ..., MiddleName: ..., LastName: ..., SSN: ..., Phone: ..., DateIdentifiedRisk: ..., RiskLevel: ..., OutreachStatus: ..., VAMC: ...}, Object{ReachID: ..., FirstName: ..., MiddleName: ..., LastName: ..., SSN: ..., Phone: ..., DateIdentifiedRisk: ..., RiskLevel: ..., OutreachStatus: ..., VAMC: ...}, Object{ReachID: ..., FirstName: ..., MiddleName: ..., LastName: ..., SSN: ..., Phone: ..., DateIdentifiedRisk: ..., RiskLevel: ..., OutreachStatus: ..., VAMC: ...}, Object{ReachID: ..., FirstName: ..., MiddleName: ..., LastName: ..., SSN: ..., Phone: ..., DateIdentifiedRisk: ..., RiskLevel: ..., OutreachStatus: ..., VAMC: ...}, Object{ReachID: ..., FirstName: ..., MiddleName: ..., LastName: ..., SSN: ..., Phone: ..., DateIdentifiedRisk: ..., RiskLevel: ..., OutreachStatus: ..., VAMC: ...}, Object{ReachID: ..., FirstName: ..., MiddleName: ..., LastName: ..., SSN: ..., Phone: ..., DateIdentifiedRisk: ..., RiskLevel: ..., OutreachStatus: ..., VAMC: ...}, Object{ReachID: ..., FirstName: ..., MiddleName: ..., LastName: ..., SSN: ..., Phone: ..., DateIdentifiedRisk: ..., RiskLevel: ..., OutreachStatus: ..., VAMC: ...}, Object{ReachID: ..., FirstName: ..., MiddleName: ..., LastName: ..., SSN: ..., Phone: ..., DateIdentifiedRisk: ..., RiskLevel: ..., OutreachStatus: ..., VAMC: ...}, Object{ReachID: ..., FirstName: ..., MiddleName: ..., LastName: ..., SSN: ..., Phone: ..., DateIdentifiedRisk: ..., RiskLevel: ..., OutreachStatus: ..., VAMC: ...}, Object{ReachID: ..., FirstName: ..., MiddleName: ..., LastName: ..., SSN: ..., Phone: ..., DateIdentifiedRisk: ..., RiskLevel: ..., OutreachStatus: ..., VAMC: ...}, Object{ReachID: ..., FirstName: ..., MiddleName: ..., LastName: ..., SSN: ..., Phone: ..., DateIdentifiedRisk: ..., RiskLevel: ..., OutreachStatus: ..., VAMC: ...}, Object{ReachID: ..., FirstName: ..., MiddleName: ..., LastName: ..., SSN: ..., Phone: ..., DateIdentifiedRisk: ..., RiskLevel: ..., OutreachStatus: ..., VAMC: ...}, Object{ReachID: ..., FirstName: ..., MiddleName: ..., LastName: ..., SSN: ..., Phone: ..., DateIdentifiedRisk: ..., RiskLevel: ..., OutreachStatus: ..., VAMC: ...}, Object{ReachID: ..., FirstName: ..., MiddleName: ..., LastName: ..., SSN: ..., Phone: ..., DateIdentifiedRisk: ..., RiskLevel: ..., OutreachStatus: ..., VAMC: ...}, Object{ReachID: ..., FirstName: ..., MiddleName: ..., LastName: ..., SSN: ..., Phone: ..., DateIdentifiedRisk: ..., RiskLevel: ..., OutreachStatus: ..., VAMC: ...}, Object{ReachID: ..., FirstName: ..., MiddleName: ..., LastName: ..., SSN: ..., Phone: ..., DateIdentifiedRisk: ..., RiskLevel: ..., OutreachStatus: ..., VAMC: ...}, Object{ReachID: ..., FirstName: ..., MiddleName: ..., LastName: ..., SSN: ..., Phone: ..., DateIdentifiedRisk: ..., RiskLevel: ..., OutreachStatus: ..., VAMC: ...}, Object{ReachID: ..., FirstName: ..., MiddleName: ..., LastName: ..., SSN: ..., Phone: ..., DateIdentifiedRisk: ..., RiskLevel: ..., OutreachStatus: ..., VAMC: ...}, Object{ReachID: ..., FirstName: ..., MiddleName: ..., LastName: ..., SSN: ..., Phone: ..., DateIdentifiedRisk: ..., RiskLevel: ..., OutreachStatus: ..., VAMC: ...}, Object{ReachID: ..., FirstName: ..., MiddleName: ..., LastName: ..., SSN: ..., Phone: ..., DateIdentifiedRisk: ..., RiskLevel: ..., OutreachStatus: ..., VAMC: ...}, Object{ReachID: ..., FirstName: ..., MiddleName: ..., LastName: ..., SSN: ..., Phone: ..., DateIdentifiedRisk: ..., RiskLevel: ..., OutreachStatus: ..., VAMC: ...}, Object{ReachID: ..., FirstName: ..., MiddleName: ..., LastName: ..., SSN: ..., Phone: ..., DateIdentifiedRisk: ..., RiskLevel: ..., OutreachStatus: ..., VAMC: ...}, Object{ReachID: ..., FirstName: ..., MiddleName: ..., LastName: ..., SSN: ..., Phone: ..., DateIdentifiedRisk: ..., RiskLevel: ..., OutreachStatus: ..., VAMC: ...}, Object{ReachID: ..., FirstName: ..., MiddleName: ..., LastName: ..., SSN: ..., Phone: ..., DateIdentifiedRisk: ..., RiskLevel: ..., OutreachStatus: ..., VAMC: ...}, Object{ReachID: ..., FirstName: ..., MiddleName: ..., LastName: ..., SSN: ..., Phone: ..., DateIdentifiedRisk: ..., RiskLevel: ..., OutreachStatus: ..., VAMC: ...}, Object{ReachID: ..., FirstName: ..., MiddleName: ..., LastName: ..., SSN: ..., Phone: ..., DateIdentifiedRisk: ..., RiskLevel: ..., OutreachStatus: ..., VAMC: ...}, Object{ReachID: ..., FirstName: ..., MiddleName: ..., LastName: ..., SSN: ..., Phone: ..., DateIdentifiedRisk: ..., RiskLevel: ..., OutreachStatus: ..., VAMC: ...}, Object{ReachID: ..., FirstName: ..., MiddleName: ..., LastName: ..., SSN: ..., Phone: ..., DateIdentifiedRisk: ..., RiskLevel: ..., OutreachStatus: ..., VAMC: ...}, Object{ReachID: ..., FirstName: ..., MiddleName: ..., LastName: ..., SSN: ..., Phone: ..., DateIdentifiedRisk: ..., RiskLevel: ..., OutreachStatus: ..., VAMC: ...}, Object{ReachID: ..., FirstName: ..., MiddleName: ..., LastName: ..., SSN: ..., Phone: ..., DateIdentifiedRisk: ..., RiskLevel: ..., OutreachStatus: ..., VAMC: ...}, Object{ReachID: ..., FirstName: ..., MiddleName: ..., LastName: ..., SSN: ..., Phone: ..., DateIdentifiedRisk: ..., RiskLevel: ..., OutreachStatus: ..., VAMC: ...}, Object{ReachID: ..., FirstName: ..., MiddleName: ..., LastName: ..., SSN: ..., Phone: ..., DateIdentifiedRisk: ..., RiskLevel: ..., OutreachStatus: ..., VAMC: ...}, Object{ReachID: ..., FirstName: ..., MiddleName: ..., LastName: ..., SSN: ..., Phone: ..., DateIdentifiedRisk: ..., RiskLevel: ..., OutreachStatus: ..., VAMC: ...}, Object{ReachID: ..., FirstName: ..., MiddleName: ..., LastName: ..., SSN: ..., Phone: ..., DateIdentifiedRisk: ..., RiskLevel: ..., OutreachStatus: ..., VAMC: ...}, Object{ReachID: ..., FirstName: ..., MiddleName: ..., LastName: ..., SSN: ..., Phone: ..., DateIdentifiedRisk: ..., RiskLevel: ..., OutreachStatus: ..., VAMC: ...}, Object{ReachID: ..., FirstName: ..., MiddleName: ..., LastName: ..., SSN: ..., Phone: ..., DateIdentifiedRisk: ..., RiskLevel: ..., OutreachStatus: ..., VAMC: ...}, Object{ReachID: ..., FirstName: ..., MiddleName: ..., LastName: ..., SSN: ..., Phone: ..., DateIdentifiedRisk: ..., RiskLevel: ..., OutreachStatus: ..., VAMC: ...}, Object{ReachID: ..., FirstName: ..., MiddleName: ..., LastName: ..., SSN: ..., Phone: ..., DateIdentifiedRisk: ..., RiskLevel: ..., OutreachStatus: ..., VAMC: ...}, Object{ReachID: ..., FirstName: ..., MiddleName: ..., LastName: ..., SSN: ..., Phone: ..., DateIdentifiedRisk: ..., RiskLevel: ..., OutreachStatus: ..., VAMC: ...}, Object{ReachID: ..., FirstName: ..., MiddleName: ..., LastName: ..., SSN: ..., Phone: ..., DateIdentifiedRisk: ..., RiskLevel: ..., OutreachStatus: ..., VAMC: ...}, Object{ReachID: ..., FirstName: ..., MiddleName: ..., LastName: ..., SSN: ..., Phone: ..., DateIdentifiedRisk: ..., RiskLevel: ..., OutreachStatus: ..., VAMC: ...}, Object{ReachID: ..., FirstName: ..., MiddleName: ..., LastName: ..., SSN: ..., Phone: ..., DateIdentifiedRisk: ..., RiskLevel: ..., OutreachStatus: ..., VAMC: ...}, Object{ReachID: ..., FirstName: ..., MiddleName: ..., LastName: ..., SSN: ..., Phone: ..., DateIdentifiedRisk: ..., RiskLevel: ..., OutreachStatus: ..., VAMC: ...}, Object{ReachID: ..., FirstName: ..., MiddleName: ..., LastName: ..., SSN: ..., Phone: ..., DateIdentifiedRisk: ..., RiskLevel: ..., OutreachStatus: ..., VAMC: ...}, Object{ReachID: ..., FirstName: ..., MiddleName: ..., LastName: ..., SSN: ..., Phone: ..., DateIdentifiedRisk: ..., RiskLevel: ..., OutreachStatus: ..., VAMC: ...}, Object{ReachID: ..., FirstName: ..., MiddleName: ..., LastName: ..., SSN: ..., Phone: ..., DateIdentifiedRisk: ..., RiskLevel: ..., OutreachStatus: ..., VAMC: ...}, Object{ReachID: ..., FirstName: ..., MiddleName: ..., LastName: ..., SSN: ..., Phone: ..., DateIdentifiedRisk: ..., RiskLevel: ..., OutreachStatus: ..., VAMC: ...}, Object{ReachID: ..., FirstName: ..., MiddleName: ..., LastName: ..., SSN: ..., Phone: ..., DateIdentifiedRisk: ..., RiskLevel: ..., OutreachStatus: ..., VAMC: ...}, Object{ReachID: ..., FirstName: ..., MiddleName: ..., LastName: ..., SSN: ..., Phone: ..., DateIdentifiedRisk: ..., RiskLevel: ..., OutreachStatus: ..., VAMC: ...}, Object{ReachID: ..., FirstName: ..., MiddleName: ..., LastName: ..., SSN: ..., Phone: ..., DateIdentifiedRisk: ..., RiskLevel: ..., OutreachStatus: ..., VAMC: ...}, Object{ReachID: ..., FirstName: ..., MiddleName: ..., LastName: ..., SSN: ..., Phone: ..., DateIdentifiedRisk: ..., RiskLevel: ..., OutreachStatus: ..., VAMC: ...}, Object{ReachID: ..., FirstName: ..., MiddleName: ..., LastName: ..., SSN: ..., Phone: ..., DateIdentifiedRisk: ..., RiskLevel: ..., OutreachStatus: ..., VAMC: ...}, Object{ReachID: ..., FirstName: ..., MiddleName: ..., LastName: ..., SSN: ..., Phone: ..., DateIdentifiedRisk: ..., RiskLevel: ..., OutreachStatus: ..., VAMC: ...}, Object{ReachID: ..., FirstName: ..., MiddleName: ..., LastName: ..., SSN: ..., Phone: ..., DateIdentifiedRisk: ..., RiskLevel: ..., OutreachStatus: ..., VAMC: ...}, Object{ReachID: ..., FirstName: ..., MiddleName: ..., LastName: ..., SSN: ..., Phone: ..., DateIdentifiedRisk: ..., RiskLevel: ..., OutreachStatus: ..., VAMC: ...}, Object{ReachID: ..., FirstName: ..., MiddleName: ..., LastName: ..., SSN: ..., Phone: ..., DateIdentifiedRisk: ..., RiskLevel: ..., OutreachStatus: ..., VAMC: ...}, Object{ReachID: ..., FirstName: ..., MiddleName: ..., LastName: ..., SSN: ..., Phone: ..., DateIdentifiedRisk: ..., RiskLevel: ..., OutreachStatus: ..., VAMC: ...}, Object{ReachID: ..., FirstName: ..., MiddleName: ..., LastName: ..., SSN: ..., Phone: ..., DateIdentifiedRisk: ..., RiskLevel: ..., OutreachStatus: ..., VAMC: ...}, Object{ReachID: ..., FirstName: ..., MiddleName: ..., LastName: ..., SSN: ..., Phone: ..., DateIdentifiedRisk: ..., RiskLevel: ..., OutreachStatus: ..., VAMC: ...}, Object{ReachID: ..., FirstName: ..., MiddleName: ..., LastName: ..., SSN: ..., Phone: ..., DateIdentifiedRisk: ..., RiskLevel: ..., OutreachStatus: ..., VAMC: ...}, Object{ReachID: ..., FirstName: ..., MiddleName: ..., LastName: ..., SSN: ..., Phone: ..., DateIdentifiedRisk: ..., RiskLevel: ..., OutreachStatus: ..., VAMC: ...}, Object{ReachID: ..., FirstName: ..., MiddleName: ..., LastName: ..., SSN: ..., Phone: ..., DateIdentifiedRisk: ..., RiskLevel: ..., OutreachStatus: ..., VAMC: ...}, Object{ReachID: ..., FirstName: ..., MiddleName: ..., LastName: ..., SSN: ..., Phone: ..., DateIdentifiedRisk: ..., RiskLevel: ..., OutreachStatus: ..., VAMC: ...}, Object{ReachID: ..., FirstName: ..., MiddleName: ..., LastName: ..., SSN: ..., Phone: ..., DateIdentifiedRisk: ..., RiskLevel: ..., OutreachStatus: ..., VAMC: ...}, Object{ReachID: ..., FirstName: ..., MiddleName: ..., LastName: ..., SSN: ..., Phone: ..., DateIdentifiedRisk: ..., RiskLevel: ..., OutreachStatus: ..., VAMC: ...}, Object{ReachID: ..., FirstName: ..., MiddleName: ..., LastName: ..., SSN: ..., Phone: ..., DateIdentifiedRisk: ..., RiskLevel: ..., OutreachStatus: ..., VAMC: ...}, Object{ReachID: ..., FirstName: ..., MiddleName: ..., LastName: ..., SSN: ..., Phone: ..., DateIdentifiedRisk: ..., RiskLevel: ..., OutreachStatus: ..., VAMC: ...}, Object{ReachID: ..., FirstName: ..., MiddleName: ..., LastName: ..., SSN: ..., Phone: ..., DateIdentifiedRisk: ..., RiskLevel: ..., OutreachStatus: ..., VAMC: ...}, Object{ReachID: ..., FirstName: ..., MiddleName: ..., LastName: ..., SSN: ..., Phone: ..., DateIdentifiedRisk: ..., RiskLevel: ..., O
[...]
ame: ..., LastName: ..., SSN: ..., Phone: ..., DateIdentifiedRisk: ..., RiskLevel: ..., OutreachStatus: ..., VAMC: ...}, Object{ReachID: ..., FirstName: ..., MiddleName: ..., LastName: ..., SSN: ..., Phone: ..., DateIdentifiedRisk: ..., RiskLevel: ..., OutreachStatus: ..., VAMC: ...}, Object{ReachID: ..., FirstName: ..., MiddleName: ..., LastName: ..., SSN: ..., Phone: ..., DateIdentifiedRisk: ..., RiskLevel: ..., OutreachStatus: ..., VAMC: ...}, Object{ReachID: ..., FirstName: ..., MiddleName: ..., LastName: ..., SSN: ..., Phone: ..., DateIdentifiedRisk: ..., RiskLevel: ..., OutreachStatus: ..., VAMC: ...}, Object{ReachID: ..., FirstName: ..., MiddleName: ..., LastName: ..., SSN: ..., Phone: ..., DateIdentifiedRisk: ..., RiskLevel: ..., OutreachStatus: ..., VAMC: ...}, Object{ReachID: ..., FirstName: ..., MiddleName: ..., LastName: ..., SSN: ..., Phone: ..., DateIdentifiedRisk: ..., RiskLevel: ..., OutreachStatus: ..., VAMC: ...}, Object{ReachID: ..., FirstName: ..., MiddleName: ..., LastName: ..., SSN: ..., Phone: ..., DateIdentifiedRisk: ..., RiskLevel: ..., OutreachStatus: ..., VAMC: ...}, Object{ReachID: ..., FirstName: ..., MiddleName: ..., LastName: ..., SSN: ..., Phone: ..., DateIdentifiedRisk: ..., RiskLevel: ..., OutreachStatus: ..., VAMC: ...}, Object{ReachID: ..., FirstName: ..., MiddleName: ..., LastName: ..., SSN: ..., Phone: ..., DateIdentifiedRisk: ..., RiskLevel: ..., OutreachStatus: ..., VAMC: ...}, Object{ReachID: ..., FirstName: ..., MiddleName: ..., LastName: ..., SSN: ..., Phone: ..., DateIdentifiedRisk: ..., RiskLevel: ..., OutreachStatus: ..., VAMC: ...}, Object{ReachID: ..., FirstName: ..., MiddleName: ..., LastName: ..., SSN: ..., Phone: ..., DateIdentifiedRisk: ..., RiskLevel: ..., OutreachStatus: ..., VAMC: ...}, Object{ReachID: ..., FirstName: ..., MiddleName: ..., LastName: ..., SSN: ..., Phone: ..., DateIdentifiedRisk: ..., RiskLevel: ..., OutreachStatus: ..., VAMC: ...}, Object{ReachID: ..., FirstName: ..., MiddleName: ..., LastName: ..., SSN: ..., Phone: ..., DateIdentifiedRisk: ..., RiskLevel: ..., OutreachStatus: ..., VAMC: ...}, Object{ReachID: ..., FirstName: ..., MiddleName: ..., LastName: ..., SSN: ..., Phone: ..., DateIdentifiedRisk: ..., RiskLevel: ..., OutreachStatus: ..., VAMC: ...}, Object{ReachID: ..., FirstName: ..., MiddleName: ..., LastName: ..., SSN: ..., Phone: ..., DateIdentifiedRisk: ..., RiskLevel: ..., OutreachStatus: ..., VAMC: ...}, Object{ReachID: ..., FirstName: ..., MiddleName: ..., LastName: ..., SSN: ..., Phone: ..., DateIdentifiedRisk: ..., RiskLevel: ..., OutreachStatus: ..., VAMC: ...}, Object{ReachID: ..., FirstName: ..., MiddleName: ..., LastName: ..., SSN: ..., Phone: ..., DateIdentifiedRisk: ..., RiskLevel: ..., OutreachStatus: ..., VAMC: ...}, Object{ReachID: ..., FirstName: ..., MiddleName: ..., LastName: ..., SSN: ..., Phone: ..., DateIdentifiedRisk: ..., RiskLevel: ..., OutreachStatus: ..., VAMC: ...}, Object{ReachID: ..., FirstName: ..., MiddleName: ..., LastName: ..., SSN: ..., Phone: ..., DateIdentifiedRisk: ..., RiskLevel: ..., OutreachStatus: ..., VAMC: ...}, Object{ReachID: ..., FirstName: ..., MiddleName: ..., LastName: ..., SSN: ..., Phone: ..., DateIdentifiedRisk: ..., RiskLevel: ..., OutreachStatus: ..., VAMC: ...}, Object{ReachID: ..., FirstName: ..., MiddleName: ..., LastName: ..., SSN: ..., Phone: ..., DateIdentifiedRisk: ..., RiskLevel: ..., OutreachStatus: ..., VAMC: ...}, Object{ReachID: ..., FirstName: ..., MiddleName: ..., LastName: ..., SSN: ..., Phone: ..., DateIdentifiedRisk: ..., RiskLevel: ..., OutreachStatus: ..., VAMC: ...}, Object{ReachID: ..., FirstName: ..., MiddleName: ..., LastName: ..., SSN: ..., Phone: ..., DateIdentifiedRisk: ..., RiskLevel: ..., OutreachStatus: ..., VAMC: ...}, Object{ReachID: ..., FirstName: ..., MiddleName: ..., LastName: ..., SSN: ..., Phone: ..., DateIdentifiedRisk: ..., RiskLevel: ..., OutreachStatus: ..., VAMC: ...}, Object{ReachID: ..., FirstName: ..., MiddleName: ..., LastName: ..., SSN: ..., Phone: ..., DateIdentifiedRisk: ..., RiskLevel: ..., OutreachStatus: ..., VAMC: ...}, Object{ReachID: ..., FirstName: ..., MiddleName: ..., LastName: ..., SSN: ..., Phone: ..., DateIdentifiedRisk: ..., RiskLevel: ..., OutreachStatus: ..., VAMC: ...}, Object{ReachID: ..., FirstName: ..., MiddleName: ..., LastName: ..., SSN: ..., Phone: ..., DateIdentifiedRisk: ..., RiskLevel: ..., OutreachStatus: ..., VAMC: ...}, Object{ReachID: ..., FirstName: ..., MiddleName: ..., LastName: ..., SSN: ..., Phone: ..., DateIdentifiedRisk: ..., RiskLevel: ..., OutreachStatus: ..., VAMC: ...}, Object{ReachID: ..., FirstName: ..., MiddleName: ..., LastName: ..., SSN: ..., Phone: ..., DateIdentifiedRisk: ..., RiskLevel: ..., OutreachStatus: ..., VAMC: ...}, Object{ReachID: ..., FirstName: ..., MiddleName: ..., LastName: ..., SSN: ..., Phone: ..., DateIdentifiedRisk: ..., RiskLevel: ..., OutreachStatus: ..., VAMC: ...}, Object{ReachID: ..., FirstName: ..., MiddleName: ..., LastName: ..., SSN: ..., Phone: ..., DateIdentifiedRisk: ..., RiskLevel: ..., OutreachStatus: ..., VAMC: ...}, Object{ReachID: ..., FirstName: ..., MiddleName: ..., LastName: ..., SSN: ..., Phone: ..., DateIdentifiedRisk: ..., RiskLevel: ..., OutreachStatus: ..., VAMC: ...}, Object{ReachID: ..., FirstName: ..., MiddleName: ..., LastName: ..., SSN: ..., Phone: ..., DateIdentifiedRisk: ..., RiskLevel: ..., OutreachStatus: ..., VAMC: ...}, Object{ReachID: ..., FirstName: ..., MiddleName: ..., LastName: ..., SSN: ..., Phone: ..., DateIdentifiedRisk: ..., RiskLevel: ..., OutreachStatus: ..., VAMC: ...}, Object{ReachID: ..., FirstName: ..., MiddleName: ..., LastName: ..., SSN: ..., Phone: ..., DateIdentifiedRisk: ..., RiskLevel: ..., OutreachStatus: ..., VAMC: ...}, Object{ReachID: ..., FirstName: ..., MiddleName: ..., LastName: ..., SSN: ..., Phone: ..., DateIdentifiedRisk: ..., RiskLevel: ..., OutreachStatus: ..., VAMC: ...}, Object{ReachID: ..., FirstName: ..., MiddleName: ..., LastName: ..., SSN: ..., Phone: ..., DateIdentifiedRisk: ..., RiskLevel: ..., OutreachStatus: ..., VAMC: ...}, Object{ReachID: ..., FirstName: ..., MiddleName: ..., LastName: ..., SSN: ..., Phone: ..., DateIdentifiedRisk: ..., RiskLevel: ..., OutreachStatus: ..., VAMC: ...}, Object{ReachID: ..., FirstName: ..., MiddleName: ..., LastName: ..., SSN: ..., Phone: ..., DateIdentifiedRisk: ..., RiskLevel: ..., OutreachStatus: ..., VAMC: ...}, Object{ReachID: ..., FirstName: ..., MiddleName: ..., LastName: ..., SSN: ..., Phone: ..., DateIdentifiedRisk: ..., RiskLevel: ..., OutreachStatus: ..., VAMC: ...}, Object{ReachID: ..., FirstName: ..., MiddleName: ..., LastName: ..., SSN: ..., Phone: ..., DateIdentifiedRisk: ..., RiskLevel: ..., OutreachStatus: ..., VAMC: ...}, Object{ReachID: ..., FirstName: ..., MiddleName: ..., LastName: ..., SSN: ..., Phone: ..., DateIdentifiedRisk: ..., RiskLevel: ..., OutreachStatus: ..., VAMC: ...}, Object{ReachID: ..., FirstName: ..., MiddleName: ..., LastName: ..., SSN: ..., Phone: ..., DateIdentifiedRisk: ..., RiskLevel: ..., OutreachStatus: ..., VAMC: ...}, Object{ReachID: ..., FirstName: ..., MiddleName: ..., LastName: ..., SSN: ..., Phone: ..., DateIdentifiedRisk: ..., RiskLevel: ..., OutreachStatus: ..., VAMC: ...}, Object{ReachID: ..., FirstName: ..., MiddleName: ..., LastName: ..., SSN: ..., Phone: ..., DateIdentifiedRisk: ..., RiskLevel: ..., OutreachStatus: ..., VAMC: ...}, Object{ReachID: ..., FirstName: ..., MiddleName: ..., LastName: ..., SSN: ..., Phone: ..., DateIdentifiedRisk: ..., RiskLevel: ..., OutreachStatus: ..., VAMC: ...}, Object{ReachID: ..., FirstName: ..., MiddleName: ..., LastName: ..., SSN: ..., Phone: ..., DateIdentifiedRisk: ..., RiskLevel: ..., OutreachStatus: ..., VAMC: ...}, Object{ReachID: ..., FirstName: ..., MiddleName: ..., LastName: ..., SSN: ..., Phone: ..., DateIdentifiedRisk: ..., RiskLevel: ..., OutreachStatus: ..., VAMC: ...}, Object{ReachID: ..., FirstName: ..., MiddleName: ..., LastName: ..., SSN: ..., Phone: ..., DateIdentifiedRisk: ..., RiskLevel: ..., OutreachStatus: ..., VAMC: ...}, Object{ReachID: ..., FirstName: ..., MiddleName: ..., LastName: ..., SSN: ..., Phone: ..., DateIdentifiedRisk: ..., RiskLevel: ..., OutreachStatus: ..., VAMC: ...}, Object{ReachID: ..., FirstName: ..., MiddleName: ..., LastName: ..., SSN: ..., Phone: ..., DateIdentifiedRisk: ..., RiskLevel: ..., OutreachStatus: ..., VAMC: ...}, Object{ReachID: ..., FirstName: ..., MiddleName: ..., LastName: ..., SSN: ..., Phone: ..., DateIdentifiedRisk: ..., RiskLevel: ..., OutreachStatus: ..., VAMC: ...}, Object{ReachID: ..., FirstName: ..., MiddleName: ..., LastName: ..., SSN: ..., Phone: ..., DateIdentifiedRisk: ..., RiskLevel: ..., OutreachStatus: ..., VAMC: ...}, Object{ReachID: ..., FirstName: ..., MiddleName: ..., LastName: ..., SSN: ..., Phone: ..., DateIdentifiedRisk: ..., RiskLevel: ..., OutreachStatus: ..., VAMC: ...}, Object{ReachID: ..., FirstName: ..., MiddleName: ..., LastName: ..., SSN: ..., Phone: ..., DateIdentifiedRisk: ..., RiskLevel: ..., OutreachStatus: ..., VAMC: ...}, Object{ReachID: ..., FirstName: ..., MiddleName: ..., LastName: ..., SSN: ..., Phone: ..., DateIdentifiedRisk: ..., RiskLevel: ..., OutreachStatus: ..., VAMC: ...}, Object{ReachID: ..., FirstName: ..., MiddleName: ..., LastName: ..., SSN: ..., Phone: ..., DateIdentifiedRisk: ..., RiskLevel: ..., OutreachStatus: ..., VAMC: ...}, Object{ReachID: ..., FirstName: ..., MiddleName: ..., LastName: ..., SSN: ..., Phone: ..., DateIdentifiedRisk: ..., RiskLevel: ..., OutreachStatus: ..., VAMC: ...}, Object{ReachID: ..., FirstName: ..., MiddleName: ..., LastName: ..., SSN: ..., Phone: ..., DateIdentifiedRisk: ..., RiskLevel: ..., OutreachStatus: ..., VAMC: ...}, Object{ReachID: ..., FirstName: ..., MiddleName: ..., LastName: ..., SSN: ..., Phone: ..., DateIdentifiedRisk: ..., RiskLevel: ..., OutreachStatus: ..., VAMC: ...}, Object{ReachID: ..., FirstName: ..., MiddleName: ..., LastName: ..., SSN: ..., Phone: ..., DateIdentifiedRisk: ..., RiskLevel: ..., OutreachStatus: ..., VAMC: ...}, Object{ReachID: ..., FirstName: ..., MiddleName: ..., LastName: ..., SSN: ..., Phone: ..., DateIdentifiedRisk: ..., RiskLevel: ..., OutreachStatus: ..., VAMC: ...}, Object{ReachID: ..., FirstName: ..., MiddleName: ..., LastName: ..., SSN: ..., Phone: ..., DateIdentifiedRisk: ..., RiskLevel: ..., OutreachStatus: ..., VAMC: ...}, Object{ReachID: ..., FirstName: ..., MiddleName: ..., LastName: ..., SSN: ..., Phone: ..., DateIdentifiedRisk: ..., RiskLevel: ..., OutreachStatus: ..., VAMC: ...}, Object{ReachID: ..., FirstName: ..., MiddleName: ..., LastName: ..., SSN: ..., Phone: ..., DateIdentifiedRisk: ..., RiskLevel: ..., OutreachStatus: ..., VAMC: ...}, Object{ReachID: ..., FirstName: ..., MiddleName: ..., LastName: ..., SSN: ..., Phone: ..., DateIdentifiedRisk: ..., RiskLevel: ..., OutreachStatus: ..., VAMC: ...}, Object{ReachID: ..., FirstName: ..., MiddleName: ..., LastName: ..., SSN: ..., Phone: ..., DateIdentifiedRisk: ..., RiskLevel: ..., OutreachStatus: ..., VAMC: ...}, Object{ReachID: ..., FirstName: ..., MiddleName: ..., LastName: ..., SSN: ..., Phone: ..., DateIdentifiedRisk: ..., RiskLevel: ..., OutreachStatus: ..., VAMC: ...}, Object{ReachID: ..., FirstName: ..., MiddleName: ..., LastName: ..., SSN: ..., Phone: ..., DateIdentifiedRisk: ..., RiskLevel: ..., OutreachStatus: ..., VAMC: ...}, Object{ReachID: ..., FirstName: ..., MiddleName: ..., LastName: ..., SSN: ..., Phone: ..., DateIdentifiedRisk: ..., RiskLevel: ..., OutreachStatus: ..., VAMC: ...}, Object{ReachID: ..., FirstName: ..., MiddleName: ..., LastName: ..., SSN: ..., Phone: ..., DateIdentifiedRisk: ..., RiskLevel: ..., OutreachStatus: ..., VAMC: ...}, Object{ReachID: ..., FirstName: ..., MiddleName: ..., LastName: ..., SSN: ..., Phone: ..., DateIdentifiedRisk: ..., RiskLevel: ..., OutreachStatus: ..., VAMC: ...}, Object{ReachID: ..., FirstName: ..., MiddleName: ..., LastName: ..., SSN: ..., Phone: ..., DateIdentifiedRisk: ..., RiskLevel: ..., OutreachStatus: ..., VAMC: ...}, Object{ReachID: ..., FirstName: ..., MiddleName: ..., LastName: ..., SSN: ..., Phone: ..., DateIdentifiedRisk: ..., RiskLevel: ..., OutreachStatus: ..., VAMC: ...}, Object{ReachID: ..., FirstName: ..., MiddleName: ..., LastName: ..., SSN: ..., Phone: ..., DateIdentifiedRisk: ..., RiskLevel: ..., OutreachStatus: ..., VAMC: ...}, Object{ReachID: ..., FirstName: ..., MiddleName: ..., LastName: ..., SSN: ..., Phone: ..., DateIdentifiedRisk: ..., RiskLevel: ..., OutreachStatus: ..., VAMC: ...}, Object{ReachID: ..., FirstName: ..., MiddleName: ..., LastName: ..., SSN: ..., Phone: ..., DateIdentifiedRisk: ..., RiskLevel: ..., OutreachStatus: ..., VAMC: ...}, Object{ReachID: ..., FirstName: ..., MiddleName: ..., LastName: ..., SSN: ..., Phone: ..., DateIdentifiedRisk: ..., RiskLevel: ..., OutreachStatus: ..., VAMC: ...}, Object{ReachID: ..., FirstName: ..., MiddleName: ..., LastName: ..., SSN: ..., Phone: ..., DateIdentifiedRisk: ..., RiskLevel: ..., OutreachStatus: ..., VAMC: ...}, Object{ReachID: ..., FirstName: ..., MiddleName: ..., LastName: ..., SSN: ..., Phone: ..., DateIdentifiedRisk: ..., RiskLevel: ..., OutreachStatus: ..., VAMC: ...}, Object{ReachID: ..., FirstName: ..., MiddleName: ..., LastName: ..., SSN: ..., Phone: ..., DateIdentifiedRisk: ..., RiskLevel: ..., OutreachStatus: ..., VAMC: ...}, Object{ReachID: ..., FirstName: ..., MiddleName: ..., LastName: ..., SSN: ..., Phone: ..., DateIdentifiedRisk: ..., RiskLevel: ..., OutreachStatus: ..., VAMC: ...}, Object{ReachID: ..., FirstName: ..., MiddleName: ..., LastName: ..., SSN: ..., Phone: ..., DateIdentifiedRisk: ..., RiskLevel: ..., OutreachStatus: ..., VAMC: ...}, Object{ReachID: ..., FirstName: ..., MiddleName: ..., LastName: ..., SSN: ..., Phone: ..., DateIdentifiedRisk: ..., RiskLevel: ..., OutreachStatus: ..., VAMC: ...}, Object{ReachID: ..., FirstName: ..., MiddleName: ..., LastName: ..., SSN: ..., Phone: ..., DateIdentifiedRisk: ..., RiskLevel: ..., OutreachStatus: ..., VAMC: ...}, Object{ReachID: ..., FirstName: ..., MiddleName: ..., LastName: ..., SSN: ..., Phone: ..., DateIdentifiedRisk: ..., RiskLevel: ..., OutreachStatus: ..., VAMC: ...}, Object{ReachID: ..., FirstName: ..., MiddleName: ..., LastName: ..., SSN: ..., Phone: ..., DateIdentifiedRisk: ..., RiskLevel: ..., OutreachStatus: ..., VAMC: ...}, Object{ReachID: ..., FirstName: ..., MiddleName: ..., LastName: ..., SSN: ..., Phone: ..., DateIdentifiedRisk: ..., RiskLevel: ..., OutreachStatus: ..., VAMC: ...}, Object{ReachID: ..., FirstName: ..., MiddleName: ..., LastName: ..., SSN: ..., Phone: ..., DateIdentifiedRisk: ..., RiskLevel: ..., OutreachStatus: ..., VAMC: ...}], [Object{OutReachStatusID: ..., StatusName: ..., StatusDefinition: ...}, Object{OutReachStatusID: ..., StatusName: ..., StatusDefinition: ...}, Object{OutReachStatusID: ..., StatusName: ..., StatusDefinition: ...}, Object{OutReachStatusID: ..., StatusName: ..., StatusDefinition: ...}, Object{OutReachStatusID: ..., StatusName: ..., StatusDefinition: ...}]]
,PhantomJS 1.9.8 (Windows 7) LOG: 'datamodelobj:::'
,PhantomJS 1.9.8 (Windows 7) LOG: Object{300389: null, 733218: null, 652427: 2, 577571: 4, 781151: null, 554367: null, 363524: null, 357451: null, 362646: null, 363387: null, 19835: null, 55457: null, 55767: null, 96042: null, 98254: null, 138016: null, 138163: null, 138834: null, 165693: null, 169823: null, 194555: null, 197452: null, 199073: null, 233916: null, 240151: null, 241624: null, 275715: null, 278117: null, 315760: null, 315788: null, 319886: null, 320359: null, 322882: null, 323682: null, 356838: null, 403529: null, 404711: null, 406823: null, 441482: null, 446088: null, 446368: null, 479697: null, 483768: null, 484889: null, 521558: null, 524125: null, 526833: null, 530171: null, 565431: null, 566384: 2, 567423: null, 568788: null, 601917: null, 604069: null, 604334: null, 605229: null, 605528: null, 605789: null, 610748: null, 610925: null, 664219: null, 705914: null, 708494: null, 710362: null, 712238: null, 746721: null, 747316: null, 748281: null, 787750: null, 794717: null, 795049: null, 795822: null, 827046: null, 830582: null, 835184: null, 871154: null, 910848: null, 911460: null, 912485: null, 912989: null, 913958: null, 914609: null, 918757: null, 954108: null, 957879: null, 958514: null, 959591: null, 990149: null, 990761: null, 592437: null, 592649: null, 592663: null, 642249: null, 675570: null, 676708: null, 681787: null, 682982: null, 714680: null, 715980: null, 717393: null, 718754: null, 756290: null, 760233: null, 763875: null, 764905: null, 765176: null, 798409: null, 799709: null, 802046: null, 837544: null, 878951: 2, 879513: null, 881698: null, 888113: null, 919192: null, 923886: null, 924685: null, 927245: null, 927646: null, 962837: null, 964040: null, 965080: null, 966795: null, 968453: null, 2692: null, 2727: null, 5685: null, 8398: null, 71604: null, 72224: null, 72496: null, 107668: null, 150796: null, 186655: null, 188984: null, 191571: null, 192081: null, 224556: null, 225614: null, 228906: null, 230110: null, 230656: null, 231566: null, 267513: null, 310871: null, 313681: null, 314996: null, 349738: null, 350976: null, 351844: null, 352934: null, 353023: null, 353047: null, 396232: null, 430378: null, 434929: null, 469374: null, 472447: null, 473960: null, 509927: null, 510254: null, 512840: null, 513756: null, 514059: null, 515914: null, 552258: null, 781683: null, 782756: null, 784019: null, 785055: null, 818644: null, 821792: null, 822550: null, 824710: null, 867002: null, 899777: null, 901358: null, 902600: null, 905445: null, 906673: null, 942890: null, 981612: null, 984756: null, 985317: null, 992756: null, 995749: null, 580790: null, 617695: null, 617826: null, 620005: null, 662003: null, 662154: null, 662964: null, 694019: null, 703265: null, 736024: null, 739376: null, 740045: null, 778577: null, 779097: null, 780626: null, 10295: null, 13442: null, 38996: null, 40019: null, 40425: null, 41069: null, 42438: null, 44723: null, 44803: null, 82697: null, 82808: null, 82932: null, 89833: null, 123328: null, 124465: null, 127968: null, 154303: null, 157211: null, 157978: null, 159323: null, 161636: null, 203314: null, 211323: null, 244168: null, 244874: null, 248864: null, 249656: null, 252676: null, 289298: null, 289299: null, 290471: null, 290876: null, 291289: null, 291375: null, 292440: null, 292580: null, 294811: null, 326409: null, 332103: null, 335057: null, 368971: null, 369794: null, 370696: null, 371325: null, 374526: null, 374933: null, 374949: null, 375441: null, 412574: null, 414245: null, 455186: null, 455466: null, 457763: null, 496921: null, 543387: null, 543423: null, 544781: null, 545084: null, 549885: null, 572386: null, 573175: null, 575367: null, 684790: null, 688033: null, 688919: null, 726627: null, 730383: null, 731522: null, 731576: null, 806728: null, 812683: null, 816132: null, 816292: null, 890393: null, 894498: null, 894877: null, 897608: null, 930323: null, 930336: 2, 931568: null, 932216: null, 934655: null, 934742: null, 935157: null, 935484: null, 936607: null, 938024: null, 973878: null, 979167: null, 979236: null, 336201: null, 339612: null, 379990: null, 383507: null, 383730: null, 386007: null, 419660: null, 420222: null, 461862: null, 462683: null, 503630: null, 503681: null, 507058: null, 508659: null, 531388: null, 538209: null, 583580: null, 584370: null, 587016: null, 627774: null, 628706: null, 645451: null, 647981: null, 27939: null, 34965: null, 46631: null, 50105: null, 51185: null, 113212: null, 113848: null, 116034: null, 173684: null, 177045: null, 177131: null, 178344: null, 178364: null, 216730: null, 217273: null, 222372: null, 256386: null, 256489: null, 259338: null, 260721: null, 262510: null, 263352: null, undefined: undefined}
,PhantomJS 1.9.8 (Windows 7) LOG: {0: <div name="clinicalDecisionSupport" wt-clinical-decision-support="" data="cdsData" class="ng-isolate-scope">
</div>, length: 1}

]]></system-out>
    <system-err/>
  </testsuite>
</testsuites>
