<?xml version="1.0"?>
<testsuites>
  <testsuite name="PhantomJS 1.9.8 (Windows 7)" package="" timestamp="2015-04-09T14:19:56" id="0" hostname="RSNELLING03760" tests="229" errors="0" failures="0" time="3.023">
    <properties>
      <property name="browser.fullName" value="Mozilla/5.0 (Windows NT 6.1; WOW64) AppleWebKit/534.34 (KHTML, like Gecko) PhantomJS/1.9.8 Safari/534.34"/>
    </properties>
    <testcase name="should provide an empty implementation of storage if it is not provided" time="0.012" classname="PhantomJS 1.9.8 (Windows 7).Factory: LayoutStorage the constructor"/>
    <testcase name="should set a subset of the options directly on the LayoutStorage instance itself" time="0.002" classname="PhantomJS 1.9.8 (Windows 7).Factory: LayoutStorage the constructor"/>
    <testcase name="should set stringify as true by default" time="0.002" classname="PhantomJS 1.9.8 (Windows 7).Factory: LayoutStorage the constructor"/>
    <testcase name="should allow stringify to be overridden by option" time="0.002" classname="PhantomJS 1.9.8 (Windows 7).Factory: LayoutStorage the constructor"/>
    <testcase name="should create a layouts array and states object" time="0.002" classname="PhantomJS 1.9.8 (Windows 7).Factory: LayoutStorage the constructor"/>
    <testcase name="should call load" time="0.002" classname="PhantomJS 1.9.8 (Windows 7).Factory: LayoutStorage the constructor"/>
    <testcase name="should use the default layouts if no stored info was found" time="0.001" classname="PhantomJS 1.9.8 (Windows 7).Factory: LayoutStorage the load method"/>
    <testcase name="should clone default layouts rather than use them directly" time="0.002" classname="PhantomJS 1.9.8 (Windows 7).Factory: LayoutStorage the load method"/>
    <testcase name="should use the result from getItem for layouts." time="0.007" classname="PhantomJS 1.9.8 (Windows 7).Factory: LayoutStorage the load method"/>
    <testcase name="should NOT use result from getItem for layouts if the storageHash doesnt match" time="0.003" classname="PhantomJS 1.9.8 (Windows 7).Factory: LayoutStorage the load method"/>
    <testcase name="should be able to handle async loading via promise" time="0.005" classname="PhantomJS 1.9.8 (Windows 7).Factory: LayoutStorage the load method"/>
    <testcase name="should load defaults if the deferred is rejected" time="0.002" classname="PhantomJS 1.9.8 (Windows 7).Factory: LayoutStorage the load method"/>
    <testcase name="should load defaults if the json is malformed" time="0.003" classname="PhantomJS 1.9.8 (Windows 7).Factory: LayoutStorage the load method"/>
    <testcase name="should not try to JSON.parse the result if stringifyStorage is false." time="0.001" classname="PhantomJS 1.9.8 (Windows 7).Factory: LayoutStorage the load method"/>
    <testcase name="should add to storage.layouts" time="0.003" classname="PhantomJS 1.9.8 (Windows 7).Factory: LayoutStorage the add method"/>
    <testcase name="should be able to take an array of new layouts" time="0.003" classname="PhantomJS 1.9.8 (Windows 7).Factory: LayoutStorage the add method"/>
    <testcase name="should look for defaultWidgets on storage options if not supplied on layout definition" time="0.002" classname="PhantomJS 1.9.8 (Windows 7).Factory: LayoutStorage the add method"/>
    <testcase name="should use defaultWidgets if supplied in the layout definition" time="0.005" classname="PhantomJS 1.9.8 (Windows 7).Factory: LayoutStorage the add method"/>
    <testcase name="should remove the supplied layout" time="0.002" classname="PhantomJS 1.9.8 (Windows 7).Factory: LayoutStorage the remove method"/>
    <testcase name="should delete the state" time="0.011" classname="PhantomJS 1.9.8 (Windows 7).Factory: LayoutStorage the remove method"/>
    <testcase name="should do nothing if layout is not in layouts" time="0.002" classname="PhantomJS 1.9.8 (Windows 7).Factory: LayoutStorage the remove method"/>
    <testcase name="should set another dashboard to active if the layout removed was active" time="0.002" classname="PhantomJS 1.9.8 (Windows 7).Factory: LayoutStorage the remove method"/>
    <testcase name="should set the layout at index 0 to active if the removed layout was 0" time="0.002" classname="PhantomJS 1.9.8 (Windows 7).Factory: LayoutStorage the remove method"/>
    <testcase name="should not change the active layout if it was not the one that got removed" time="0.002" classname="PhantomJS 1.9.8 (Windows 7).Factory: LayoutStorage the remove method"/>
    <testcase name="should call options.storage.setItem with a stringified object" time="0.003" classname="PhantomJS 1.9.8 (Windows 7).Factory: LayoutStorage the save method"/>
    <testcase name="should save an object that has layouts, states, and storageHash" time="0.003" classname="PhantomJS 1.9.8 (Windows 7).Factory: LayoutStorage the save method"/>
    <testcase name="should call options.storage.setItem with an object when stringifyStorage is false" time="0.003" classname="PhantomJS 1.9.8 (Windows 7).Factory: LayoutStorage the save method"/>
    <testcase name="should set storage.states[id] to the second argument" time="0.002" classname="PhantomJS 1.9.8 (Windows 7).Factory: LayoutStorage the setItem method"/>
    <testcase name="should call save" time="0.002" classname="PhantomJS 1.9.8 (Windows 7).Factory: LayoutStorage the setItem method"/>
    <testcase name="should return states[id]" time="0.002" classname="PhantomJS 1.9.8 (Windows 7).Factory: LayoutStorage the getItem method"/>
    <testcase name="should return the layout with active:true" time="0.002" classname="PhantomJS 1.9.8 (Windows 7).Factory: LayoutStorage the getActiveLayout method"/>
    <testcase name="should return false if no layout is active" time="0.003" classname="PhantomJS 1.9.8 (Windows 7).Factory: LayoutStorage the getActiveLayout method"/>
    <testcase name="should remove states[id]" time="0.003" classname="PhantomJS 1.9.8 (Windows 7).Factory: LayoutStorage the removeItem"/>
    <testcase name="should call save" time="0.002" classname="PhantomJS 1.9.8 (Windows 7).Factory: LayoutStorage the removeItem"/>
    <testcase name="should set the injected layout to scope.layout" time="0.01" classname="PhantomJS 1.9.8 (Windows 7).Controller: SaveChangesModalCtrl"/>
    <testcase name="should be a function" time="0.003" classname="PhantomJS 1.9.8 (Windows 7).Controller: SaveChangesModalCtrl the ok method"/>
    <testcase name="should call close" time="0.002" classname="PhantomJS 1.9.8 (Windows 7).Controller: SaveChangesModalCtrl the ok method"/>
    <testcase name="should be a function" time="0.002" classname="PhantomJS 1.9.8 (Windows 7).Controller: SaveChangesModalCtrl the cancel function"/>
    <testcase name="should call dismiss" time="0.002" classname="PhantomJS 1.9.8 (Windows 7).Controller: SaveChangesModalCtrl the cancel function"/>
    <testcase name="should not require storage" time="0.079" classname="PhantomJS 1.9.8 (Windows 7).Directive: dashboard-layouts"/>
    <testcase name="should be able to use a different dashboard-layouts template" time="0.045" classname="PhantomJS 1.9.8 (Windows 7).Directive: dashboard-layouts"/>
    <testcase name="should set the first dashboard to active if there is not one already active" time="0.055" classname="PhantomJS 1.9.8 (Windows 7).Directive: dashboard-layouts"/>
    <testcase name="should call the add and save methods of LayoutStorage" time="0.027" classname="PhantomJS 1.9.8 (Windows 7).Directive: dashboard-layouts the createNewLayout method"/>
    <testcase name="should return the newly created layout object" time="0.025" classname="PhantomJS 1.9.8 (Windows 7).Directive: dashboard-layouts the createNewLayout method"/>
    <testcase name="should set active=true on the newly created layout" time="0.026" classname="PhantomJS 1.9.8 (Windows 7).Directive: dashboard-layouts the createNewLayout method"/>
    <testcase name="should set defaultWidgets to dashboardOptions.defaultWidgets if it is present" time="0.026" classname="PhantomJS 1.9.8 (Windows 7).Directive: dashboard-layouts the createNewLayout method"/>
    <testcase name="should set defaultWidgets to an empty array if dashboardOptions.defaultWidgets is not present" time="0.057" classname="PhantomJS 1.9.8 (Windows 7).Directive: dashboard-layouts the createNewLayout method"/>
    <testcase name="should call the remove and save methods of LayoutStorage" time="0.02" classname="PhantomJS 1.9.8 (Windows 7).Directive: dashboard-layouts the removeLayout method"/>
    <testcase name="should call remove with the layout it was passed" time="0.017" classname="PhantomJS 1.9.8 (Windows 7).Directive: dashboard-layouts the removeLayout method"/>
    <testcase name="should call _makeLayoutActive if there is not a currently active dashboard with unsaved changes" time="0.017" classname="PhantomJS 1.9.8 (Windows 7).Directive: dashboard-layouts the makeLayoutActive method"/>
    <testcase name="should create a modal" time="0.038" classname="PhantomJS 1.9.8 (Windows 7).Directive: dashboard-layouts the makeLayoutActive method when there are unsaved changes on the current dashboard"/>
    <testcase name="should resolve layout to the layout to be made active" time="0.021" classname="PhantomJS 1.9.8 (Windows 7).Directive: dashboard-layouts the makeLayoutActive method when there are unsaved changes on the current dashboard"/>
    <testcase name="should provide a success callback that saves the current dashboard and then calls _makeLayoutActive" time="0.02" classname="PhantomJS 1.9.8 (Windows 7).Directive: dashboard-layouts the makeLayoutActive method when there are unsaved changes on the current dashboard"/>
    <testcase name="should provide an error callback that only calls _makeLayoutActive" time="0.02" classname="PhantomJS 1.9.8 (Windows 7).Directive: dashboard-layouts the makeLayoutActive method when there are unsaved changes on the current dashboard"/>
    <testcase name="should set the editingTitle attribute to true on the layout it is passed" time="0.018" classname="PhantomJS 1.9.8 (Windows 7).Directive: dashboard-layouts the editTitle method"/>
    <testcase name="should set editingTitle to false" time="0.018" classname="PhantomJS 1.9.8 (Windows 7).Directive: dashboard-layouts the saveTitleEdit method"/>
    <testcase name="should call layoutStorage.save" time="0.016" classname="PhantomJS 1.9.8 (Windows 7).Directive: dashboard-layouts the saveTitleEdit method"/>
    <testcase name="should call LayoutStorage.save" time="0.051" classname="PhantomJS 1.9.8 (Windows 7).Directive: dashboard-layouts the saveLayouts method"/>
    <testcase name="should call LayoutStorage.save with true as the first arg" time="0.023" classname="PhantomJS 1.9.8 (Windows 7).Directive: dashboard-layouts the saveLayouts method"/>
    <testcase name="should call dashboard.addWidget method of the active layout" time="0.023" classname="PhantomJS 1.9.8 (Windows 7).Directive: dashboard-layouts the proxy methods to active layout the addWidget method"/>
    <testcase name="should do nothing if there is no active layout" time="0.022" classname="PhantomJS 1.9.8 (Windows 7).Directive: dashboard-layouts the proxy methods to active layout the addWidget method"/>
    <testcase name="should call dashboard.loadWidgets of the current layout" time="0.021" classname="PhantomJS 1.9.8 (Windows 7).Directive: dashboard-layouts the proxy methods to active layout the loadWidgets method"/>
    <testcase name="should do nothing if there is no active layout" time="0.02" classname="PhantomJS 1.9.8 (Windows 7).Directive: dashboard-layouts the proxy methods to active layout the loadWidgets method"/>
    <testcase name="should call dashboard.saveDashboard of the current layout" time="0.019" classname="PhantomJS 1.9.8 (Windows 7).Directive: dashboard-layouts the proxy methods to active layout the saveDashboard method"/>
    <testcase name="should do nothing if there is no active layout" time="0.017" classname="PhantomJS 1.9.8 (Windows 7).Directive: dashboard-layouts the proxy methods to active layout the saveDashboard method"/>
    <testcase name="should have toolbar" time="0.012" classname="PhantomJS 1.9.8 (Windows 7).Directive: dashboard"/>
    <testcase name="should have UI.Sortable directive" time="0.012" classname="PhantomJS 1.9.8 (Windows 7).Directive: dashboard"/>
    <testcase name="should render widgets" time="0.016" classname="PhantomJS 1.9.8 (Windows 7).Directive: dashboard"/>
    <testcase name="should evaluate widget expressions" time="0.017" classname="PhantomJS 1.9.8 (Windows 7).Directive: dashboard"/>
    <testcase name="should evaluate scope expressions" time="0.015" classname="PhantomJS 1.9.8 (Windows 7).Directive: dashboard"/>
    <testcase name="should fill options with defaults" time="0.014" classname="PhantomJS 1.9.8 (Windows 7).Directive: dashboard"/>
    <testcase name="should not overwrite specified options with defaults" time="0.035" classname="PhantomJS 1.9.8 (Windows 7).Directive: dashboard"/>
    <testcase name="should be able to use a different dashboard template" time="0.019" classname="PhantomJS 1.9.8 (Windows 7).Directive: dashboard"/>
    <testcase name="should set scope.widgets to an empty array if no defaultWidgets are specified" time="0.02" classname="PhantomJS 1.9.8 (Windows 7).Directive: dashboard"/>
    <testcase name="should set options.unsavedChangeCount to 0 upon load" time="0.022" classname="PhantomJS 1.9.8 (Windows 7).Directive: dashboard"/>
    <testcase name="should not call saveDashboard on load" time="0.02" classname="PhantomJS 1.9.8 (Windows 7).Directive: dashboard"/>
    <testcase name="should exist" time="0.011" classname="PhantomJS 1.9.8 (Windows 7).Directive: dashboard the sortableOptions"/>
    <testcase name="should be possible to be extendable from the dashboardOptions" time="0.012" classname="PhantomJS 1.9.8 (Windows 7).Directive: dashboard the sortableOptions"/>
    <testcase name="should have a stop function that calls $scope.saveDashboard" time="0.012" classname="PhantomJS 1.9.8 (Windows 7).Directive: dashboard the sortableOptions"/>
    <testcase name="should be a function" time="0.066" classname="PhantomJS 1.9.8 (Windows 7).Directive: dashboard the addWidget function"/>
    <testcase name="should throw if no default widgetDefinition was found" time="0.016" classname="PhantomJS 1.9.8 (Windows 7).Directive: dashboard the addWidget function"/>
    <testcase name="should look to the passed widgetToInstantiate object for the title before anything else" time="0.017" classname="PhantomJS 1.9.8 (Windows 7).Directive: dashboard the addWidget function"/>
    <testcase name="should use the defaultWidget&apos;s title second" time="0.015" classname="PhantomJS 1.9.8 (Windows 7).Directive: dashboard the addWidget function"/>
    <testcase name="should call the saveDashboard method (internal)" time="0.015" classname="PhantomJS 1.9.8 (Windows 7).Directive: dashboard the addWidget function"/>
    <testcase name="should keep overrides from widgetPassed" time="0.016" classname="PhantomJS 1.9.8 (Windows 7).Directive: dashboard the addWidget function @awashbrook Test Case"/>
    <testcase name="should fill in default attrs" time="0.014" classname="PhantomJS 1.9.8 (Windows 7).Directive: dashboard the addWidget function @awashbrook Test Case"/>
    <testcase name="should override deep options in dataModelOptions" time="0.014" classname="PhantomJS 1.9.8 (Windows 7).Directive: dashboard the addWidget function @awashbrook Test Case"/>
    <testcase name="should fill in deep default attrs" time="0.015" classname="PhantomJS 1.9.8 (Windows 7).Directive: dashboard the addWidget function @awashbrook Test Case"/>
    <testcase name="should prevent save from being called if set to true" time="0.014" classname="PhantomJS 1.9.8 (Windows 7).Directive: dashboard the addWidget function the doNotSave parameter"/>
    <testcase name="should be a function" time="0.015" classname="PhantomJS 1.9.8 (Windows 7).Directive: dashboard the removeWidget function"/>
    <testcase name="should remove the provided widget from childScope.widgets array" time="0.022" classname="PhantomJS 1.9.8 (Windows 7).Directive: dashboard the removeWidget function"/>
    <testcase name="should call saveDashboard" time="0.014" classname="PhantomJS 1.9.8 (Windows 7).Directive: dashboard the removeWidget function"/>
    <testcase name="should be attached to the options object after initialization" time="0.012" classname="PhantomJS 1.9.8 (Windows 7).Directive: dashboard the saveDashboard function"/>
    <testcase name="should call scope.dashboardState.save when called internally if explicitSave is falsey" time="0.012" classname="PhantomJS 1.9.8 (Windows 7).Directive: dashboard the saveDashboard function"/>
    <testcase name="should not call scope.dashboardState.save when called internally if explicitSave is truthy" time="0.011" classname="PhantomJS 1.9.8 (Windows 7).Directive: dashboard the saveDashboard function"/>
    <testcase name="should call scope.dashboardState.save when called externally, no matter what explicitSave value is" time="0.012" classname="PhantomJS 1.9.8 (Windows 7).Directive: dashboard the saveDashboard function"/>
    <testcase name="should keep a count of unsaved changes as unsavedChangeCount" time="0.014" classname="PhantomJS 1.9.8 (Windows 7).Directive: dashboard the saveDashboard function"/>
    <testcase name="should reset the cound of unsaved changes if a successful force save occurs" time="0.012" classname="PhantomJS 1.9.8 (Windows 7).Directive: dashboard the saveDashboard function"/>
    <testcase name="should be a function" time="0.011" classname="PhantomJS 1.9.8 (Windows 7).Directive: dashboard the loadWidgets function"/>
    <testcase name="should set savedWidgetDefs on scope as passed array" time="0.084" classname="PhantomJS 1.9.8 (Windows 7).Directive: dashboard the loadWidgets function"/>
    <testcase name="should call clear on the scope with true as the only argument" time="0.015" classname="PhantomJS 1.9.8 (Windows 7).Directive: dashboard the loadWidgets function"/>
    <testcase name="should call addWidget for each widget in the array" time="0.017" classname="PhantomJS 1.9.8 (Windows 7).Directive: dashboard the loadWidgets function"/>
    <testcase name="should call addWidget for each widget with true as the second parameter (doNotSave)" time="0.016" classname="PhantomJS 1.9.8 (Windows 7).Directive: dashboard the loadWidgets function"/>
    <testcase name="should set the scope to an empty array" time="0.015" classname="PhantomJS 1.9.8 (Windows 7).Directive: dashboard the clear function"/>
    <testcase name="should not call saveDashboard if first arg is true" time="0.015" classname="PhantomJS 1.9.8 (Windows 7).Directive: dashboard the clear function"/>
    <testcase name="should call saveDashboard if first arg is not true" time="0.016" classname="PhantomJS 1.9.8 (Windows 7).Directive: dashboard the clear function"/>
    <testcase name="should be a function" time="0.024" classname="PhantomJS 1.9.8 (Windows 7).Directive: dashboard the openWidgetSettings function"/>
    <testcase name="should call $modal.open with default options" time="0.015" classname="PhantomJS 1.9.8 (Windows 7).Directive: dashboard the openWidgetSettings function"/>
    <testcase name="should have widget in the resolve object" time="0.015" classname="PhantomJS 1.9.8 (Windows 7).Directive: dashboard the openWidgetSettings function"/>
    <testcase name="should set the templateUrl in modal options to the default (&quot;client/components/adf/template/widget-settings-template.html&quot;)" time="0.013" classname="PhantomJS 1.9.8 (Windows 7).Directive: dashboard the openWidgetSettings function"/>
    <testcase name="should set the templateUrl in modal options to scope.options.settingsModalOptions.templateUrl" time="0.014" classname="PhantomJS 1.9.8 (Windows 7).Directive: dashboard the openWidgetSettings function"/>
    <testcase name="should set the templateUrl in modal options to widget.settingsModalOptions.templateUrl, if present" time="0.014" classname="PhantomJS 1.9.8 (Windows 7).Directive: dashboard the openWidgetSettings function"/>
    <testcase name="should set the controller in modal options to the default (&quot;WidgetSettingsCtrl&quot;)" time="0.013" classname="PhantomJS 1.9.8 (Windows 7).Directive: dashboard the openWidgetSettings function"/>
    <testcase name="should set the controller in modal options to the default (&quot;WidgetSettingsCtrl&quot;), even when settingsModalOptions is supplied in options" time="0.026" classname="PhantomJS 1.9.8 (Windows 7).Directive: dashboard the openWidgetSettings function"/>
    <testcase name="should set the controller in modal options to the default (&quot;WidgetSettingsCtrl&quot;), even when settingsModalOptions is supplied in widget" time="0.02" classname="PhantomJS 1.9.8 (Windows 7).Directive: dashboard the openWidgetSettings function"/>
    <testcase name="should set the controller to scope.options.settingsModalOptions.controller if provided" time="0.013" classname="PhantomJS 1.9.8 (Windows 7).Directive: dashboard the openWidgetSettings function"/>
    <testcase name="should set the controller to widget.settingsModalOptions.controller if provided" time="0.013" classname="PhantomJS 1.9.8 (Windows 7).Directive: dashboard the openWidgetSettings function"/>
    <testcase name="should pass in other modal options set in scope.options.settingsModalOptions" time="0.016" classname="PhantomJS 1.9.8 (Windows 7).Directive: dashboard the openWidgetSettings function"/>
    <testcase name="should pass in other modal options set in widget.settingsModalOptions" time="0.013" classname="PhantomJS 1.9.8 (Windows 7).Directive: dashboard the openWidgetSettings function"/>
    <testcase name="should emit a &quot;widgetChanged&quot; event on the childScope when the modal promise is called" time="0.013" classname="PhantomJS 1.9.8 (Windows 7).Directive: dashboard the openWidgetSettings function"/>
    <testcase name="should call scope.options.onSettingsClose when the modal promise is resolved by default" time="0.014" classname="PhantomJS 1.9.8 (Windows 7).Directive: dashboard the openWidgetSettings function"/>
    <testcase name="should call scope.options.onSettingsDismiss when the modal promise is rejected by default" time="0.012" classname="PhantomJS 1.9.8 (Windows 7).Directive: dashboard the openWidgetSettings function"/>
    <testcase name="should call widget.onSettingsClose if provided when the modal promise is resolved" time="0.096" classname="PhantomJS 1.9.8 (Windows 7).Directive: dashboard the openWidgetSettings function"/>
    <testcase name="should call widget.onSettingsDismiss if provided when the modal promise is rejected" time="0.017" classname="PhantomJS 1.9.8 (Windows 7).Directive: dashboard the openWidgetSettings function"/>
    <testcase name="should exist" time="0.014" classname="PhantomJS 1.9.8 (Windows 7).Directive: dashboard the default onSettingsClose callback"/>
    <testcase name="should deep extend widget with result" time="0.026" classname="PhantomJS 1.9.8 (Windows 7).Directive: dashboard the default onSettingsClose callback"/>
    <testcase name="should exist" time="0.016" classname="PhantomJS 1.9.8 (Windows 7).Directive: dashboard the default onSettingsDismiss callback"/>
    <testcase name="should call $log.info with the reason" time="0.014" classname="PhantomJS 1.9.8 (Windows 7).Directive: dashboard the default onSettingsDismiss callback"/>
    <testcase name="should have save and load methods" time="0.003" classname="PhantomJS 1.9.8 (Windows 7).Factory: DashboardState"/>
    <testcase name="should set the arguments passed to it in the constructor on the state instance" time="0.002" classname="PhantomJS 1.9.8 (Windows 7).Factory: DashboardState"/>
    <testcase name="should return true if storage is not defined" time="0.002" classname="PhantomJS 1.9.8 (Windows 7).Factory: DashboardState the save function"/>
    <testcase name="should serialize and store widgets passed to it" time="0.003" classname="PhantomJS 1.9.8 (Windows 7).Factory: DashboardState the save function"/>
    <testcase name="should not use JSON.stringify if options.stringifyStorage is false" time="0.003" classname="PhantomJS 1.9.8 (Windows 7).Factory: DashboardState the save function"/>
    <testcase name="should return null if storage is disabled" time="0.002" classname="PhantomJS 1.9.8 (Windows 7).Factory: DashboardState the load function"/>
    <testcase name="should return null if storage is enabled but no value was found" time="0.002" classname="PhantomJS 1.9.8 (Windows 7).Factory: DashboardState the load function"/>
    <testcase name="should return null and log a warning if the stored string is invalid JSON" time="0.003" classname="PhantomJS 1.9.8 (Windows 7).Factory: DashboardState the load function"/>
    <testcase name="should return an array of widgets if getItem returns valid serialized dashboard state" time="0.002" classname="PhantomJS 1.9.8 (Windows 7).Factory: DashboardState the load function"/>
    <testcase name="should return null if getItem returned a falsey value" time="0.002" classname="PhantomJS 1.9.8 (Windows 7).Factory: DashboardState the load function"/>
    <testcase name="should return a promise if getItem returns a promise" time="0.002" classname="PhantomJS 1.9.8 (Windows 7).Factory: DashboardState the load function"/>
    <testcase name="should return null if the stored hash is different from current hash" time="0.002" classname="PhantomJS 1.9.8 (Windows 7).Factory: DashboardState the load function"/>
    <testcase name="should not include widgets that have no corresponding WDO" time="0.003" classname="PhantomJS 1.9.8 (Windows 7).Factory: DashboardState the load function"/>
    <testcase name="should not include widgets who have a stale hash" time="0.012" classname="PhantomJS 1.9.8 (Windows 7).Factory: DashboardState the load function"/>
    <testcase name="should resolve when the getItem promise resolves with a value" time="0.003" classname="PhantomJS 1.9.8 (Windows 7).Factory: DashboardState the load function the loadPromise (returned from load method)"/>
    <testcase name="should reject when the getItemPromise rejects" time="0.003" classname="PhantomJS 1.9.8 (Windows 7).Factory: DashboardState the load function the loadPromise (returned from load method)"/>
    <testcase name="should reject when the getItem promise resolves with a falsey (or no) value" time="0.002" classname="PhantomJS 1.9.8 (Windows 7).Factory: DashboardState the load function the loadPromise (returned from load method)"/>
    <testcase name="should use JSON.parse if options.stringifyStorage is true" time="0.002" classname="PhantomJS 1.9.8 (Windows 7).Factory: DashboardState the load function"/>
    <testcase name="should not use JSON.parse if options.stringifyStorage is false" time="0.002" classname="PhantomJS 1.9.8 (Windows 7).Factory: DashboardState the load function"/>
    <testcase name="should return a string" time="0.003" classname="PhantomJS 1.9.8 (Windows 7).Controller: DashboardWidgetCtrl the makeTemplateString method"/>
    <testcase name="should use ng-include if templateUrl is specified on widget, despite any other options" time="0.003" classname="PhantomJS 1.9.8 (Windows 7).Controller: DashboardWidgetCtrl the makeTemplateString method"/>
    <testcase name="should return widget.template if specified, regardless of presence of directive or attrs" time="0.003" classname="PhantomJS 1.9.8 (Windows 7).Controller: DashboardWidgetCtrl the makeTemplateString method"/>
    <testcase name="should use widget.directive as attribute directive" time="0.002" classname="PhantomJS 1.9.8 (Windows 7).Controller: DashboardWidgetCtrl the makeTemplateString method"/>
    <testcase name="should attach attributes if provided" time="0.003" classname="PhantomJS 1.9.8 (Windows 7).Controller: DashboardWidgetCtrl the makeTemplateString method"/>
    <testcase name="should place widgetData into dataAttrName attribute if specified" time="0.003" classname="PhantomJS 1.9.8 (Windows 7).Controller: DashboardWidgetCtrl the makeTemplateString method"/>
    <testcase name="should add attrs to the widget object if it does not exist and dataAttrName is specified" time="0.002" classname="PhantomJS 1.9.8 (Windows 7).Controller: DashboardWidgetCtrl the makeTemplateString method"/>
    <testcase name="should do nothing if event.which is not 1 (left click)" time="0.003" classname="PhantomJS 1.9.8 (Windows 7).Controller: DashboardWidgetCtrl the grabResizer method"/>
    <testcase name="should call stopPropagation and preventDefault" time="0.004" classname="PhantomJS 1.9.8 (Windows 7).Controller: DashboardWidgetCtrl the grabResizer method"/>
    <testcase name="should add a .widget-resizer-marquee element to the .widget element" time="0.002" classname="PhantomJS 1.9.8 (Windows 7).Controller: DashboardWidgetCtrl the grabResizer method"/>
    <testcase name="should set editingTitle=true on the widget object" time="0.002" classname="PhantomJS 1.9.8 (Windows 7).Controller: DashboardWidgetCtrl the editTitle method"/>
    <testcase name="should call $timeout" time="0.002" classname="PhantomJS 1.9.8 (Windows 7).Controller: DashboardWidgetCtrl the editTitle method"/>
    <testcase name="should set editingTitle=false" time="0.003" classname="PhantomJS 1.9.8 (Windows 7).Controller: DashboardWidgetCtrl the saveTitleEdit method"/>
    <testcase name="should set dataModelOptions and widgetScope from args" time="0.003" classname="PhantomJS 1.9.8 (Windows 7).PerceptiveReach DataModels PerceptiveReach MedicationDataModel setup method"/>
    <testcase name="check the existence of getData method" time="0.002" classname="PhantomJS 1.9.8 (Windows 7).PerceptiveReach DataModels PerceptiveReach MedicationDataModel getData method"/>
    <testcase name="check the existence of init method" time="0.002" classname="PhantomJS 1.9.8 (Windows 7).PerceptiveReach DataModels PerceptiveReach MedicationDataModel init method"/>
    <testcase name="check the existence of init method" time="0.002" classname="PhantomJS 1.9.8 (Windows 7).PerceptiveReach DataModels PerceptiveReach MedicationDataModel destroy method"/>
    <testcase name="should set dataModelOptions and widgetScope from args" time="0.002" classname="PhantomJS 1.9.8 (Windows 7).PerceptiveReach DataModels PerceptiveReach PatientFlagDataModel setup method"/>
    <testcase name="check the existence of getData method" time="0.003" classname="PhantomJS 1.9.8 (Windows 7).PerceptiveReach DataModels PerceptiveReach PatientFlagDataModel getData method"/>
    <testcase name="check the existence of init method" time="0.012" classname="PhantomJS 1.9.8 (Windows 7).PerceptiveReach DataModels PerceptiveReach PatientFlagDataModel init method"/>
    <testcase name="check the existence of init method" time="0.003" classname="PhantomJS 1.9.8 (Windows 7).PerceptiveReach DataModels PerceptiveReach PatientFlagDataModel destroy method"/>
    <testcase name="check the existence of getData method" time="0.002" classname="PhantomJS 1.9.8 (Windows 7).PerceptiveReach DataModels PerceptiveReach AppointmentDataModel getData method"/>
    <testcase name="check the existence of init method" time="0.003" classname="PhantomJS 1.9.8 (Windows 7).PerceptiveReach DataModels PerceptiveReach AppointmentDataModel init method"/>
    <testcase name="check the existence of init method" time="0.002" classname="PhantomJS 1.9.8 (Windows 7).PerceptiveReach DataModels PerceptiveReach AppointmentDataModel destroy method"/>
    <testcase name="should instantiate a WebSocket immediately with the url set with provider.setWebSocketURL" time="0.002" classname="PhantomJS 1.9.8 (Windows 7).Service: webSocket when explicitConnection is disabled when url is provided by calling provider_setWebSocketURL"/>
    <testcase name="should throw if a URL was not set with provider.setWebSocketURL" time="0.003" classname="PhantomJS 1.9.8 (Windows 7).Service: webSocket when explicitConnection is disabled when the url is not provided by calling provider_setWebSocketURL"/>
    <testcase name="should not call WebSocket immediately" time="0.001" classname="PhantomJS 1.9.8 (Windows 7).Service: webSocket when explicitConnection is enabled when url is provided by calling provider_setWebSocketURL"/>
    <testcase name="should instantiate a WebSocket with the url set with provider.setWebSocketURL if no url arg is passed to it" time="0.001" classname="PhantomJS 1.9.8 (Windows 7).Service: webSocket when explicitConnection is enabled when url is provided by calling provider_setWebSocketURL"/>
    <testcase name="should not call WebSocket immediately" time="0.001" classname="PhantomJS 1.9.8 (Windows 7).Service: webSocket when explicitConnection is enabled when the url is not provided by calling provider_setWebSocketURL"/>
    <testcase name="should instantiate a WebSocket with the provided url" time="0.002" classname="PhantomJS 1.9.8 (Windows 7).Service: webSocket when explicitConnection is enabled when the url is not provided by calling provider_setWebSocketURL"/>
    <testcase name="should throw if no url is passed and no url was set with provider.setWebSocketURL" time="0.001" classname="PhantomJS 1.9.8 (Windows 7).Service: webSocket when explicitConnection is enabled when the url is not provided by calling provider_setWebSocketURL"/>
    <testcase name="should send message when WebSocket connection is opened" time="0.001" classname="PhantomJS 1.9.8 (Windows 7).Service: webSocket the send method"/>
    <testcase name="should notify subscribers" time="0.002" classname="PhantomJS 1.9.8 (Windows 7).Service: webSocket the send method"/>
    <testcase name="should send a subscribe message" time="0.002" classname="PhantomJS 1.9.8 (Windows 7).Service: webSocket the send method"/>
    <testcase name="should unsubscribe" time="0.001" classname="PhantomJS 1.9.8 (Windows 7).Service: webSocket the send method"/>
    <testcase name="should call unsubscribe on scope destroy" time="0.002" classname="PhantomJS 1.9.8 (Windows 7).Service: webSocket the send method"/>
    <testcase name="should send an unsubscribe message when there are no more listeners for a given topic" time="0.002" classname="PhantomJS 1.9.8 (Windows 7).Service: webSocket the send method"/>
    <testcase name="should send a subscribe message again if a topic has previously been unsubscribed to" time="0.001" classname="PhantomJS 1.9.8 (Windows 7).Service: webSocket the send method"/>
    <testcase name="should not throw" time="0.001" classname="PhantomJS 1.9.8 (Windows 7).Service: webSocket the connect method"/>
    <testcase name="should do nothing if an open WebSocket instance is already there" time="0.001" classname="PhantomJS 1.9.8 (Windows 7).Service: webSocket the connect method"/>
    <testcase name="should call the close method of the WebSocket" time="0.002" classname="PhantomJS 1.9.8 (Windows 7).Service: webSocket the disconnect method when the webSocket has been connected"/>
    <testcase name="should not try to re-establish connection after connectionAttemptInterval" time="0.001" classname="PhantomJS 1.9.8 (Windows 7).Service: webSocket the disconnect method when the webSocket has been connected"/>
    <testcase name="should not throw" time="0.011" classname="PhantomJS 1.9.8 (Windows 7).Service: webSocket the disconnect method when the webSocket has not connected"/>
    <testcase name="should try to re-establish connection" time="0.003" classname="PhantomJS 1.9.8 (Windows 7).Service: webSocket when the connection gets unexpectedly closed"/>
    <testcase name="should try maxConnectionAttempts times" time="0.011" classname="PhantomJS 1.9.8 (Windows 7).Service: webSocket when the connection gets unexpectedly closed"/>
    <testcase name="should start queuing up send messages again, then send those messages once connection has been re-established" time="0.001" classname="PhantomJS 1.9.8 (Windows 7).Service: webSocket when the connection gets unexpectedly closed"/>
    <testcase name="should create a new instance of dataModelType if provided in scope.widget" time="0.004" classname="PhantomJS 1.9.8 (Windows 7).Directive: widget"/>
    <testcase name="should call setup and init on the new dataModel" time="0.002" classname="PhantomJS 1.9.8 (Windows 7).Directive: widget"/>
    <testcase name="should call compile template" time="0.002" classname="PhantomJS 1.9.8 (Windows 7).Directive: widget"/>
    <testcase name="should create a new instance of dataModelType from string name" time="0.002" classname="PhantomJS 1.9.8 (Windows 7).Directive: widget"/>
    <testcase name="should validate data model type" time="0.004" classname="PhantomJS 1.9.8 (Windows 7).Directive: widget"/>
    <testcase name="should be a function" time="0.001" classname="PhantomJS 1.9.8 (Windows 7).Factory: WidgetDataModel"/>
    <testcase name="should set dataAttrName, dataModelOptions, and widgetScope from args" time="0.002" classname="PhantomJS 1.9.8 (Windows 7).Factory: WidgetDataModel setup method"/>
    <testcase name="should set scope.widgetData to passed data" time="0.001" classname="PhantomJS 1.9.8 (Windows 7).Factory: WidgetDataModel updateScope method"/>
    <testcase name="should be an empty (noop) implementation" time="0.001" classname="PhantomJS 1.9.8 (Windows 7).Factory: WidgetDataModel init method"/>
    <testcase name="should be an empty (noop) implementation" time="0.002" classname="PhantomJS 1.9.8 (Windows 7).Factory: WidgetDataModel destroy method"/>
    <testcase name="should be a function" time="0.002" classname="PhantomJS 1.9.8 (Windows 7).Factory: WidgetModel"/>
    <testcase name="should copy class defaults, so that changes on an instance do not change the Class" time="0.001" classname="PhantomJS 1.9.8 (Windows 7).Factory: WidgetModel the constructor"/>
    <testcase name="should call setWidth" time="0.002" classname="PhantomJS 1.9.8 (Windows 7).Factory: WidgetModel the constructor"/>
    <testcase name="should take overrides as precedent over Class defaults" time="0.001" classname="PhantomJS 1.9.8 (Windows 7).Factory: WidgetModel the constructor"/>
    <testcase name="should set templateUrl if and only if it is present on Class" time="0.001" classname="PhantomJS 1.9.8 (Windows 7).Factory: WidgetModel the constructor"/>
    <testcase name="should NOT set template if templateUrl was specified" time="0.002" classname="PhantomJS 1.9.8 (Windows 7).Factory: WidgetModel the constructor"/>
    <testcase name="should set template if and only if it is present on Class" time="0.001" classname="PhantomJS 1.9.8 (Windows 7).Factory: WidgetModel the constructor"/>
    <testcase name="should look for directive if neither templateUrl nor template is found on Class" time="0.002" classname="PhantomJS 1.9.8 (Windows 7).Factory: WidgetModel the constructor"/>
    <testcase name="should set the name as directive if templateUrl, template, and directive are not defined" time="0.001" classname="PhantomJS 1.9.8 (Windows 7).Factory: WidgetModel the constructor"/>
    <testcase name="should not require overrides" time="0.002" classname="PhantomJS 1.9.8 (Windows 7).Factory: WidgetModel the constructor"/>
    <testcase name="should copy references to settingsModalOptions, onSettingsClose, onSettingsDismiss" time="0.002" classname="PhantomJS 1.9.8 (Windows 7).Factory: WidgetModel the constructor"/>
    <testcase name="should take one argument as a string with units" time="0.001" classname="PhantomJS 1.9.8 (Windows 7).Factory: WidgetModel setWidth method"/>
    <testcase name="should take two args as a number and string as units" time="0.002" classname="PhantomJS 1.9.8 (Windows 7).Factory: WidgetModel setWidth method"/>
    <testcase name="should return false and not set anything if width is less than 0" time="0.001" classname="PhantomJS 1.9.8 (Windows 7).Factory: WidgetModel setWidth method"/>
    <testcase name="should assume % if no unit is given" time="0.002" classname="PhantomJS 1.9.8 (Windows 7).Factory: WidgetModel setWidth method"/>
    <testcase name="should force greater than 0% and less than or equal 100%" time="0.011" classname="PhantomJS 1.9.8 (Windows 7).Factory: WidgetModel setWidth method"/>
    <testcase name="should add widget to the dialog scope" time="0.002" classname="PhantomJS 1.9.8 (Windows 7).Controller: WidgetSettingsCtrl"/>
    <testcase name="should call close with $scope.result and $scope.widget" time="0.002" classname="PhantomJS 1.9.8 (Windows 7).Controller: WidgetSettingsCtrl the ok method"/>
    <testcase name="should call dismiss" time="0.001" classname="PhantomJS 1.9.8 (Windows 7).Controller: WidgetSettingsCtrl the cancel method"/>
    <testcase name="should have topN directive" time="0.028" classname="PhantomJS 1.9.8 (Windows 7).main test"/>
    <testcase name="should have veteran roster table directive" time="0.673" classname="PhantomJS 1.9.8 (Windows 7).main test"/>
    <testcase name="should have clinical decision support directive" time="0.006" classname="PhantomJS 1.9.8 (Windows 7).main test"/>
    <testcase name="should have medication directive" time="0.007" classname="PhantomJS 1.9.8 (Windows 7).main test"/>
    <testcase name="should have patient flag directive" time="0.008" classname="PhantomJS 1.9.8 (Windows 7).main test"/>
    <testcase name="should have appointment directive" time="0.007" classname="PhantomJS 1.9.8 (Windows 7).main test"/>
    <testcase name="should have diagnoses directive" time="0.007" classname="PhantomJS 1.9.8 (Windows 7).main test"/>
    <system-out><![CDATA[PhantomJS 1.9.8 (Windows 7) LOG: 'inside veteran roster controller'
,PhantomJS 1.9.8 (Windows 7) LOG: [1, [Object{ReachID: ..., FirstName: ..., MiddleName: ..., LastName: ..., SSN: ..., Phone: ..., DateIdentifiedRisk: ..., RiskLevel: ..., OutreachStatus: ..., VAMC: ...}, Object{ReachID: ..., FirstName: ..., MiddleName: ..., LastName: ..., SSN: ..., Phone: ..., DateIdentifiedRisk: ..., RiskLevel: ..., OutreachStatus: ..., VAMC: ...}, Object{ReachID: ..., FirstName: ..., MiddleName: ..., LastName: ..., SSN: ..., Phone: ..., DateIdentifiedRisk: ..., RiskLevel: ..., OutreachStatus: ..., VAMC: ...}, Object{ReachID: ..., FirstName: ..., MiddleName: ..., LastName: ..., SSN: ..., Phone: ..., DateIdentifiedRisk: ..., RiskLevel: ..., OutreachStatus: ..., VAMC: ...}, Object{ReachID: ..., FirstName: ..., MiddleName: ..., LastName: ..., SSN: ..., Phone: ..., DateIdentifiedRisk: ..., RiskLevel: ..., OutreachStatus: ..., VAMC: ...}, Object{ReachID: ..., FirstName: ..., MiddleName: ..., LastName: ..., SSN: ..., Phone: ..., DateIdentifiedRisk: ..., RiskLevel: ..., OutreachStatus: ..., VAMC: ...}, Object{ReachID: ..., FirstName: ..., MiddleName: ..., LastName: ..., SSN: ..., Phone: ..., DateIdentifiedRisk: ..., RiskLevel: ..., OutreachStatus: ..., VAMC: ...}, Object{ReachID: ..., FirstName: ..., MiddleName: ..., LastName: ..., SSN: ..., Phone: ..., DateIdentifiedRisk: ..., RiskLevel: ..., OutreachStatus: ..., VAMC: ...}, Object{ReachID: ..., FirstName: ..., MiddleName: ..., LastName: ..., SSN: ..., Phone: ..., DateIdentifiedRisk: ..., RiskLevel: ..., OutreachStatus: ..., VAMC: ...}, Object{ReachID: ..., FirstName: ..., MiddleName: ..., LastName: ..., SSN: ..., Phone: ..., DateIdentifiedRisk: ..., RiskLevel: ..., OutreachStatus: ..., VAMC: ...}, Object{ReachID: ..., FirstName: ..., MiddleName: ..., LastName: ..., SSN: ..., Phone: ..., DateIdentifiedRisk: ..., RiskLevel: ..., OutreachStatus: ..., VAMC: ...}, Object{ReachID: ..., FirstName: ..., MiddleName: ..., LastName: ..., SSN: ..., Phone: ..., DateIdentifiedRisk: ..., RiskLevel: ..., OutreachStatus: ..., VAMC: ...}, Object{ReachID: ..., FirstName: ..., MiddleName: ..., LastName: ..., SSN: ..., Phone: ..., DateIdentifiedRisk: ..., RiskLevel: ..., OutreachStatus: ..., VAMC: ...}, Object{ReachID: ..., FirstName: ..., MiddleName: ..., LastName: ..., SSN: ..., Phone: ..., DateIdentifiedRisk: ..., RiskLevel: ..., OutreachStatus: ..., VAMC: ...}, Object{ReachID: ..., FirstName: ..., MiddleName: ..., LastName: ..., SSN: ..., Phone: ..., DateIdentifiedRisk: ..., RiskLevel: ..., OutreachStatus: ..., VAMC: ...}, Object{ReachID: ..., FirstName: ..., MiddleName: ..., LastName: ..., SSN: ..., Phone: ..., DateIdentifiedRisk: ..., RiskLevel: ..., OutreachStatus: ..., VAMC: ...}, Object{ReachID: ..., FirstName: ..., MiddleName: ..., LastName: ..., SSN: ..., Phone: ..., DateIdentifiedRisk: ..., RiskLevel: ..., OutreachStatus: ..., VAMC: ...}, Object{ReachID: ..., FirstName: ..., MiddleName: ..., LastName: ..., SSN: ..., Phone: ..., DateIdentifiedRisk: ..., RiskLevel: ..., OutreachStatus: ..., VAMC: ...}, Object{ReachID: ..., FirstName: ..., MiddleName: ..., LastName: ..., SSN: ..., Phone: ..., DateIdentifiedRisk: ..., RiskLevel: ..., OutreachStatus: ..., VAMC: ...}, Object{ReachID: ..., FirstName: ..., MiddleName: ..., LastName: ..., SSN: ..., Phone: ..., DateIdentifiedRisk: ..., RiskLevel: ..., OutreachStatus: ..., VAMC: ...}, Object{ReachID: ..., FirstName: ..., MiddleName: ..., LastName: ..., SSN: ..., Phone: ..., DateIdentifiedRisk: ..., RiskLevel: ..., OutreachStatus: ..., VAMC: ...}, Object{ReachID: ..., FirstName: ..., MiddleName: ..., LastName: ..., SSN: ..., Phone: ..., DateIdentifiedRisk: ..., RiskLevel: ..., OutreachStatus: ..., VAMC: ...}, Object{ReachID: ..., FirstName: ..., MiddleName: ..., LastName: ..., SSN: ..., Phone: ..., DateIdentifiedRisk: ..., RiskLevel: ..., OutreachStatus: ..., VAMC: ...}, Object{ReachID: ..., FirstName: ..., MiddleName: ..., LastName: ..., SSN: ..., Phone: ..., DateIdentifiedRisk: ..., RiskLevel: ..., OutreachStatus: ..., VAMC: ...}, Object{ReachID: ..., FirstName: ..., MiddleName: ..., LastName: ..., SSN: ..., Phone: ..., DateIdentifiedRisk: ..., RiskLevel: ..., OutreachStatus: ..., VAMC: ...}, Object{ReachID: ..., FirstName: ..., MiddleName: ..., LastName: ..., SSN: ..., Phone: ..., DateIdentifiedRisk: ..., RiskLevel: ..., OutreachStatus: ..., VAMC: ...}, Object{ReachID: ..., FirstName: ..., MiddleName: ..., LastName: ..., SSN: ..., Phone: ..., DateIdentifiedRisk: ..., RiskLevel: ..., OutreachStatus: ..., VAMC: ...}, Object{ReachID: ..., FirstName: ..., MiddleName: ..., LastName: ..., SSN: ..., Phone: ..., DateIdentifiedRisk: ..., RiskLevel: ..., OutreachStatus: ..., VAMC: ...}, Object{ReachID: ..., FirstName: ..., MiddleName: ..., LastName: ..., SSN: ..., Phone: ..., DateIdentifiedRisk: ..., RiskLevel: ..., OutreachStatus: ..., VAMC: ...}, Object{ReachID: ..., FirstName: ..., MiddleName: ..., LastName: ..., SSN: ..., Phone: ..., DateIdentifiedRisk: ..., RiskLevel: ..., OutreachStatus: ..., VAMC: ...}, Object{ReachID: ..., FirstName: ..., MiddleName: ..., LastName: ..., SSN: ..., Phone: ..., DateIdentifiedRisk: ..., RiskLevel: ..., OutreachStatus: ..., VAMC: ...}, Object{ReachID: ..., FirstName: ..., MiddleName: ..., LastName: ..., SSN: ..., Phone: ..., DateIdentifiedRisk: ..., RiskLevel: ..., OutreachStatus: ..., VAMC: ...}, Object{ReachID: ..., FirstName: ..., MiddleName: ..., LastName: ..., SSN: ..., Phone: ..., DateIdentifiedRisk: ..., RiskLevel: ..., OutreachStatus: ..., VAMC: ...}, Object{ReachID: ..., FirstName: ..., MiddleName: ..., LastName: ..., SSN: ..., Phone: ..., DateIdentifiedRisk: ..., RiskLevel: ..., OutreachStatus: ..., VAMC: ...}, Object{ReachID: ..., FirstName: ..., MiddleName: ..., LastName: ..., SSN: ..., Phone: ..., DateIdentifiedRisk: ..., RiskLevel: ..., OutreachStatus: ..., VAMC: ...}, Object{ReachID: ..., FirstName: ..., MiddleName: ..., LastName: ..., SSN: ..., Phone: ..., DateIdentifiedRisk: ..., RiskLevel: ..., OutreachStatus: ..., VAMC: ...}, Object{ReachID: ..., FirstName: ..., MiddleName: ..., LastName: ..., SSN: ..., Phone: ..., DateIdentifiedRisk: ..., RiskLevel: ..., OutreachStatus: ..., VAMC: ...}, Object{ReachID: ..., FirstName: ..., MiddleName: ..., LastName: ..., SSN: ..., Phone: ..., DateIdentifiedRisk: ..., RiskLevel: ..., OutreachStatus: ..., VAMC: ...}, Object{ReachID: ..., FirstName: ..., MiddleName: ..., LastName: ..., SSN: ..., Phone: ..., DateIdentifiedRisk: ..., RiskLevel: ..., OutreachStatus: ..., VAMC: ...}, Object{ReachID: ..., FirstName: ..., MiddleName: ..., LastName: ..., SSN: ..., Phone: ..., DateIdentifiedRisk: ..., RiskLevel: ..., OutreachStatus: ..., VAMC: ...}, Object{ReachID: ..., FirstName: ..., MiddleName: ..., LastName: ..., SSN: ..., Phone: ..., DateIdentifiedRisk: ..., RiskLevel: ..., OutreachStatus: ..., VAMC: ...}, Object{ReachID: ..., FirstName: ..., MiddleName: ..., LastName: ..., SSN: ..., Phone: ..., DateIdentifiedRisk: ..., RiskLevel: ..., OutreachStatus: ..., VAMC: ...}, Object{ReachID: ..., FirstName: ..., MiddleName: ..., LastName: ..., SSN: ..., Phone: ..., DateIdentifiedRisk: ..., RiskLevel: ..., OutreachStatus: ..., VAMC: ...}, Object{ReachID: ..., FirstName: ..., MiddleName: ..., LastName: ..., SSN: ..., Phone: ..., DateIdentifiedRisk: ..., RiskLevel: ..., OutreachStatus: ..., VAMC: ...}, Object{ReachID: ..., FirstName: ..., MiddleName: ..., LastName: ..., SSN: ..., Phone: ..., DateIdentifiedRisk: ..., RiskLevel: ..., OutreachStatus: ..., VAMC: ...}, Object{ReachID: ..., FirstName: ..., MiddleName: ..., LastName: ..., SSN: ..., Phone: ..., DateIdentifiedRisk: ..., RiskLevel: ..., OutreachStatus: ..., VAMC: ...}, Object{ReachID: ..., FirstName: ..., MiddleName: ..., LastName: ..., SSN: ..., Phone: ..., DateIdentifiedRisk: ..., RiskLevel: ..., OutreachStatus: ..., VAMC: ...}, Object{ReachID: ..., FirstName: ..., MiddleName: ..., LastName: ..., SSN: ..., Phone: ..., DateIdentifiedRisk: ..., RiskLevel: ..., OutreachStatus: ..., VAMC: ...}, Object{ReachID: ..., FirstName: ..., MiddleName: ..., LastName: ..., SSN: ..., Phone: ..., DateIdentifiedRisk: ..., RiskLevel: ..., OutreachStatus: ..., VAMC: ...}, Object{ReachID: ..., FirstName: ..., MiddleName: ..., LastName: ..., SSN: ..., Phone: ..., DateIdentifiedRisk: ..., RiskLevel: ..., OutreachStatus: ..., VAMC: ...}, Object{ReachID: ..., FirstName: ..., MiddleName: ..., LastName: ..., SSN: ..., Phone: ..., DateIdentifiedRisk: ..., RiskLevel: ..., OutreachStatus: ..., VAMC: ...}, Object{ReachID: ..., FirstName: ..., MiddleName: ..., LastName: ..., SSN: ..., Phone: ..., DateIdentifiedRisk: ..., RiskLevel: ..., OutreachStatus: ..., VAMC: ...}, Object{ReachID: ..., FirstName: ..., MiddleName: ..., LastName: ..., SSN: ..., Phone: ..., DateIdentifiedRisk: ..., RiskLevel: ..., OutreachStatus: ..., VAMC: ...}, Object{ReachID: ..., FirstName: ..., MiddleName: ..., LastName: ..., SSN: ..., Phone: ..., DateIdentifiedRisk: ..., RiskLevel: ..., OutreachStatus: ..., VAMC: ...}, Object{ReachID: ..., FirstName: ..., MiddleName: ..., LastName: ..., SSN: ..., Phone: ..., DateIdentifiedRisk: ..., RiskLevel: ..., OutreachStatus: ..., VAMC: ...}, Object{ReachID: ..., FirstName: ..., MiddleName: ..., LastName: ..., SSN: ..., Phone: ..., DateIdentifiedRisk: ..., RiskLevel: ..., OutreachStatus: ..., VAMC: ...}, Object{ReachID: ..., FirstName: ..., MiddleName: ..., LastName: ..., SSN: ..., Phone: ..., DateIdentifiedRisk: ..., RiskLevel: ..., OutreachStatus: ..., VAMC: ...}, Object{ReachID: ..., FirstName: ..., MiddleName: ..., LastName: ..., SSN: ..., Phone: ..., DateIdentifiedRisk: ..., RiskLevel: ..., OutreachStatus: ..., VAMC: ...}, Object{ReachID: ..., FirstName: ..., MiddleName: ..., LastName: ..., SSN: ..., Phone: ..., DateIdentifiedRisk: ..., RiskLevel: ..., OutreachStatus: ..., VAMC: ...}, Object{ReachID: ..., FirstName: ..., MiddleName: ..., LastName: ..., SSN: ..., Phone: ..., DateIdentifiedRisk: ..., RiskLevel: ..., OutreachStatus: ..., VAMC: ...}, Object{ReachID: ..., FirstName: ..., MiddleName: ..., LastName: ..., SSN: ..., Phone: ..., DateIdentifiedRisk: ..., RiskLevel: ..., OutreachStatus: ..., VAMC: ...}, Object{ReachID: ..., FirstName: ..., MiddleName: ..., LastName: ..., SSN: ..., Phone: ..., DateIdentifiedRisk: ..., RiskLevel: ..., OutreachStatus: ..., VAMC: ...}, Object{ReachID: ..., FirstName: ..., MiddleName: ..., LastName: ..., SSN: ..., Phone: ..., DateIdentifiedRisk: ..., RiskLevel: ..., OutreachStatus: ..., VAMC: ...}, Object{ReachID: ..., FirstName: ..., MiddleName: ..., LastName: ..., SSN: ..., Phone: ..., DateIdentifiedRisk: ..., RiskLevel: ..., OutreachStatus: ..., VAMC: ...}, Object{ReachID: ..., FirstName: ..., MiddleName: ..., LastName: ..., SSN: ..., Phone: ..., DateIdentifiedRisk: ..., RiskLevel: ..., OutreachStatus: ..., VAMC: ...}, Object{ReachID: ..., FirstName: ..., MiddleName: ..., LastName: ..., SSN: ..., Phone: ..., DateIdentifiedRisk: ..., RiskLevel: ..., OutreachStatus: ..., VAMC: ...}, Object{ReachID: ..., FirstName: ..., MiddleName: ..., LastName: ..., SSN: ..., Phone: ..., DateIdentifiedRisk: ..., RiskLevel: ..., OutreachStatus: ..., VAMC: ...}, Object{ReachID: ..., FirstName: ..., MiddleName: ..., LastName: ..., SSN: ..., Phone: ..., DateIdentifiedRisk: ..., RiskLevel: ..., OutreachStatus: ..., VAMC: ...}, Object{ReachID: ..., FirstName: ..., MiddleName: ..., LastName: ..., SSN: ..., Phone: ..., DateIdentifiedRisk: ..., RiskLevel: ..., OutreachStatus: ..., VAMC: ...}, Object{ReachID: ..., FirstName: ..., MiddleName: ..., LastName: ..., SSN: ..., Phone: ..., DateIdentifiedRisk: ..., RiskLevel: ..., OutreachStatus: ..., VAMC: ...}, Object{ReachID: ..., FirstName: ..., MiddleName: ..., LastName: ..., SSN: ..., Phone: ..., DateIdentifiedRisk: ..., RiskLevel: ..., OutreachStatus: ..., VAMC: ...}, Object{ReachID: ..., FirstName: ..., MiddleName: ..., LastName: ..., SSN: ..., Phone: ..., DateIdentifiedRisk: ..., RiskLevel: ..., OutreachStatus: ..., VAMC: ...}, Object{ReachID: ..., FirstName: ..., MiddleName: ..., LastName: ..., SSN: ..., Phone: ..., DateIdentifiedRisk: ..., RiskLevel: ..., OutreachStatus: ..., VAMC: ...}, Object{ReachID: ..., FirstName: ..., MiddleName: ..., LastName: ..., SSN: ..., Phone: ..., DateIdentifiedRisk: ..., RiskLevel: ..., OutreachStatus: ..., VAMC: ...}, Object{ReachID: ..., FirstName: ..., MiddleName: ..., LastName: ..., SSN: ..., Phone: ..., DateIdentifiedRisk: ..., RiskLevel: ..., OutreachStatus: ..., VAMC: ...}, Object{ReachID: ..., FirstName: ..., MiddleName: ..., LastName: ..., SSN: ..., Phone: ..., DateIdentifiedRisk: ..., RiskLevel: ..., OutreachStatus: ..., VAMC: ...}, Object{ReachID: ..., FirstName: ..., MiddleName: ..., LastName: ..., SSN: ..., Phone: ..., DateIdentifiedRisk: ..., RiskLevel: ..., OutreachStatus: ..., VAMC: ...}, Object{ReachID: ..., FirstName: ..., MiddleName: ..., LastName: ..., SSN: ..., Phone: ..., DateIdentifiedRisk: ..., RiskLevel: ..., OutreachStatus: ..., VAMC: ...}, Object{ReachID: ..., FirstName: ..., MiddleName: ..., LastName: ..., SSN: ..., Phone: ..., DateIdentifiedRisk: ..., RiskLevel: ..., OutreachStatus: ..., VAMC: ...}, Object{ReachID: ..., FirstName: ..., MiddleName: ..., LastName: ..., SSN: ..., Phone: ..., DateIdentifiedRisk: ..., RiskLevel: ..., OutreachStatus: ..., VAMC: ...}, Object{ReachID: ..., FirstName: ..., MiddleName: ..., LastName: ..., SSN: ..., Phone: ..., DateIdentifiedRisk: ..., RiskLevel: ..., OutreachStatus: ..., VAMC: ...}, Object{ReachID: ..., FirstName: ..., MiddleName: ..., LastName: ..., SSN: ..., Phone: ..., DateIdentifiedRisk: ..., RiskLevel: ..., OutreachStatus: ..., VAMC: ...}, Object{ReachID: ..., FirstName: ..., MiddleName: ..., LastName: ..., SSN: ..., Phone: ..., DateIdentifiedRisk: ..., RiskLevel: ..., OutreachStatus: ..., VAMC: ...}, Object{ReachID: ..., FirstName: ..., MiddleName: ..., LastName: ..., SSN: ..., Phone: ..., DateIdentifiedRisk: ..., RiskLevel: ..., OutreachStatus: ..., VAMC: ...}, Object{ReachID: ..., FirstName: ..., MiddleName: ..., LastName: ..., SSN: ..., Phone: ..., DateIdentifiedRisk: ..., RiskLevel: ..., OutreachStatus: ..., VAMC: ...}, Object{ReachID: ..., FirstName: ..., MiddleName: ..., LastName: ..., SSN: ..., Phone: ..., DateIdentifiedRisk: ..., RiskLevel: ..., OutreachStatus: ..., VAMC: ...}, Object{ReachID: ..., FirstName: ..., MiddleName: ..., LastName: ..., SSN: ..., Phone: ..., DateIdentifiedRisk: ..., RiskLevel: ..., OutreachStatus: ..., VAMC: ...}, Object{ReachID: ..., FirstName: ..., MiddleName: ..., LastName: ..., SSN: ..., Phone: ..., DateIdentifiedRisk: ..., RiskLevel: ..., OutreachStatus: ..., VAMC: ...}, Object{ReachID: ..., FirstName: ..., MiddleName: ..., LastName: ..., SSN: ..., Phone: ..., DateIdentifiedRisk: ..., RiskLevel: ..., OutreachStatus: ..., VAMC: ...}, Object{ReachID: ..., FirstName: ..., MiddleName: ..., LastName: ..., SSN: ..., Phone: ..., DateIdentifiedRisk: ..., RiskLevel: ..., OutreachStatus: ..., VAMC: ...}, Object{ReachID: ..., FirstName: ..., MiddleName: ..., LastName: ..., SSN: ..., Phone: ..., DateIdentifiedRisk: ..., RiskLevel: ..., OutreachStatus: ..., VAMC: ...}, Object{ReachID: ..., FirstName: ..., MiddleName: ..., LastName: ..., SSN: ..., Phone: ..., DateIdentifiedRisk: ..., RiskLevel: ..., OutreachStatus: ..., VAMC: ...}, Object{ReachID: ..., FirstName: ..., MiddleName: ..., LastName: ..., SSN: ..., Phone: ..., DateIdentifiedRisk: ..., RiskLevel: ..., OutreachStatus: ..., VAMC: ...}, Object{ReachID: ..., FirstName: ..., MiddleName: ..., LastName: ..., SSN: ..., Phone: ..., DateIdentifiedRisk: ..., RiskLevel: ..., OutreachStatus: ..., VAMC: ...}, Object{ReachID: ..., FirstName: ..., MiddleName: ..., LastName: ..., SSN: ..., Phone: ..., DateIdentifiedRisk: ..., RiskLevel: ..., OutreachStatus: ..., VAMC: ...}, Object{ReachID: ..., FirstName: ..., MiddleName: ..., LastName: ..., SSN: ..., Phone: ..., DateIdentifiedRisk: ..., RiskLevel: ..., OutreachStatus: ..., VAMC: ...}, Object{ReachID: ..., FirstName: ..., MiddleName: ..., LastName: ..., SSN: ..., Phone: ..., DateIdentifiedRisk: ..., RiskLevel: ..., OutreachStatus: ..., VAMC: ...}, Object{ReachID: ..., FirstName: ..., MiddleName: ..., LastName: ..., SSN: ..., Phone: ..., DateIdentifiedRisk: ..., RiskLevel: ..., OutreachStatus: ..., VAMC: ...}, Object{ReachID: ..., FirstName: ..., MiddleName: ..., LastName: ..., SSN: ..., Phone: ..., DateIdentifiedRisk: ..., RiskLevel: ..., OutreachStatus: ..., VAMC: ...}, Object{ReachID: ..., FirstName: ..., MiddleName: ..., LastName: ..., SSN: ..., Phone: ..., DateIdentifiedRisk: ..., RiskLevel: ..., OutreachStatus: ..., VAMC: ...}, Object{ReachID: ..., FirstName: ..., MiddleName: ..., LastName: ..., SSN: ..., Phone: ..., DateIdentifiedRisk: ..., RiskLevel: ..., OutreachStatus: ..., VAMC: ...}, Object{ReachID: ..., FirstName: ..., MiddleName: ..., LastName: ..., SSN: ..., Phone: ..., DateIdentifiedRisk: ..., RiskLevel: ..., OutreachStatus: ..., VAMC: ...}, Object{ReachID: ..., FirstName: ..., MiddleName: ..., LastName: ..., SSN: ..., Phone: ..., DateIdentifiedRisk: ..., RiskLevel: ..., OutreachStatus: ..., VAMC: ...}, Object{ReachID: ..., FirstName: ..., MiddleName: ..., LastName: ..., SSN: ..., Phone: ..., DateIdentifiedRisk: ..., RiskLevel: ..., OutreachStatus: ..., VAMC: ...}, Object{ReachID: ..., FirstName: ..., MiddleName: ..., LastName: ..., SSN: ..., Phone: ..., DateIdentifiedRisk: ..., RiskLevel: ..., OutreachStatus: ..., VAMC: ...}, Object{ReachID: ..., FirstName: ..., MiddleName: ..., LastName: ..., SSN: ..., Phone: ..., DateIdentifiedRisk: ..., RiskLevel: ..., OutreachStatus: ..., VAMC: ...}, Object{ReachID: ..., FirstName: ..., MiddleName: ..., LastName: ..., SSN: ..., Phone: ..., DateIdentifiedRisk: ..., RiskLevel: ..., OutreachStatus: ..., VAMC: ...}, Object{ReachID: ..., FirstName: ..., MiddleName: ..., LastName: ..., SSN: ..., Phone: ..., DateIdentifiedRisk: ..., RiskLevel: ..., OutreachStatus: ..., VAMC: ...}, Object{ReachID: ..., FirstName: ..., MiddleName: ..., LastName: ..., SSN: ..., Phone: ..., DateIdentifiedRisk: ..., RiskLevel: ..., OutreachStatus: ..., VAMC: ...}, Object{ReachID: ..., FirstName: ..., MiddleName: ..., LastName: ..., SSN: ..., Phone: ..., DateIdentifiedRisk: ..., RiskLevel: ..., OutreachStatus: ..., VAMC: ...}, Object{ReachID: ..., FirstName: ..., MiddleName: ..., LastName: ..., SSN: ..., Phone: ..., DateIdentifiedRisk: ..., RiskLevel: ..., OutreachStatus: ..., VAMC: ...}, Object{ReachID: ..., FirstName: ..., MiddleName: ..., LastName: ..., SSN: ..., Phone: ..., DateIdentifiedRisk: ..., RiskLevel: ..., OutreachStatus: ..., VAMC: ...}, Object{ReachID: ..., FirstName: ..., MiddleName: ..., LastName: ..., SSN: ..., Phone: ..., DateIdentifiedRisk: ..., RiskLevel: ..., OutreachStatus: ..., VAMC: ...}, Object{ReachID: ..., FirstName: ..., MiddleName: ..., LastName: ..., SSN: ..., Phone: ..., DateIdentifiedRisk: ..., RiskLevel: ..., OutreachStatus: ..., VAMC: ...}, Object{ReachID: ..., FirstName: ..., MiddleName: ..., LastName: ..., SSN: ..., Phone: ..., DateIdentifiedRisk: ..., RiskLevel: ..., OutreachStatus: ..., VAMC: ...}, Object{ReachID: ..., FirstName: ..., MiddleName: ..., LastName: ..., SSN: ..., Phone: ..., DateIdentifiedRisk: ..., RiskLevel: ..., OutreachStatus: ..., VAMC: ...}, Object{ReachID: ..., FirstName: ..., MiddleName: ..., LastName: ..., SSN: ..., Phone: ..., DateIdentifiedRisk: ..., RiskLevel: ..., OutreachStatus: ..., VAMC: ...}, Object{ReachID: ..., FirstName: ..., MiddleName: ..., LastName: ..., SSN: ..., Phone: ..., DateIdentifiedRisk: ..., RiskLevel: ..., OutreachStatus: ..., VAMC: ...}, Object{ReachID: ..., FirstName: ..., MiddleName: ..., LastName: ..., SSN: ..., Phone: ..., DateIdentifiedRisk: ..., RiskLevel: ..., OutreachStatus: ..., VAMC: ...}, Object{ReachID: ..., FirstName: ..., MiddleName: ..., LastName: ..., SSN: ..., Phone: ..., DateIdentifiedRisk: ..., RiskLevel: ..., OutreachStatus: ..., VAMC: ...}, Object{ReachID: ..., FirstName: ..., MiddleName: ..., LastName: ..., SSN: ..., Phone: ..., DateIdentifiedRisk: ..., RiskLevel: ..., OutreachStatus: ..., VAMC: ...}, Object{ReachID: ..., FirstName: ..., MiddleName: ..., LastName: ..., SSN: ..., Phone: ..., DateIdentifiedRisk: ..., RiskLevel: ..., OutreachStatus: ..., VAMC: ...}, Object{ReachID: ..., FirstName: ..., MiddleName: ..., LastName: ..., SSN: ..., Phone: ..., DateIdentifiedRisk: ..., RiskLevel: ..., OutreachStatus: ..., VAMC: ...}, Object{ReachID: ..., FirstName: ..., MiddleName: ..., LastName: ..., SSN: ..., Phone: ..., DateIdentifiedRisk: ..., RiskLevel: ..., OutreachStatus: ..., VAMC: ...}, Object{ReachID: ..., FirstName: ..., MiddleName: ..., LastName: ..., SSN: ..., Phone: ..., DateIdentifiedRisk: ..., RiskLevel: ..., OutreachStatus: ..., VAMC: ...}, Object{ReachID: ..., FirstName: ..., MiddleName: ..., LastName: ..., SSN: ..., Phone: ..., DateIdentifiedRisk: ..., RiskLevel: ..., OutreachStatus: ..., VAMC: ...}, Object{ReachID: ..., FirstName: ..., MiddleName: ..., LastName: ..., SSN: ..., Phone: ..., DateIdentifiedRisk: ..., RiskLevel: ..., OutreachStatus: ..., VAMC: ...}, Object{ReachID: ..., FirstName: ..., MiddleName: ..., LastName: ..., SSN: ..., Phone: ..., DateIdentifiedRisk: ..., RiskLevel: ..., OutreachStatus: ..., VAMC: ...}, Object{ReachID: ..., FirstName: ..., MiddleName: ..., LastName: ..., SSN: ..., Phone: ..., DateIdentifiedRisk: ..., RiskLevel: ..., OutreachStatus: ..., VAMC: ...}, Object{ReachID: ..., FirstName: ..., MiddleName: ..., LastName: ..., SSN: ..., Phone: ..., DateIdentifiedRisk: ..., RiskLevel: ..., OutreachStatus: ..., VAMC: ...}, Object{ReachID: ..., FirstName: ..., MiddleName: ..., LastName: ..., SSN: ..., Phone: ..., DateIdentifiedRisk: ..., RiskLevel: ..., OutreachStatus: ..., VAMC: ...}, Object{ReachID: ..., FirstName: ..., MiddleName: ..., LastName: ..., SSN: ..., Phone: ..., DateIdentifiedRisk: ..., RiskLevel: ..., OutreachStatus: ..., VAMC: ...}, Object{ReachID: ..., FirstName: ..., MiddleName: ..., LastName: ..., SSN: ..., Phone: ..., DateIdentifiedRisk: ..., RiskLevel: ..., OutreachStatus: ..., VAMC: ...}, Object{ReachID: ..., FirstName: ..., MiddleName: ..., LastName: ..., SSN: ..., Phone: ..., DateIdentifiedRisk: ..., RiskLevel: ..., OutreachStatus: ..., VAMC: ...}, Object{ReachID: ..., FirstName: ..., MiddleName: ..., LastName: ..., SSN: ..., Phone: ..., DateIdentifiedRisk: ..., RiskLevel: ..., OutreachStatus: ..., VAMC: ...}, Object{ReachID: ..., FirstName: ..., MiddleName: ..., LastName: ..., SSN: ..., Phone: ..., DateIdentifiedRisk: ..., RiskLevel: ..., OutreachStatus: ..., VAMC: ...}, Object{ReachID: ..., FirstName: ..., MiddleName: ..., LastName: ..., SSN: ..., Phone: ..., DateIdentifiedRisk: ..., RiskLevel: ..., OutreachStatus: ..., VAMC: ...}, Object{ReachID: ..., FirstName: ..., MiddleName: ..., LastName: ..., SSN: ..., Phone: ..., DateIdentifiedRisk: ..., RiskLevel: ..., OutreachStatus: ..., VAMC: ...}, Object{ReachID: ..., FirstName: ..., MiddleName: ..., LastName: ..., SSN: ..., Phone: ..., DateIdentifiedRisk: ..., RiskLevel: ..., OutreachStatus: ..., VAMC: ...}, Object{ReachID: ..., FirstName: ..., MiddleName: ..., LastName: ..., SSN: ..., Phone: ..., DateIdentifiedRisk: ..., RiskLevel: ..., OutreachStatus: ..., VAMC: ...}, Object{ReachID: ..., FirstName: ..., MiddleName: ..., LastName: ..., SSN: ..., Phone: ..., DateIdentifiedRisk: ..., RiskLevel: ..., OutreachStatus: ..., VAMC: ...}, Object{ReachID: ..., FirstName: ..., MiddleName: ..., LastName: ..., SSN: ..., Phone: ..., DateIdentifiedRisk: ..., RiskLevel: ..., OutreachStatus: ..., VAMC: ...}, Object{ReachID: ..., FirstName: ..., MiddleName: ..., LastName: ..., SSN: ..., Phone: ..., DateIdentifiedRisk: ..., RiskLevel: ..., OutreachStatus: ..., VAMC: ...}, Object{ReachID: ..., FirstName: ..., MiddleName: ..., LastName: ..., SSN: ..., Phone: ..., DateIdentifiedRisk: ..., RiskLevel: ..., OutreachStatus: ..., VAMC: ...}, Object{ReachID: ..., FirstName: ..., MiddleName: ..., LastName: ..., SSN: ..., Phone: ..., DateIdentifiedRisk: ..., RiskLevel: ..., OutreachStatus: ..., VAMC: ...}, Object{ReachID: ..., FirstName: ..., MiddleName: ..., LastName: ..., SSN: ..., Phone: ..., DateIdentifiedRisk: ..., RiskLevel: ..., OutreachStatus: ..., VAMC: ...}, Object{ReachID: ..., FirstName: ..., MiddleName: ..., LastName: ..., SSN: ..., Phone: ..., DateIdentifiedRisk: ..., RiskLevel: ..., OutreachStatus: ..., VAMC: ...}, Object{ReachID: ..., FirstName: ..., MiddleName: ..., LastName: ..., SSN: ..., Phone: ..., DateIdentifiedRisk: ..., RiskLevel: ..., OutreachStatus: ..., VAMC: ...}, Object{ReachID: ..., FirstName: ..., MiddleName: ..., LastName: ..., SSN: ..., Phone: ..., DateIdentifiedRisk: ..., RiskLevel: ..., OutreachStatus: ..., VAMC: ...}, Object{ReachID: ..., FirstName: ..., MiddleName: ..., LastName: ..., SSN: ..., Phone: ..., DateIdentifiedRisk: ..., RiskLevel: ..., OutreachStatus: ..., VAMC: ...}, Object{ReachID: ..., FirstName: ..., MiddleName: ..., LastName: ..., SSN: ..., Phone: ..., DateIdentifiedRisk: ..., RiskLevel: ..., OutreachStatus: ..., VAMC: ...}, Object{ReachID: ..., FirstName: ..., MiddleName: ..., LastName: ..., SSN: ..., Phone: ..., DateIdentifiedRisk: ..., RiskLevel: ..., OutreachStatus: ..., VAMC: ...}, Object{ReachID: ..., FirstName: ..., MiddleName: ..., LastName: ..., SSN: ..., Phone: ..., DateIdentifiedRisk: ..., RiskLevel: ..., OutreachStatus: ..., VAMC: ...}, Object{ReachID: ..., FirstName: ..., MiddleName: ..., LastName: ..., SSN: ..., Phone: ..., DateIdentifiedRisk: ..., RiskLevel: ..., OutreachStatus: ..., VAMC: ...}, Object{ReachID: ..., FirstName: ..., MiddleName: ..., LastName: ..., SSN: ..., Phone: ..., DateIdentifiedRisk: ..., RiskLevel: ..., OutreachStatus: ..., VAMC: ...}, Object{ReachID: ..., FirstName: ..., MiddleName: ..., LastName: ..., SSN: ..., Phone: ..., DateIdentifiedRisk: ..., RiskLevel: ..., OutreachStatus: ..., VAMC: ...}, Object{ReachID: ..., FirstName: ..., MiddleName: ..., LastName: ..., SSN: ..., Phone: ..., DateIdentifiedRisk: ..., RiskLevel: ..., OutreachStatus: ..., VAMC: ...}, Object{ReachID: ..., FirstName: ..., MiddleName: ..., LastName: ..., SSN: ..., Phone: ..., DateIdentifiedRisk: ..., RiskLevel: ..., OutreachStatus: ..., VAMC: ...}, Object{ReachID: ..., FirstName: ..., MiddleName: ..., LastName: ..., SSN: ..., Phone: ..., DateIdentifiedRisk: ..., RiskLevel: ..., OutreachStatus: ..., VAMC: ...}, Object{ReachID: ..., FirstName: ..., MiddleName: ..., LastName: ..., SSN: ..., Phone: ..., DateIdentifiedRisk: ..., RiskLevel: ..., OutreachStatus: ..., VAMC: ...}, Object{ReachID: ..., FirstName: ..., MiddleName: ..., LastName: ..., SSN: ..., Phone: ..., DateIdentifiedRisk: ..., RiskLevel: ..., OutreachStatus: ..., VAMC: ...}, Object{ReachID: ..., FirstName: ..., MiddleName: ..., LastName: ..., SSN: ..., Phone: ..., DateIdentifiedRisk: ..., RiskLevel: ..., OutreachStatus: ..., VAMC: ...}, Object{ReachID: ..., FirstName: ..., MiddleName: ..., LastName: ..., SSN: ..., Phone: ..., DateIdentifiedRisk: ..., RiskLevel: ..., OutreachStatus: ..., VAMC: ...}, Object{ReachID: ..., FirstName: ..., MiddleName: ..., LastName: ..., SSN: ..., Phone: ..., DateIdentifiedRisk: ..., RiskLevel: ..., OutreachStatus: ..., VAMC: ...}, Object{ReachID: ..., FirstName: ..., MiddleName: ..., LastName: ..., SSN: ..., Phone: ..., DateIdentifiedRisk: ..., RiskLevel: ..., OutreachStatus: ..., VAMC: ...}, Object{ReachID: ..., FirstName: ..., MiddleName: ..., LastName: ..., SSN: ..., Phone: ..., DateIdentifiedRisk: ..., RiskLevel: ..., OutreachStatus: ..., VAMC: ...}, Object{ReachID: ..., FirstName: ..., MiddleName: ..., LastName: ..., SSN: ..., Phone: ..., DateIdentifiedRisk: ..., RiskLevel: ..., OutreachStatus: ..., VAMC: ...}, Object{ReachID: ..., FirstName: ..., MiddleName: ..., LastName: ..., SSN: ..., Phone: ..., DateIdentifiedRisk: ..., RiskLevel: ..., OutreachStatus: ..., VAMC: ...}, Object{ReachID: ..., FirstName: ..., MiddleName: ..., LastName: ..., SSN: ..., Phone: ..., DateIdentifiedRisk: ..., RiskLevel: ..., OutreachStatus: ..., VAMC: ...}, Object{ReachID: ..., FirstName: ..., MiddleName: ..., LastName: ..., SSN: ..., Phone: ..., DateIdentifiedRisk: ..., RiskLevel: ..., OutreachStatus: ..., VAMC: ...}, Object{ReachID: ..., FirstName: ..., MiddleName: ..., LastName: ..., SSN: ..., Phone: ..., DateIdentifiedRisk: ..., RiskLevel: ..., OutreachStatus: ..., VAMC: ...}, Object{ReachID: ..., FirstName: ..., MiddleName: ..., LastName: ..., SSN: ..., Phone: ..., DateIdentifiedRisk: ..., RiskLevel: ..., OutreachStatus: ..., VAMC: ...}, Object{ReachID: ..., FirstName: ..., MiddleName: ..., LastName: ..., SSN: ..., Phone: ..., DateIdentifiedRisk: ..., RiskLevel: ..., OutreachStatus: ..., VAMC: ...}, Object{ReachID: ..., FirstName: ..., MiddleName: ..., LastName: ..., SSN: ..., Phone: ..., DateIdentifiedRisk: ..., RiskLevel: ..., OutreachStatus: ..., VAMC: ...}, Object{ReachID: ..., FirstName: ..., MiddleName: ..., LastName: ..., SSN: ..., Phone: ..., DateIdentifiedRisk: ..., RiskLevel: ..., OutreachStatus: ..., VAMC: ...}, Object{ReachID: ..., FirstName: ..., MiddleName: ..., LastName: ..., SSN: ..., Phone: ..., DateIdentifiedRisk: ..., RiskLevel: ..., OutreachStatus: ..., VAMC: ...}, Object{ReachID: ..., FirstName: ..., MiddleName: ..., LastName: ..., SSN: ..., Phone: ..., DateIdentifiedRisk: ..., RiskLevel: ..., OutreachStatus: ..., VAMC: ...}, Object{ReachID: ..., FirstName: ..., MiddleName: ..., LastName: ..., SSN: ..., Phone: ..., DateIdentifiedRisk: ..., RiskLevel: ..., OutreachStatus: ..., VAMC: ...}, Object{ReachID: ..., FirstName: ..., MiddleName: ..., LastName: ..., SSN: ..., Phone: ..., DateIdentifiedRisk: ..., RiskLevel: ..., OutreachStatus: ..., VAMC: ...}, Object{ReachID: ..., FirstName: ..., MiddleName: ..., LastName: ..., SSN: ..., Phone: ..., DateIdentifiedRisk: ..., RiskLevel: ..., OutreachStatus: ..., VAMC: ...}, Object{ReachID: ..., FirstName: ..., MiddleName: ..., LastName: ..., SSN: ..., Phone: ..., DateIdentifiedRisk: ..., RiskLevel: ..., OutreachStatus: ..., VAMC: ...}, Object{ReachID: ..., FirstName: ..., MiddleName: ..., LastName: ..., SSN: ..., Phone: ..., DateIdentifiedRisk: ..., RiskLevel: ..., OutreachStatus: ..., VAMC: ...}, Object{ReachID: ..., FirstName: ..., MiddleName: ..., LastName: ..., SSN: ..., Phone: ..., DateIdentifiedRisk: ..., RiskLevel: ..., OutreachStatus: ..., VAMC: ...}, Object{ReachID: ..., FirstName: ..., MiddleName: ..., LastName: ..., SSN: ..., Phone: ..., DateIdentifiedRisk: ..., RiskLevel: ..., OutreachStatus: ..., VAMC: ...}, Object{ReachID: ..., FirstName: ..., MiddleName: ..., LastName: ..., SSN: ..., Phone: ..., DateIdentifiedRisk: ..., RiskLevel: ..., OutreachStatus: ..., VAMC: ...}, Object{ReachID: ..., FirstName: ..., MiddleName: ..., LastName: ..., SSN: ..., Phone: ..., DateIdentifiedRisk: ..., RiskLevel: ..., OutreachStatus: ..., VAMC: ...}, Object{ReachID: ..., FirstName: ..., MiddleName: ..., LastName: ..., SSN: ..., Phone: ..., DateIdentifiedRisk: ..., RiskLevel: ..., OutreachStatus: ..., VAMC: ...}, Object{ReachID: ..., FirstName: ..., MiddleName: ..., LastName: ..., SSN: ..., Phone: ..., DateIdentifiedRisk: ..., RiskLevel: ..., OutreachStatus: ..., VAMC: ...}, Object{ReachID: ..., FirstName: ..., MiddleName: ..., LastName: ..., SSN: ..., Phone: ..., DateIdentifiedRisk: ..., RiskLevel: ..., OutreachStatus: ..., VAMC: ...}, Object{ReachID: ..., FirstName: ..., MiddleName: ..., LastName: ..., SSN: ..., Phone: ..., DateIdentifiedRisk: ..., RiskLevel: ..., OutreachStatus: ..., VAMC: ...}, Object{ReachID: ..., FirstName: ..., MiddleName: ..., LastName: ..., SSN: ..., Phone: ..., DateIdentifiedRisk: ..., RiskLevel: ..., OutreachStatus: ..., VAMC: ...}, Object{ReachID: ..., FirstName: ..., MiddleName: ..., LastName: ..., SSN: ..., Phone: ..., DateIdentifiedRisk: ..., RiskLevel: ..., OutreachStatus: ..., VAMC: ...}, Object{ReachID: ..., FirstName: ..., MiddleName: ..., LastName: ..., SSN: ..., Phone: ..., DateIdentifiedRisk: ..., RiskLevel: ..., OutreachStatus: ..., VAMC: ...}, Object{ReachID: ..., FirstName: ..., MiddleName: ..., LastName: ..., SSN: ..., Phone: ..., DateIdentifiedRisk: ..., RiskLevel: ..., OutreachStatus: ..., VAMC: ...}, Object{ReachID: ..., FirstName: ..., MiddleName: ..., LastName: ..., SSN: ..., Phone: ..., DateIdentifiedRisk: ..., RiskLevel: ..., OutreachStatus: ..., VAMC: ...}, Object{ReachID: ..., FirstName: ..., MiddleName: ..., LastName: ..., SSN: ..., Phone: ..., DateIdentifiedRisk: ..., RiskLevel: ..., OutreachStatus: ..., VAMC: ...}, Object{ReachID: ..., FirstName: ..., MiddleName: ..., LastName: ..., SSN: ..., Phone: ..., DateIdentifiedRisk: ..., RiskLevel: ..., OutreachStatus: ..., VAMC: ...}, Object{ReachID: ..., FirstName: ..., MiddleName: ..., LastName: ..., SSN: ..., Phone: ..., DateIdentifiedRisk: ..., RiskLevel: ..., OutreachStatus: ..., VAMC: ...}, Object{ReachID: ..., FirstName: ..., MiddleName: ..., LastName: ..., SSN: ..., Phone: ..., DateIdentifiedRisk: ..., RiskLevel: ..., OutreachStatus: ..., VAMC: ...}, Object{ReachID: ..., FirstName: ..., MiddleName: ..., LastName: ..., SSN: ..., Phone: ..., DateIdentifiedRisk: ..., RiskLevel: ..., OutreachStatus: ..., VAMC: ...}, Object{ReachID: ..., FirstName: ..., MiddleName: ..., LastName: ..., SSN: ..., Phone: ..., DateIdentifiedRisk: ..., RiskLevel: ..., OutreachStatus: ..., VAMC: ...}, Object{ReachID: ..., FirstName: ..., MiddleName: ..., LastName: ..., SSN: ..., Phone: ..., DateIdentifiedRisk: ..., RiskLevel: ..., OutreachStatus: ..., VAMC: ...}, Object{ReachID: ..., FirstName: ..., MiddleName: ..., LastName: ..., SSN: ..., Phone: ..., DateIdentifiedRisk: ..., RiskLevel: ..., OutreachStatus: ..., VAMC: ...}, Object{ReachID: ..., FirstName: ..., MiddleName: ..., LastName: ..., SSN: ..., Phone: ..., DateIdentifiedRisk: ..., RiskLevel: ..., OutreachStatus: ..., VAMC: ...}, Object{ReachID: ..., FirstName: ..., MiddleName: ..., LastName: ..., SSN: ..., Phone: ..., DateIdentifiedRisk: ..., RiskLevel: ..., OutreachStatus: ..., VAMC: ...}, Object{ReachID: ..., FirstName: ..., MiddleName: ..., LastName: ..., SSN: ..., Phone: ..., DateIdentifiedRisk: ..., RiskLevel: ..., OutreachStatus: ..., VAMC: ...}, Object{ReachID: ..., FirstName: ..., MiddleName: ..., LastName: ..., SSN: ..., Phone: ..., DateIdentifiedRisk: ..., RiskLevel: ..., OutreachStatus: ..., VAMC: ...}, Object{ReachID: ..., FirstName: ..., MiddleName: ..., LastName: ..., SSN: ..., Phone: ..., DateIdentifiedRisk: ..., RiskLevel: ..., OutreachStatus: ..., VAMC: ...}, Object{ReachID: ..., FirstName: ..., MiddleName: ..., LastName: ..., SSN: ..., Phone: ..., DateIdentifiedRisk: ..., RiskLevel: ..., OutreachStatus: ..., VAMC: ...}, Object{ReachID: ..., FirstName: ..., MiddleName: ..., LastName: ..., SSN: ..., Phone: ..., DateIdentifiedRisk: ..., RiskLevel: ..., OutreachStatus: ..., VAMC: ...}, Object{ReachID: ..., FirstName: ..., MiddleName: ..., LastName: ..., SSN: ..., Phone: ..., DateIdentifiedRisk: ..., RiskLevel: ..., OutreachStatus: ..., VAMC: ...}, Object{ReachID: ..., FirstName: ..., MiddleName: ..., LastName: ..., SSN: ..., Phone: ..., DateIdentifiedRisk: ..., RiskLevel: ..., OutreachStatus: ..., VAMC: ...}, Object{ReachID: ..., FirstName: ..., MiddleName: ..., LastName: ..., SSN: ..., Phone: ..., DateIdentifiedRisk: ..., RiskLevel: ..., OutreachStatus: ..., VAMC: ...}, Object{ReachID: ..., FirstName: ..., MiddleName: ..., LastName: ..., SSN: ..., Phone: ..., DateIdentifiedRisk: ..., RiskLevel: ..., OutreachStatus: ..., VAMC: ...}, Object{ReachID: ..., FirstName: ..., MiddleName: ..., LastName: ..., SSN: ..., Phone: ..., DateIdentifiedRisk: ..., RiskLevel: ..., OutreachStatus: ..., VAMC: ...}, Object{ReachID: ..., FirstName: ..., MiddleName: ..., LastName: ..., SSN: ..., Phone: ..., DateIdentifiedRisk: ..., RiskLevel: ..., OutreachStatus: ..., VAMC: ...}, Object{ReachID: ..., FirstName: ..., MiddleName: ..., LastName: ..., SSN: ..., Phone: ..., DateIdentifiedRisk: ..., RiskLevel: ..., OutreachStatus: ..., VAMC: ...}, Object{ReachID: ..., FirstName: ..., MiddleName: ..., LastName: ..., SSN: ..., Phone: ..., DateIdentifiedRisk: ..., RiskLevel: ..., OutreachStatus: ..., VAMC: ...}, Object{ReachID: ..., FirstName: ..., MiddleName: ..., LastName: ..., SSN: ..., Phone: ..., DateIdentifiedRisk: ..., RiskLevel: ..., OutreachStatus: ..., VAMC: ...}, Object{ReachID: ..., FirstName: ..., MiddleName: ..., LastName: ..., SSN: ..., Phone: ..., DateIdentifiedRisk: ..., RiskLevel: ..., OutreachStatus: ..., VAMC: ...}, Object{ReachID: ..., FirstName: ..., MiddleName: ..., LastName: ..., SSN: ..., Phone: ..., DateIdentifiedRisk: ..., RiskLevel: ..., OutreachStatus: ..., VAMC: ...}, Object{ReachID: ..., FirstName: ..., MiddleName: ..., LastName: ..., SSN: ..., Phone: ..., DateIdentifiedRisk: ..., RiskLevel: ..., OutreachStatus: ..., VAMC: ...}, Object{ReachID: ..., FirstName: ..., MiddleName: ..., LastName: ..., SSN: ..., Phone: ..., DateIdentifiedRisk: ..., RiskLevel: ..., OutreachStatus: ..., VAMC: ...}, Object{ReachID: ..., FirstName: ..., MiddleName: ..., LastName: ..., SSN: ..., Phone: ..., DateIdentifiedRisk: ..., RiskLevel: ..., OutreachStatus: ..., VAMC: ...}, Object{ReachID: ..., FirstName: ..., MiddleName: ..., LastName: ..., SSN: ..., Phone: ..., DateIdentifiedRisk: ..., RiskLevel: ..., OutreachStatus: ..., VAMC: ...}, Object{ReachID: ..., FirstName: ..., MiddleName: ..., LastName: ..., SSN: ..., Phone: ..., DateIdentifiedRisk: ..., RiskLevel: ..., OutreachStatus: ..., VAMC: ...}, Object{ReachID: ..., FirstName: ..., MiddleName: ..., LastName: ..., SSN: ..., Phone: ..., DateIdentifiedRisk: ..., RiskLevel: ..., OutreachStatus: ..., VAMC: ...}, Object{ReachID: ..., FirstName: ..., MiddleName: ..., LastName: ..., SSN: ..., Phone: ..., DateIdentifiedRisk: ..., RiskLevel: ..., OutreachStatus: ..., VAMC: ...}, Object{ReachID: ..., FirstName: ..., MiddleName: ..., LastName: ..., SSN: ..., Phone: ..., DateIdentifiedRisk: ..., RiskLevel: ..., OutreachStatus: ..., VAMC: ...}, Object{ReachID: ..., FirstName: ..., MiddleName: ..., LastName: ..., SSN: ..., Phone: ..., DateIdentifiedRisk: ..., RiskLevel: ..., OutreachStatus: ..., VAMC: ...}, Object{ReachID: ..., FirstName: ..., MiddleName: ..., LastName: ..., SSN: ..., Phone: ..., DateIdentifiedRisk: ..., RiskLevel: ..., OutreachStatus: ..., VAMC: ...}, Object{ReachID: ..., FirstName: ..., MiddleName: ..., LastName: ..., SSN: ..., Phone: ..., DateIdentifiedRisk: ..., RiskLevel: ..., OutreachStatus: ..., VAMC: ...}, Object{ReachID: ..., FirstName: ..., MiddleName: ..., LastName: ..., SSN: ..., Phone: ..., DateIdentifiedRisk: ..., RiskLevel: ..., OutreachStatus: ..., VAMC
[...]
atus: null, VAMC: '(V01) (402) Togus, ME'}, 496921: Object{ReachID: 496921, FirstName: 'Vet*', MiddleName: 'N', LastName: 'Veteran_*', SSN: 'xxx-xx-9364', Phone: '(800) 555-1365', DateIdentifiedRisk: '6/12/2006', RiskLevel: 'High', OutreachStatus: null, VAMC: '(V01) (402) Togus, ME'}, 543387: Object{ReachID: 543387, FirstName: 'Vet*', MiddleName: 'I', LastName: 'Veteran_*', SSN: 'xxx-xx-2406', Phone: '(800) 555-8481', DateIdentifiedRisk: '3/8/2005', RiskLevel: 'High', OutreachStatus: null, VAMC: '(V01) (402) Togus, ME'}, 543423: Object{ReachID: 543423, FirstName: 'Vet*', MiddleName: 'H', LastName: 'Veteran_*', SSN: 'xxx-xx-0066', Phone: '(800) 555-4677', DateIdentifiedRisk: '8/13/2004', RiskLevel: 'High', OutreachStatus: null, VAMC: '(V01) (402) Togus, ME'}, 544781: Object{ReachID: 544781, FirstName: 'Vet*', MiddleName: 'M', LastName: 'Veteran_*', SSN: 'xxx-xx-2994', Phone: '(800) 555-8510', DateIdentifiedRisk: '4/19/1997', RiskLevel: 'High', OutreachStatus: null, VAMC: '(V01) (402) Togus, ME'}, 545084: Object{ReachID: 545084, FirstName: 'Vet*', MiddleName: 'M', LastName: 'Veteran_*', SSN: 'xxx-xx-8501', Phone: '(800) 555-6291', DateIdentifiedRisk: '4/5/1999', RiskLevel: 'High', OutreachStatus: null, VAMC: '(V01) (402) Togus, ME'}, 549885: Object{ReachID: 549885, FirstName: 'Vet*', MiddleName: 'B', LastName: 'Veteran_*', SSN: 'xxx-xx-0836', Phone: '(800) 555-2505', DateIdentifiedRisk: '8/9/2013', RiskLevel: 'High', OutreachStatus: null, VAMC: '(V01) (402) Togus, ME'}, 572386: Object{ReachID: 572386, FirstName: 'Vet*', MiddleName: 'L', LastName: 'Veteran_*', SSN: 'xxx-xx-0472', Phone: '(800) 555-1528', DateIdentifiedRisk: '4/10/2013', RiskLevel: 'High', OutreachStatus: null, VAMC: '(V01) (402) Togus, ME'}, 573175: Object{ReachID: 573175, FirstName: 'Vet*', MiddleName: 'K', LastName: 'Veteran_*', SSN: 'xxx-xx-0688', Phone: '(800) 555-0784', DateIdentifiedRisk: '1/6/2004', RiskLevel: 'High', OutreachStatus: null, VAMC: '(V01) (402) Togus, ME'}, 575367: Object{ReachID: 575367, FirstName: 'Vet*', MiddleName: 'O', LastName: 'Veteran_*', SSN: 'xxx-xx-3020', Phone: '(800) 555-7915', DateIdentifiedRisk: '2/27/2006', RiskLevel: 'High', OutreachStatus: null, VAMC: '(V01) (402) Togus, ME'}, 684790: Object{ReachID: 684790, FirstName: 'Vet*', MiddleName: 'L', LastName: 'Veteran_*', SSN: 'xxx-xx-9960', Phone: '(800) 555-2770', DateIdentifiedRisk: '12/24/2005', RiskLevel: 'High', OutreachStatus: null, VAMC: '(V01) (402) Togus, ME'}, 688033: Object{ReachID: 688033, FirstName: 'Vet*', MiddleName: 'F', LastName: 'Veteran_*', SSN: 'xxx-xx-7911', Phone: '(800) 555-0725', DateIdentifiedRisk: '12/9/2006', RiskLevel: 'High', OutreachStatus: null, VAMC: '(V01) (402) Togus, ME'}, 688919: Object{ReachID: 688919, FirstName: 'Vet*', MiddleName: 'U', LastName: 'Veteran_*', SSN: 'xxx-xx-2372', Phone: '(800) 555-1623', DateIdentifiedRisk: '5/30/2009', RiskLevel: 'High', OutreachStatus: null, VAMC: '(V01) (402) Togus, ME'}, 726627: Object{ReachID: 726627, FirstName: 'Vet*', MiddleName: 'H', LastName: 'Veteran_*', SSN: 'xxx-xx-0496', Phone: '(800) 555-4265', DateIdentifiedRisk: '1/29/2007', RiskLevel: 'High', OutreachStatus: null, VAMC: '(V01) (402) Togus, ME'}, 730383: Object{ReachID: 730383, FirstName: 'Vet*', MiddleName: 'Z', LastName: 'Veteran_*', SSN: 'xxx-xx-2975', Phone: '(800) 555-2440', DateIdentifiedRisk: '12/7/2003', RiskLevel: 'High', OutreachStatus: null, VAMC: '(V01) (402) Togus, ME'}, 731522: Object{ReachID: 731522, FirstName: 'Vet*', MiddleName: 'L', LastName: 'Veteran_*', SSN: 'xxx-xx-1174', Phone: '(800) 555-2700', DateIdentifiedRisk: '11/16/2003', RiskLevel: 'High', OutreachStatus: null, VAMC: '(V01) (402) Togus, ME'}, 731576: Object{ReachID: 731576, FirstName: 'Vet*', MiddleName: 'U', LastName: 'Veteran_*', SSN: 'xxx-xx-0562', Phone: '(800) 555-4383', DateIdentifiedRisk: '7/9/2009', RiskLevel: 'High', OutreachStatus: null, VAMC: '(V01) (402) Togus, ME'}, 806728: Object{ReachID: 806728, FirstName: 'Vet*', MiddleName: 'V', LastName: 'Veteran_*', SSN: 'xxx-xx-4216', Phone: '(800) 555-4885', DateIdentifiedRisk: '5/6/2011', RiskLevel: 'High', OutreachStatus: null, VAMC: '(V01) (402) Togus, ME'}, 812683: Object{ReachID: 812683, FirstName: 'Vet*', MiddleName: 'C', LastName: 'Veteran_*', SSN: 'xxx-xx-8905', Phone: '(800) 555-8047', DateIdentifiedRisk: '3/16/1997', RiskLevel: 'High', OutreachStatus: null, VAMC: '(V01) (402) Togus, ME'}, 816132: Object{ReachID: 816132, FirstName: 'Vet*', MiddleName: 'H', LastName: 'Veteran_*', SSN: 'xxx-xx-2785', Phone: '(800) 555-2149', DateIdentifiedRisk: '2/28/1998', RiskLevel: 'High', OutreachStatus: null, VAMC: '(V01) (402) Togus, ME'}, 816292: Object{ReachID: 816292, FirstName: 'Vet*', MiddleName: 'M', LastName: 'Veteran_*', SSN: 'xxx-xx-3175', Phone: '(800) 555-2428', DateIdentifiedRisk: '6/27/2006', RiskLevel: 'High', OutreachStatus: null, VAMC: '(V01) (402) Togus, ME'}, 890393: Object{ReachID: 890393, FirstName: 'Vet*', MiddleName: 'K', LastName: 'Veteran_*', SSN: 'xxx-xx-6705', Phone: '(800) 555-3888', DateIdentifiedRisk: '5/12/1996', RiskLevel: 'High', OutreachStatus: null, VAMC: '(V01) (402) Togus, ME'}, 894498: Object{ReachID: 894498, FirstName: 'Vet*', MiddleName: 'P', LastName: 'Veteran_*', SSN: 'xxx-xx-2974', Phone: '(800) 555-6308', DateIdentifiedRisk: '8/29/2008', RiskLevel: 'High', OutreachStatus: null, VAMC: '(V01) (402) Togus, ME'}, 894877: Object{ReachID: 894877, FirstName: 'Vet*', MiddleName: 'B', LastName: 'Veteran_*', SSN: 'xxx-xx-0849', Phone: '(800) 555-7588', DateIdentifiedRisk: '2/18/2011', RiskLevel: 'High', OutreachStatus: null, VAMC: '(V01) (402) Togus, ME'}, 897608: Object{ReachID: 897608, FirstName: 'Vet*', MiddleName: 'S', LastName: 'Veteran_*', SSN: 'xxx-xx-6475', Phone: '(800) 555-6488', DateIdentifiedRisk: '7/23/2014', RiskLevel: 'High', OutreachStatus: null, VAMC: '(V01) (402) Togus, ME'}, 930323: Object{ReachID: 930323, FirstName: 'Vet*', MiddleName: 'U', LastName: 'Veteran_*', SSN: 'xxx-xx-2816', Phone: '(800) 555-8654', DateIdentifiedRisk: '7/28/1998', RiskLevel: 'High', OutreachStatus: null, VAMC: '(V01) (402) Togus, ME'}, 930336: Object{ReachID: 930336, FirstName: 'Vet*', MiddleName: 'A', LastName: 'Veteran_*', SSN: 'xxx-xx-0274', Phone: '(800) 555-9138', DateIdentifiedRisk: '7/4/2004', RiskLevel: 'High', OutreachStatus: 2, VAMC: '(V01) (402) Togus, ME'}, 931568: Object{ReachID: 931568, FirstName: 'Vet*', MiddleName: 'D', LastName: 'Veteran_*', SSN: 'xxx-xx-8727', Phone: '(800) 555-0199', DateIdentifiedRisk: '1/16/2014', RiskLevel: 'High', OutreachStatus: null, VAMC: '(V01) (402) Togus, ME'}, 932216: Object{ReachID: 932216, FirstName: 'Vet*', MiddleName: 'W', LastName: 'Veteran_*', SSN: 'xxx-xx-7725', Phone: '(800) 555-9593', DateIdentifiedRisk: '8/28/1996', RiskLevel: 'High', OutreachStatus: null, VAMC: '(V01) (402) Togus, ME'}, 934655: Object{ReachID: 934655, FirstName: 'Vet*', MiddleName: 'H', LastName: 'Veteran_*', SSN: 'xxx-xx-3263', Phone: '(800) 555-8736', DateIdentifiedRisk: '7/6/2008', RiskLevel: 'High', OutreachStatus: null, VAMC: '(V01) (402) Togus, ME'}, 934742: Object{ReachID: 934742, FirstName: 'Vet*', MiddleName: 'A', LastName: 'Veteran_*', SSN: 'xxx-xx-5874', Phone: '(800) 555-7716', DateIdentifiedRisk: '10/11/2013', RiskLevel: 'High', OutreachStatus: null, VAMC: '(V01) (402) Togus, ME'}, 935157: Object{ReachID: 935157, FirstName: 'Vet*', MiddleName: 'A', LastName: 'Veteran_*', SSN: 'xxx-xx-2526', Phone: '(800) 555-9760', DateIdentifiedRisk: '2/23/2010', RiskLevel: 'High', OutreachStatus: null, VAMC: '(V01) (402) Togus, ME'}, 935484: Object{ReachID: 935484, FirstName: 'Vet*', MiddleName: 'O', LastName: 'Veteran_*', SSN: 'xxx-xx-4121', Phone: '(800) 555-0694', DateIdentifiedRisk: '7/17/1997', RiskLevel: 'High', OutreachStatus: null, VAMC: '(V01) (402) Togus, ME'}, 936607: Object{ReachID: 936607, FirstName: 'Vet*', MiddleName: 'E', LastName: 'Veteran_*', SSN: 'xxx-xx-5849', Phone: '(800) 555-1492', DateIdentifiedRisk: '10/6/2001', RiskLevel: 'High', OutreachStatus: null, VAMC: '(V01) (402) Togus, ME'}, 938024: Object{ReachID: 938024, FirstName: 'Vet*', MiddleName: 'A', LastName: 'Veteran_*', SSN: 'xxx-xx-4298', Phone: '(800) 555-6461', DateIdentifiedRisk: '8/27/2012', RiskLevel: 'High', OutreachStatus: null, VAMC: '(V01) (402) Togus, ME'}, 973878: Object{ReachID: 973878, FirstName: 'Vet*', MiddleName: 'T', LastName: 'Veteran_*', SSN: 'xxx-xx-9837', Phone: '(800) 555-1924', DateIdentifiedRisk: '3/22/2007', RiskLevel: 'High', OutreachStatus: null, VAMC: '(V01) (402) Togus, ME'}, 979167: Object{ReachID: 979167, FirstName: 'Vet*', MiddleName: 'N', LastName: 'Veteran_*', SSN: 'xxx-xx-7522', Phone: '(800) 555-8043', DateIdentifiedRisk: '11/11/2000', RiskLevel: 'High', OutreachStatus: null, VAMC: '(V01) (402) Togus, ME'}, 979236: Object{ReachID: 979236, FirstName: 'Vet*', MiddleName: 'Z', LastName: 'Veteran_*', SSN: 'xxx-xx-9461', Phone: '(800) 555-4724', DateIdentifiedRisk: '7/12/1999', RiskLevel: 'High', OutreachStatus: null, VAMC: '(V01) (402) Togus, ME'}, 336201: Object{ReachID: 336201, FirstName: 'Vet*', MiddleName: 'R', LastName: 'Veteran_*', SSN: 'xxx-xx-9474', Phone: '(800) 555-0359', DateIdentifiedRisk: '5/18/2011', RiskLevel: 'High', OutreachStatus: null, VAMC: '(V01) (402) Togus, ME'}, 339612: Object{ReachID: 339612, FirstName: 'Vet*', MiddleName: 'I', LastName: 'Veteran_*', SSN: 'xxx-xx-9440', Phone: '(800) 555-0921', DateIdentifiedRisk: '4/24/2006', RiskLevel: 'High', OutreachStatus: null, VAMC: '(V01) (402) Togus, ME'}, 379990: Object{ReachID: 379990, FirstName: 'Vet*', MiddleName: 'X', LastName: 'Veteran_*', SSN: 'xxx-xx-2171', Phone: '(800) 555-8433', DateIdentifiedRisk: '5/14/2007', RiskLevel: 'High', OutreachStatus: null, VAMC: '(V01) (402) Togus, ME'}, 383507: Object{ReachID: 383507, FirstName: 'Vet*', MiddleName: 'S', LastName: 'Veteran_*', SSN: 'xxx-xx-7889', Phone: '(800) 555-4067', DateIdentifiedRisk: '3/24/2009', RiskLevel: 'High', OutreachStatus: null, VAMC: '(V01) (402) Togus, ME'}, 383730: Object{ReachID: 383730, FirstName: 'Vet*', MiddleName: 'O', LastName: 'Veteran_*', SSN: 'xxx-xx-8600', Phone: '(800) 555-2379', DateIdentifiedRisk: '5/2/2013', RiskLevel: 'High', OutreachStatus: null, VAMC: '(V01) (402) Togus, ME'}, 386007: Object{ReachID: 386007, FirstName: 'Vet*', MiddleName: 'P', LastName: 'Veteran_*', SSN: 'xxx-xx-7596', Phone: '(800) 555-3555', DateIdentifiedRisk: '6/4/2004', RiskLevel: 'High', OutreachStatus: null, VAMC: '(V01) (402) Togus, ME'}, 419660: Object{ReachID: 419660, FirstName: 'Vet*', MiddleName: 'T', LastName: 'Veteran_*', SSN: 'xxx-xx-3245', Phone: '(800) 555-5153', DateIdentifiedRisk: '10/12/2011', RiskLevel: 'High', OutreachStatus: null, VAMC: '(V01) (402) Togus, ME'}, 420222: Object{ReachID: 420222, FirstName: 'Vet*', MiddleName: 'C', LastName: 'Veteran_*', SSN: 'xxx-xx-0754', Phone: '(800) 555-7584', DateIdentifiedRisk: '1/30/2013', RiskLevel: 'High', OutreachStatus: null, VAMC: '(V01) (402) Togus, ME'}, 461862: Object{ReachID: 461862, FirstName: 'Vet*', MiddleName: 'X', LastName: 'Veteran_*', SSN: 'xxx-xx-6829', Phone: '(800) 555-6636', DateIdentifiedRisk: '1/29/2003', RiskLevel: 'High', OutreachStatus: null, VAMC: '(V01) (402) Togus, ME'}, 462683: Object{ReachID: 462683, FirstName: 'Vet*', MiddleName: 'V', LastName: 'Veteran_*', SSN: 'xxx-xx-7052', Phone: '(800) 555-3292', DateIdentifiedRisk: '10/30/1996', RiskLevel: 'High', OutreachStatus: null, VAMC: '(V01) (402) Togus, ME'}, 503630: Object{ReachID: 503630, FirstName: 'Vet*', MiddleName: 'V', LastName: 'Veteran_*', SSN: 'xxx-xx-6002', Phone: '(800) 555-3032', DateIdentifiedRisk: '7/16/1998', RiskLevel: 'High', OutreachStatus: null, VAMC: '(V01) (402) Togus, ME'}, 503681: Object{ReachID: 503681, FirstName: 'Vet*', MiddleName: 'M', LastName: 'Veteran_*', SSN: 'xxx-xx-3546', Phone: '(800) 555-1571', DateIdentifiedRisk: '8/31/2011', RiskLevel: 'High', OutreachStatus: null, VAMC: '(V01) (402) Togus, ME'}, 507058: Object{ReachID: 507058, FirstName: 'Vet*', MiddleName: 'K', LastName: 'Veteran_*', SSN: 'xxx-xx-6874', Phone: '(800) 555-3463', DateIdentifiedRisk: '8/22/2000', RiskLevel: 'High', OutreachStatus: null, VAMC: '(V01) (402) Togus, ME'}, 508659: Object{ReachID: 508659, FirstName: 'Vet*', MiddleName: 'E', LastName: 'Veteran_*', SSN: 'xxx-xx-6702', Phone: '(800) 555-3022', DateIdentifiedRisk: '4/3/2006', RiskLevel: 'High', OutreachStatus: null, VAMC: '(V01) (402) Togus, ME'}, 531388: Object{ReachID: 531388, FirstName: 'Vet*', MiddleName: 'X', LastName: 'Veteran_*', SSN: 'xxx-xx-8405', Phone: '(800) 555-1558', DateIdentifiedRisk: '6/16/1999', RiskLevel: 'High', OutreachStatus: null, VAMC: '(V01) (402) Togus, ME'}, 538209: Object{ReachID: 538209, FirstName: 'Vet*', MiddleName: 'J', LastName: 'Veteran_*', SSN: 'xxx-xx-0281', Phone: '(800) 555-2216', DateIdentifiedRisk: '7/29/2000', RiskLevel: 'High', OutreachStatus: null, VAMC: '(V01) (402) Togus, ME'}, 583580: Object{ReachID: 583580, FirstName: 'Vet*', MiddleName: 'I', LastName: 'Veteran_*', SSN: 'xxx-xx-7979', Phone: '(800) 555-3511', DateIdentifiedRisk: '1/14/2004', RiskLevel: 'High', OutreachStatus: null, VAMC: '(V01) (402) Togus, ME'}, 584370: Object{ReachID: 584370, FirstName: 'Vet*', MiddleName: 'K', LastName: 'Veteran_*', SSN: 'xxx-xx-1438', Phone: '(800) 555-2400', DateIdentifiedRisk: '1/23/2014', RiskLevel: 'High', OutreachStatus: null, VAMC: '(V01) (402) Togus, ME'}, 587016: Object{ReachID: 587016, FirstName: 'Vet*', MiddleName: 'B', LastName: 'Veteran_*', SSN: 'xxx-xx-4747', Phone: '(800) 555-7448', DateIdentifiedRisk: '8/31/2006', RiskLevel: 'High', OutreachStatus: null, VAMC: '(V01) (402) Togus, ME'}, 627774: Object{ReachID: 627774, FirstName: 'Vet*', MiddleName: 'P', LastName: 'Veteran_*', SSN: 'xxx-xx-1957', Phone: '(800) 555-0508', DateIdentifiedRisk: '6/3/2014', RiskLevel: 'High', OutreachStatus: null, VAMC: '(V01) (402) Togus, ME'}, 628706: Object{ReachID: 628706, FirstName: 'Vet*', MiddleName: 'K', LastName: 'Veteran_*', SSN: 'xxx-xx-8086', Phone: '(800) 555-5127', DateIdentifiedRisk: '11/25/2000', RiskLevel: 'High', OutreachStatus: null, VAMC: '(V01) (402) Togus, ME'}, 645451: Object{ReachID: 645451, FirstName: 'Vet*', MiddleName: 'T', LastName: 'Veteran_*', SSN: 'xxx-xx-9160', Phone: '(800) 555-5034', DateIdentifiedRisk: '8/20/2013', RiskLevel: 'High', OutreachStatus: null, VAMC: '(V01) (402) Togus, ME'}, 647981: Object{ReachID: 647981, FirstName: 'Vet*', MiddleName: 'N', LastName: 'Veteran_*', SSN: 'xxx-xx-8157', Phone: '(800) 555-7544', DateIdentifiedRisk: '4/9/2008', RiskLevel: 'High', OutreachStatus: null, VAMC: '(V01) (402) Togus, ME'}, 27939: Object{ReachID: 27939, FirstName: 'Vet27940', MiddleName: 'S', LastName: 'Veteran_27940', SSN: 'xxx-xx-7690', Phone: '(800) 555-6189', DateIdentifiedRisk: '12/8/2012', RiskLevel: 'High', OutreachStatus: null, VAMC: '(V01) (402) Togus, ME'}, 34965: Object{ReachID: 34965, FirstName: 'Vet34966', MiddleName: 'R', LastName: 'Veteran_34966', SSN: 'xxx-xx-1539', Phone: '(800) 555-5131', DateIdentifiedRisk: '4/1/2008', RiskLevel: 'High', OutreachStatus: null, VAMC: '(V01) (402) Togus, ME'}, 46631: Object{ReachID: 46631, FirstName: 'Vet46632', MiddleName: 'B', LastName: 'Veteran_46632', SSN: 'xxx-xx-2892', Phone: '(800) 555-1796', DateIdentifiedRisk: '5/7/2010', RiskLevel: 'High', OutreachStatus: null, VAMC: '(V01) (402) Togus, ME'}, 50105: Object{ReachID: 50105, FirstName: 'Vet50106', MiddleName: 'E', LastName: 'Veteran_50106', SSN: 'xxx-xx-9534', Phone: '(800) 555-9805', DateIdentifiedRisk: '5/14/2012', RiskLevel: 'High', OutreachStatus: null, VAMC: '(V01) (402) Togus, ME'}, 51185: Object{ReachID: 51185, FirstName: 'Vet51186', MiddleName: 'F', LastName: 'Veteran_51186', SSN: 'xxx-xx-6791', Phone: '(800) 555-3195', DateIdentifiedRisk: '12/13/1998', RiskLevel: 'High', OutreachStatus: null, VAMC: '(V01) (402) Togus, ME'}, 113212: Object{ReachID: 113212, FirstName: 'Vet*', MiddleName: 'F', LastName: 'Veteran_*', SSN: 'xxx-xx-8655', Phone: '(800) 555-3671', DateIdentifiedRisk: '6/2/1996', RiskLevel: 'High', OutreachStatus: null, VAMC: '(V01) (402) Togus, ME'}, 113848: Object{ReachID: 113848, FirstName: 'Vet*', MiddleName: 'B', LastName: 'Veteran_*', SSN: 'xxx-xx-0413', Phone: '(800) 555-4761', DateIdentifiedRisk: '12/15/2003', RiskLevel: 'High', OutreachStatus: null, VAMC: '(V01) (402) Togus, ME'}, 116034: Object{ReachID: 116034, FirstName: 'Vet*', MiddleName: 'J', LastName: 'Veteran_*', SSN: 'xxx-xx-9284', Phone: '(800) 555-6842', DateIdentifiedRisk: '12/25/2000', RiskLevel: 'High', OutreachStatus: null, VAMC: '(V01) (402) Togus, ME'}, 173684: Object{ReachID: 173684, FirstName: 'Vet*', MiddleName: 'V', LastName: 'Veteran_*', SSN: 'xxx-xx-4739', Phone: '(800) 555-4228', DateIdentifiedRisk: '7/28/1999', RiskLevel: 'High', OutreachStatus: null, VAMC: '(V01) (402) Togus, ME'}, 177045: Object{ReachID: 177045, FirstName: 'Vet*', MiddleName: 'T', LastName: 'Veteran_*', SSN: 'xxx-xx-9645', Phone: '(800) 555-9326', DateIdentifiedRisk: '12/26/2003', RiskLevel: 'High', OutreachStatus: null, VAMC: '(V01) (402) Togus, ME'}, 177131: Object{ReachID: 177131, FirstName: 'Vet*', MiddleName: 'U', LastName: 'Veteran_*', SSN: 'xxx-xx-9710', Phone: '(800) 555-5072', DateIdentifiedRisk: '11/13/2012', RiskLevel: 'High', OutreachStatus: null, VAMC: '(V01) (402) Togus, ME'}, 178344: Object{ReachID: 178344, FirstName: 'Vet*', MiddleName: 'V', LastName: 'Veteran_*', SSN: 'xxx-xx-7542', Phone: '(800) 555-8789', DateIdentifiedRisk: '8/11/2007', RiskLevel: 'High', OutreachStatus: null, VAMC: '(V01) (402) Togus, ME'}, 178364: Object{ReachID: 178364, FirstName: 'Vet*', MiddleName: 'B', LastName: 'Veteran_*', SSN: 'xxx-xx-1076', Phone: '(800) 555-8439', DateIdentifiedRisk: '10/9/1999', RiskLevel: 'High', OutreachStatus: null, VAMC: '(V01) (402) Togus, ME'}, 216730: Object{ReachID: 216730, FirstName: 'Vet*', MiddleName: 'G', LastName: 'Veteran_*', SSN: 'xxx-xx-8125', Phone: '(800) 555-1099', DateIdentifiedRisk: '12/5/1999', RiskLevel: 'High', OutreachStatus: null, VAMC: '(V01) (402) Togus, ME'}, 217273: Object{ReachID: 217273, FirstName: 'Vet*', MiddleName: 'B', LastName: 'Veteran_*', SSN: 'xxx-xx-2416', Phone: '(800) 555-6886', DateIdentifiedRisk: '8/19/1997', RiskLevel: 'High', OutreachStatus: null, VAMC: '(V01) (402) Togus, ME'}, 222372: Object{ReachID: 222372, FirstName: 'Vet*', MiddleName: 'Q', LastName: 'Veteran_*', SSN: 'xxx-xx-1166', Phone: '(800) 555-2173', DateIdentifiedRisk: '7/13/2013', RiskLevel: 'High', OutreachStatus: null, VAMC: '(V01) (402) Togus, ME'}, 256386: Object{ReachID: 256386, FirstName: 'Vet*', MiddleName: 'H', LastName: 'Veteran_*', SSN: 'xxx-xx-6663', Phone: '(800) 555-6076', DateIdentifiedRisk: '12/1/2008', RiskLevel: 'High', OutreachStatus: null, VAMC: '(V01) (402) Togus, ME'}, 256489: Object{ReachID: 256489, FirstName: 'Vet*', MiddleName: 'L', LastName: 'Veteran_*', SSN: 'xxx-xx-8931', Phone: '(800) 555-1367', DateIdentifiedRisk: '5/30/2011', RiskLevel: 'High', OutreachStatus: null, VAMC: '(V01) (402) Togus, ME'}, 259338: Object{ReachID: 259338, FirstName: 'Vet*', MiddleName: 'O', LastName: 'Veteran_*', SSN: 'xxx-xx-7722', Phone: '(800) 555-2425', DateIdentifiedRisk: '4/15/1999', RiskLevel: 'High', OutreachStatus: null, VAMC: '(V01) (402) Togus, ME'}, 260721: Object{ReachID: 260721, FirstName: 'Vet*', MiddleName: 'H', LastName: 'Veteran_*', SSN: 'xxx-xx-6052', Phone: '(800) 555-1297', DateIdentifiedRisk: '6/13/2005', RiskLevel: 'High', OutreachStatus: null, VAMC: '(V01) (402) Togus, ME'}, 262510: Object{ReachID: 262510, FirstName: 'Vet*', MiddleName: 'X', LastName: 'Veteran_*', SSN: 'xxx-xx-5704', Phone: '(800) 555-7325', DateIdentifiedRisk: '1/2/2003', RiskLevel: 'High', OutreachStatus: null, VAMC: '(V01) (402) Togus, ME'}, 263352: Object{ReachID: 263352, FirstName: 'Vet*', MiddleName: 'H', LastName: 'Veteran_*', SSN: 'xxx-xx-6261', Phone: '(800) 555-7254', DateIdentifiedRisk: '7/5/2007', RiskLevel: 'High', OutreachStatus: null, VAMC: '(V01) (402) Togus, ME'}, undefined: 'object:2394'}

]]></system-out>
    <system-err/>
  </testsuite>
</testsuites>
